<?xml version="1.0" encoding="UTF-8"?>
<testsuite xmlns:xsi="http://www.w3.org/2001/XMLSchema-instance" xsi:noNamespaceSchemaLocation="https://maven.apache.org/surefire/maven-surefire-plugin/xsd/surefire-test-report.xsd" version="3.0.2" name="com.aniview.authusers.AniviewAuthUsersApplicationTests" time="9.203" tests="1" errors="0" skipped="0" failures="0">
  <properties>
    <property name="java.specification.version" value="23"/>
    <property name="sun.cpu.isalist" value="amd64"/>
    <property name="sun.jnu.encoding" value="Cp1252"/>
    <property name="java.class.path" value="C:\Users\Saiko\Desktop\class\PGV\AniviewAuthUsers\target\test-classes;C:\Users\Saiko\Desktop\class\PGV\AniviewAuthUsers\target\classes;C:\Users\Saiko\.m2\repository\org\springframework\boot\spring-boot-starter-data-jpa\3.4.1\spring-boot-starter-data-jpa-3.4.1.jar;C:\Users\Saiko\.m2\repository\org\springframework\boot\spring-boot-starter\3.4.1\spring-boot-starter-3.4.1.jar;C:\Users\Saiko\.m2\repository\org\springframework\boot\spring-boot\3.4.1\spring-boot-3.4.1.jar;C:\Users\Saiko\.m2\repository\org\springframework\boot\spring-boot-autoconfigure\3.4.1\spring-boot-autoconfigure-3.4.1.jar;C:\Users\Saiko\.m2\repository\org\springframework\boot\spring-boot-starter-logging\3.4.1\spring-boot-starter-logging-3.4.1.jar;C:\Users\Saiko\.m2\repository\ch\qos\logback\logback-classic\1.5.12\logback-classic-1.5.12.jar;C:\Users\Saiko\.m2\repository\ch\qos\logback\logback-core\1.5.12\logback-core-1.5.12.jar;C:\Users\Saiko\.m2\repository\org\apache\logging\log4j\log4j-to-slf4j\2.24.3\log4j-to-slf4j-2.24.3.jar;C:\Users\Saiko\.m2\repository\org\apache\logging\log4j\log4j-api\2.24.3\log4j-api-2.24.3.jar;C:\Users\Saiko\.m2\repository\org\slf4j\jul-to-slf4j\2.0.16\jul-to-slf4j-2.0.16.jar;C:\Users\Saiko\.m2\repository\jakarta\annotation\jakarta.annotation-api\2.1.1\jakarta.annotation-api-2.1.1.jar;C:\Users\Saiko\.m2\repository\org\yaml\snakeyaml\2.3\snakeyaml-2.3.jar;C:\Users\Saiko\.m2\repository\org\springframework\boot\spring-boot-starter-jdbc\3.4.1\spring-boot-starter-jdbc-3.4.1.jar;C:\Users\Saiko\.m2\repository\com\zaxxer\HikariCP\5.1.0\HikariCP-5.1.0.jar;C:\Users\Saiko\.m2\repository\org\springframework\spring-jdbc\6.2.1\spring-jdbc-6.2.1.jar;C:\Users\Saiko\.m2\repository\org\hibernate\orm\hibernate-core\6.6.4.Final\hibernate-core-6.6.4.Final.jar;C:\Users\Saiko\.m2\repository\jakarta\persistence\jakarta.persistence-api\3.1.0\jakarta.persistence-api-3.1.0.jar;C:\Users\Saiko\.m2\repository\jakarta\transaction\jakarta.transaction-api\2.0.1\jakarta.transaction-api-2.0.1.jar;C:\Users\Saiko\.m2\repository\org\jboss\logging\jboss-logging\3.6.1.Final\jboss-logging-3.6.1.Final.jar;C:\Users\Saiko\.m2\repository\org\hibernate\common\hibernate-commons-annotations\7.0.3.Final\hibernate-commons-annotations-7.0.3.Final.jar;C:\Users\Saiko\.m2\repository\io\smallrye\jandex\3.2.0\jandex-3.2.0.jar;C:\Users\Saiko\.m2\repository\com\fasterxml\classmate\1.7.0\classmate-1.7.0.jar;C:\Users\Saiko\.m2\repository\net\bytebuddy\byte-buddy\1.15.11\byte-buddy-1.15.11.jar;C:\Users\Saiko\.m2\repository\org\glassfish\jaxb\jaxb-runtime\4.0.5\jaxb-runtime-4.0.5.jar;C:\Users\Saiko\.m2\repository\org\glassfish\jaxb\jaxb-core\4.0.5\jaxb-core-4.0.5.jar;C:\Users\Saiko\.m2\repository\org\eclipse\angus\angus-activation\2.0.2\angus-activation-2.0.2.jar;C:\Users\Saiko\.m2\repository\org\glassfish\jaxb\txw2\4.0.5\txw2-4.0.5.jar;C:\Users\Saiko\.m2\repository\com\sun\istack\istack-commons-runtime\4.1.2\istack-commons-runtime-4.1.2.jar;C:\Users\Saiko\.m2\repository\jakarta\inject\jakarta.inject-api\2.0.1\jakarta.inject-api-2.0.1.jar;C:\Users\Saiko\.m2\repository\org\antlr\antlr4-runtime\4.13.0\antlr4-runtime-4.13.0.jar;C:\Users\Saiko\.m2\repository\org\springframework\data\spring-data-jpa\3.4.1\spring-data-jpa-3.4.1.jar;C:\Users\Saiko\.m2\repository\org\springframework\data\spring-data-commons\3.4.1\spring-data-commons-3.4.1.jar;C:\Users\Saiko\.m2\repository\org\springframework\spring-orm\6.2.1\spring-orm-6.2.1.jar;C:\Users\Saiko\.m2\repository\org\springframework\spring-context\6.2.1\spring-context-6.2.1.jar;C:\Users\Saiko\.m2\repository\org\springframework\spring-tx\6.2.1\spring-tx-6.2.1.jar;C:\Users\Saiko\.m2\repository\org\springframework\spring-beans\6.2.1\spring-beans-6.2.1.jar;C:\Users\Saiko\.m2\repository\org\slf4j\slf4j-api\2.0.16\slf4j-api-2.0.16.jar;C:\Users\Saiko\.m2\repository\org\springframework\spring-aspects\6.2.1\spring-aspects-6.2.1.jar;C:\Users\Saiko\.m2\repository\org\aspectj\aspectjweaver\1.9.22.1\aspectjweaver-1.9.22.1.jar;C:\Users\Saiko\.m2\repository\org\springframework\boot\spring-boot-starter-security\3.4.1\spring-boot-starter-security-3.4.1.jar;C:\Users\Saiko\.m2\repository\org\springframework\spring-aop\6.2.1\spring-aop-6.2.1.jar;C:\Users\Saiko\.m2\repository\org\springframework\security\spring-security-config\6.4.2\spring-security-config-6.4.2.jar;C:\Users\Saiko\.m2\repository\org\springframework\security\spring-security-web\6.4.2\spring-security-web-6.4.2.jar;C:\Users\Saiko\.m2\repository\org\springframework\spring-expression\6.2.1\spring-expression-6.2.1.jar;C:\Users\Saiko\.m2\repository\org\springframework\boot\spring-boot-starter-web\3.4.1\spring-boot-starter-web-3.4.1.jar;C:\Users\Saiko\.m2\repository\org\springframework\boot\spring-boot-starter-json\3.4.1\spring-boot-starter-json-3.4.1.jar;C:\Users\Saiko\.m2\repository\com\fasterxml\jackson\datatype\jackson-datatype-jdk8\2.18.2\jackson-datatype-jdk8-2.18.2.jar;C:\Users\Saiko\.m2\repository\com\fasterxml\jackson\datatype\jackson-datatype-jsr310\2.18.2\jackson-datatype-jsr310-2.18.2.jar;C:\Users\Saiko\.m2\repository\com\fasterxml\jackson\module\jackson-module-parameter-names\2.18.2\jackson-module-parameter-names-2.18.2.jar;C:\Users\Saiko\.m2\repository\org\springframework\boot\spring-boot-starter-tomcat\3.4.1\spring-boot-starter-tomcat-3.4.1.jar;C:\Users\Saiko\.m2\repository\org\apache\tomcat\embed\tomcat-embed-core\10.1.34\tomcat-embed-core-10.1.34.jar;C:\Users\Saiko\.m2\repository\org\apache\tomcat\embed\tomcat-embed-el\10.1.34\tomcat-embed-el-10.1.34.jar;C:\Users\Saiko\.m2\repository\org\apache\tomcat\embed\tomcat-embed-websocket\10.1.34\tomcat-embed-websocket-10.1.34.jar;C:\Users\Saiko\.m2\repository\org\springframework\spring-web\6.2.1\spring-web-6.2.1.jar;C:\Users\Saiko\.m2\repository\io\micrometer\micrometer-observation\1.14.2\micrometer-observation-1.14.2.jar;C:\Users\Saiko\.m2\repository\io\micrometer\micrometer-commons\1.14.2\micrometer-commons-1.14.2.jar;C:\Users\Saiko\.m2\repository\org\springframework\spring-webmvc\6.2.1\spring-webmvc-6.2.1.jar;C:\Users\Saiko\.m2\repository\org\springframework\boot\spring-boot-starter-test\3.4.1\spring-boot-starter-test-3.4.1.jar;C:\Users\Saiko\.m2\repository\org\springframework\boot\spring-boot-test\3.4.1\spring-boot-test-3.4.1.jar;C:\Users\Saiko\.m2\repository\org\springframework\boot\spring-boot-test-autoconfigure\3.4.1\spring-boot-test-autoconfigure-3.4.1.jar;C:\Users\Saiko\.m2\repository\com\jayway\jsonpath\json-path\2.9.0\json-path-2.9.0.jar;C:\Users\Saiko\.m2\repository\jakarta\xml\bind\jakarta.xml.bind-api\4.0.2\jakarta.xml.bind-api-4.0.2.jar;C:\Users\Saiko\.m2\repository\jakarta\activation\jakarta.activation-api\2.1.3\jakarta.activation-api-2.1.3.jar;C:\Users\Saiko\.m2\repository\net\minidev\json-smart\2.5.1\json-smart-2.5.1.jar;C:\Users\Saiko\.m2\repository\net\minidev\accessors-smart\2.5.1\accessors-smart-2.5.1.jar;C:\Users\Saiko\.m2\repository\org\ow2\asm\asm\9.6\asm-9.6.jar;C:\Users\Saiko\.m2\repository\org\assertj\assertj-core\3.26.3\assertj-core-3.26.3.jar;C:\Users\Saiko\.m2\repository\org\awaitility\awaitility\4.2.2\awaitility-4.2.2.jar;C:\Users\Saiko\.m2\repository\org\hamcrest\hamcrest\2.2\hamcrest-2.2.jar;C:\Users\Saiko\.m2\repository\org\junit\jupiter\junit-jupiter\5.11.4\junit-jupiter-5.11.4.jar;C:\Users\Saiko\.m2\repository\org\junit\jupiter\junit-jupiter-api\5.11.4\junit-jupiter-api-5.11.4.jar;C:\Users\Saiko\.m2\repository\org\opentest4j\opentest4j\1.3.0\opentest4j-1.3.0.jar;C:\Users\Saiko\.m2\repository\org\junit\platform\junit-platform-commons\1.11.4\junit-platform-commons-1.11.4.jar;C:\Users\Saiko\.m2\repository\org\apiguardian\apiguardian-api\1.1.2\apiguardian-api-1.1.2.jar;C:\Users\Saiko\.m2\repository\org\junit\jupiter\junit-jupiter-params\5.11.4\junit-jupiter-params-5.11.4.jar;C:\Users\Saiko\.m2\repository\org\junit\jupiter\junit-jupiter-engine\5.11.4\junit-jupiter-engine-5.11.4.jar;C:\Users\Saiko\.m2\repository\org\junit\platform\junit-platform-engine\1.11.4\junit-platform-engine-1.11.4.jar;C:\Users\Saiko\.m2\repository\org\mockito\mockito-core\5.14.2\mockito-core-5.14.2.jar;C:\Users\Saiko\.m2\repository\net\bytebuddy\byte-buddy-agent\1.15.11\byte-buddy-agent-1.15.11.jar;C:\Users\Saiko\.m2\repository\org\objenesis\objenesis\3.3\objenesis-3.3.jar;C:\Users\Saiko\.m2\repository\org\mockito\mockito-junit-jupiter\5.14.2\mockito-junit-jupiter-5.14.2.jar;C:\Users\Saiko\.m2\repository\org\skyscreamer\jsonassert\1.5.3\jsonassert-1.5.3.jar;C:\Users\Saiko\.m2\repository\com\vaadin\external\google\android-json\0.0.20131108.vaadin1\android-json-0.0.20131108.vaadin1.jar;C:\Users\Saiko\.m2\repository\org\springframework\spring-core\6.2.1\spring-core-6.2.1.jar;C:\Users\Saiko\.m2\repository\org\springframework\spring-jcl\6.2.1\spring-jcl-6.2.1.jar;C:\Users\Saiko\.m2\repository\org\springframework\spring-test\6.2.1\spring-test-6.2.1.jar;C:\Users\Saiko\.m2\repository\org\xmlunit\xmlunit-core\2.10.0\xmlunit-core-2.10.0.jar;C:\Users\Saiko\.m2\repository\org\springframework\security\spring-security-test\6.4.2\spring-security-test-6.4.2.jar;C:\Users\Saiko\.m2\repository\org\springframework\security\spring-security-core\6.4.2\spring-security-core-6.4.2.jar;C:\Users\Saiko\.m2\repository\org\springframework\security\spring-security-crypto\6.4.2\spring-security-crypto-6.4.2.jar;C:\Users\Saiko\.m2\repository\org\postgresql\postgresql\42.6.0\postgresql-42.6.0.jar;C:\Users\Saiko\.m2\repository\org\checkerframework\checker-qual\3.31.0\checker-qual-3.31.0.jar;C:\Users\Saiko\.m2\repository\io\jsonwebtoken\jjwt-api\0.11.5\jjwt-api-0.11.5.jar;C:\Users\Saiko\.m2\repository\io\jsonwebtoken\jjwt-impl\0.11.5\jjwt-impl-0.11.5.jar;C:\Users\Saiko\.m2\repository\io\jsonwebtoken\jjwt-jackson\0.11.5\jjwt-jackson-0.11.5.jar;C:\Users\Saiko\.m2\repository\com\fasterxml\jackson\core\jackson-databind\2.18.2\jackson-databind-2.18.2.jar;C:\Users\Saiko\.m2\repository\com\fasterxml\jackson\core\jackson-annotations\2.18.2\jackson-annotations-2.18.2.jar;C:\Users\Saiko\.m2\repository\com\fasterxml\jackson\core\jackson-core\2.18.2\jackson-core-2.18.2.jar;C:\Users\Saiko\.m2\repository\jakarta\servlet\jakarta.servlet-api\5.0.0\jakarta.servlet-api-5.0.0.jar;"/>
    <property name="java.vm.vendor" value="Oracle Corporation"/>
    <property name="sun.arch.data.model" value="64"/>
    <property name="user.variant" value=""/>
    <property name="java.vendor.url" value="https://java.oracle.com/"/>
    <property name="user.timezone" value="Atlantic/Canary"/>
    <property name="org.jboss.logging.provider" value="slf4j"/>
    <property name="os.name" value="Windows 11"/>
    <property name="java.vm.specification.version" value="23"/>
    <property name="APPLICATION_NAME" value="aniviewAuthUsers"/>
    <property name="sun.java.launcher" value="SUN_STANDARD"/>
    <property name="user.country" value="ES"/>
    <property name="sun.boot.library.path" value="C:\Program Files\Java\jdk-23\bin"/>
    <property name="sun.java.command" value="C:\Users\Saiko\AppData\Local\Temp\surefire6445207997641264449\surefirebooter-20250213115826758_3.jar C:\Users\Saiko\AppData\Local\Temp\surefire6445207997641264449 2025-02-13T11-58-26_549-jvmRun1 surefire-20250213115826758_1tmp surefire_0-20250213115826758_2tmp"/>
    <property name="jdk.debug" value="release"/>
    <property name="surefire.test.class.path" value="C:\Users\Saiko\Desktop\class\PGV\AniviewAuthUsers\target\test-classes;C:\Users\Saiko\Desktop\class\PGV\AniviewAuthUsers\target\classes;C:\Users\Saiko\.m2\repository\org\springframework\boot\spring-boot-starter-data-jpa\3.4.1\spring-boot-starter-data-jpa-3.4.1.jar;C:\Users\Saiko\.m2\repository\org\springframework\boot\spring-boot-starter\3.4.1\spring-boot-starter-3.4.1.jar;C:\Users\Saiko\.m2\repository\org\springframework\boot\spring-boot\3.4.1\spring-boot-3.4.1.jar;C:\Users\Saiko\.m2\repository\org\springframework\boot\spring-boot-autoconfigure\3.4.1\spring-boot-autoconfigure-3.4.1.jar;C:\Users\Saiko\.m2\repository\org\springframework\boot\spring-boot-starter-logging\3.4.1\spring-boot-starter-logging-3.4.1.jar;C:\Users\Saiko\.m2\repository\ch\qos\logback\logback-classic\1.5.12\logback-classic-1.5.12.jar;C:\Users\Saiko\.m2\repository\ch\qos\logback\logback-core\1.5.12\logback-core-1.5.12.jar;C:\Users\Saiko\.m2\repository\org\apache\logging\log4j\log4j-to-slf4j\2.24.3\log4j-to-slf4j-2.24.3.jar;C:\Users\Saiko\.m2\repository\org\apache\logging\log4j\log4j-api\2.24.3\log4j-api-2.24.3.jar;C:\Users\Saiko\.m2\repository\org\slf4j\jul-to-slf4j\2.0.16\jul-to-slf4j-2.0.16.jar;C:\Users\Saiko\.m2\repository\jakarta\annotation\jakarta.annotation-api\2.1.1\jakarta.annotation-api-2.1.1.jar;C:\Users\Saiko\.m2\repository\org\yaml\snakeyaml\2.3\snakeyaml-2.3.jar;C:\Users\Saiko\.m2\repository\org\springframework\boot\spring-boot-starter-jdbc\3.4.1\spring-boot-starter-jdbc-3.4.1.jar;C:\Users\Saiko\.m2\repository\com\zaxxer\HikariCP\5.1.0\HikariCP-5.1.0.jar;C:\Users\Saiko\.m2\repository\org\springframework\spring-jdbc\6.2.1\spring-jdbc-6.2.1.jar;C:\Users\Saiko\.m2\repository\org\hibernate\orm\hibernate-core\6.6.4.Final\hibernate-core-6.6.4.Final.jar;C:\Users\Saiko\.m2\repository\jakarta\persistence\jakarta.persistence-api\3.1.0\jakarta.persistence-api-3.1.0.jar;C:\Users\Saiko\.m2\repository\jakarta\transaction\jakarta.transaction-api\2.0.1\jakarta.transaction-api-2.0.1.jar;C:\Users\Saiko\.m2\repository\org\jboss\logging\jboss-logging\3.6.1.Final\jboss-logging-3.6.1.Final.jar;C:\Users\Saiko\.m2\repository\org\hibernate\common\hibernate-commons-annotations\7.0.3.Final\hibernate-commons-annotations-7.0.3.Final.jar;C:\Users\Saiko\.m2\repository\io\smallrye\jandex\3.2.0\jandex-3.2.0.jar;C:\Users\Saiko\.m2\repository\com\fasterxml\classmate\1.7.0\classmate-1.7.0.jar;C:\Users\Saiko\.m2\repository\net\bytebuddy\byte-buddy\1.15.11\byte-buddy-1.15.11.jar;C:\Users\Saiko\.m2\repository\org\glassfish\jaxb\jaxb-runtime\4.0.5\jaxb-runtime-4.0.5.jar;C:\Users\Saiko\.m2\repository\org\glassfish\jaxb\jaxb-core\4.0.5\jaxb-core-4.0.5.jar;C:\Users\Saiko\.m2\repository\org\eclipse\angus\angus-activation\2.0.2\angus-activation-2.0.2.jar;C:\Users\Saiko\.m2\repository\org\glassfish\jaxb\txw2\4.0.5\txw2-4.0.5.jar;C:\Users\Saiko\.m2\repository\com\sun\istack\istack-commons-runtime\4.1.2\istack-commons-runtime-4.1.2.jar;C:\Users\Saiko\.m2\repository\jakarta\inject\jakarta.inject-api\2.0.1\jakarta.inject-api-2.0.1.jar;C:\Users\Saiko\.m2\repository\org\antlr\antlr4-runtime\4.13.0\antlr4-runtime-4.13.0.jar;C:\Users\Saiko\.m2\repository\org\springframework\data\spring-data-jpa\3.4.1\spring-data-jpa-3.4.1.jar;C:\Users\Saiko\.m2\repository\org\springframework\data\spring-data-commons\3.4.1\spring-data-commons-3.4.1.jar;C:\Users\Saiko\.m2\repository\org\springframework\spring-orm\6.2.1\spring-orm-6.2.1.jar;C:\Users\Saiko\.m2\repository\org\springframework\spring-context\6.2.1\spring-context-6.2.1.jar;C:\Users\Saiko\.m2\repository\org\springframework\spring-tx\6.2.1\spring-tx-6.2.1.jar;C:\Users\Saiko\.m2\repository\org\springframework\spring-beans\6.2.1\spring-beans-6.2.1.jar;C:\Users\Saiko\.m2\repository\org\slf4j\slf4j-api\2.0.16\slf4j-api-2.0.16.jar;C:\Users\Saiko\.m2\repository\org\springframework\spring-aspects\6.2.1\spring-aspects-6.2.1.jar;C:\Users\Saiko\.m2\repository\org\aspectj\aspectjweaver\1.9.22.1\aspectjweaver-1.9.22.1.jar;C:\Users\Saiko\.m2\repository\org\springframework\boot\spring-boot-starter-security\3.4.1\spring-boot-starter-security-3.4.1.jar;C:\Users\Saiko\.m2\repository\org\springframework\spring-aop\6.2.1\spring-aop-6.2.1.jar;C:\Users\Saiko\.m2\repository\org\springframework\security\spring-security-config\6.4.2\spring-security-config-6.4.2.jar;C:\Users\Saiko\.m2\repository\org\springframework\security\spring-security-web\6.4.2\spring-security-web-6.4.2.jar;C:\Users\Saiko\.m2\repository\org\springframework\spring-expression\6.2.1\spring-expression-6.2.1.jar;C:\Users\Saiko\.m2\repository\org\springframework\boot\spring-boot-starter-web\3.4.1\spring-boot-starter-web-3.4.1.jar;C:\Users\Saiko\.m2\repository\org\springframework\boot\spring-boot-starter-json\3.4.1\spring-boot-starter-json-3.4.1.jar;C:\Users\Saiko\.m2\repository\com\fasterxml\jackson\datatype\jackson-datatype-jdk8\2.18.2\jackson-datatype-jdk8-2.18.2.jar;C:\Users\Saiko\.m2\repository\com\fasterxml\jackson\datatype\jackson-datatype-jsr310\2.18.2\jackson-datatype-jsr310-2.18.2.jar;C:\Users\Saiko\.m2\repository\com\fasterxml\jackson\module\jackson-module-parameter-names\2.18.2\jackson-module-parameter-names-2.18.2.jar;C:\Users\Saiko\.m2\repository\org\springframework\boot\spring-boot-starter-tomcat\3.4.1\spring-boot-starter-tomcat-3.4.1.jar;C:\Users\Saiko\.m2\repository\org\apache\tomcat\embed\tomcat-embed-core\10.1.34\tomcat-embed-core-10.1.34.jar;C:\Users\Saiko\.m2\repository\org\apache\tomcat\embed\tomcat-embed-el\10.1.34\tomcat-embed-el-10.1.34.jar;C:\Users\Saiko\.m2\repository\org\apache\tomcat\embed\tomcat-embed-websocket\10.1.34\tomcat-embed-websocket-10.1.34.jar;C:\Users\Saiko\.m2\repository\org\springframework\spring-web\6.2.1\spring-web-6.2.1.jar;C:\Users\Saiko\.m2\repository\io\micrometer\micrometer-observation\1.14.2\micrometer-observation-1.14.2.jar;C:\Users\Saiko\.m2\repository\io\micrometer\micrometer-commons\1.14.2\micrometer-commons-1.14.2.jar;C:\Users\Saiko\.m2\repository\org\springframework\spring-webmvc\6.2.1\spring-webmvc-6.2.1.jar;C:\Users\Saiko\.m2\repository\org\springframework\boot\spring-boot-starter-test\3.4.1\spring-boot-starter-test-3.4.1.jar;C:\Users\Saiko\.m2\repository\org\springframework\boot\spring-boot-test\3.4.1\spring-boot-test-3.4.1.jar;C:\Users\Saiko\.m2\repository\org\springframework\boot\spring-boot-test-autoconfigure\3.4.1\spring-boot-test-autoconfigure-3.4.1.jar;C:\Users\Saiko\.m2\repository\com\jayway\jsonpath\json-path\2.9.0\json-path-2.9.0.jar;C:\Users\Saiko\.m2\repository\jakarta\xml\bind\jakarta.xml.bind-api\4.0.2\jakarta.xml.bind-api-4.0.2.jar;C:\Users\Saiko\.m2\repository\jakarta\activation\jakarta.activation-api\2.1.3\jakarta.activation-api-2.1.3.jar;C:\Users\Saiko\.m2\repository\net\minidev\json-smart\2.5.1\json-smart-2.5.1.jar;C:\Users\Saiko\.m2\repository\net\minidev\accessors-smart\2.5.1\accessors-smart-2.5.1.jar;C:\Users\Saiko\.m2\repository\org\ow2\asm\asm\9.6\asm-9.6.jar;C:\Users\Saiko\.m2\repository\org\assertj\assertj-core\3.26.3\assertj-core-3.26.3.jar;C:\Users\Saiko\.m2\repository\org\awaitility\awaitility\4.2.2\awaitility-4.2.2.jar;C:\Users\Saiko\.m2\repository\org\hamcrest\hamcrest\2.2\hamcrest-2.2.jar;C:\Users\Saiko\.m2\repository\org\junit\jupiter\junit-jupiter\5.11.4\junit-jupiter-5.11.4.jar;C:\Users\Saiko\.m2\repository\org\junit\jupiter\junit-jupiter-api\5.11.4\junit-jupiter-api-5.11.4.jar;C:\Users\Saiko\.m2\repository\org\opentest4j\opentest4j\1.3.0\opentest4j-1.3.0.jar;C:\Users\Saiko\.m2\repository\org\junit\platform\junit-platform-commons\1.11.4\junit-platform-commons-1.11.4.jar;C:\Users\Saiko\.m2\repository\org\apiguardian\apiguardian-api\1.1.2\apiguardian-api-1.1.2.jar;C:\Users\Saiko\.m2\repository\org\junit\jupiter\junit-jupiter-params\5.11.4\junit-jupiter-params-5.11.4.jar;C:\Users\Saiko\.m2\repository\org\junit\jupiter\junit-jupiter-engine\5.11.4\junit-jupiter-engine-5.11.4.jar;C:\Users\Saiko\.m2\repository\org\junit\platform\junit-platform-engine\1.11.4\junit-platform-engine-1.11.4.jar;C:\Users\Saiko\.m2\repository\org\mockito\mockito-core\5.14.2\mockito-core-5.14.2.jar;C:\Users\Saiko\.m2\repository\net\bytebuddy\byte-buddy-agent\1.15.11\byte-buddy-agent-1.15.11.jar;C:\Users\Saiko\.m2\repository\org\objenesis\objenesis\3.3\objenesis-3.3.jar;C:\Users\Saiko\.m2\repository\org\mockito\mockito-junit-jupiter\5.14.2\mockito-junit-jupiter-5.14.2.jar;C:\Users\Saiko\.m2\repository\org\skyscreamer\jsonassert\1.5.3\jsonassert-1.5.3.jar;C:\Users\Saiko\.m2\repository\com\vaadin\external\google\android-json\0.0.20131108.vaadin1\android-json-0.0.20131108.vaadin1.jar;C:\Users\Saiko\.m2\repository\org\springframework\spring-core\6.2.1\spring-core-6.2.1.jar;C:\Users\Saiko\.m2\repository\org\springframework\spring-jcl\6.2.1\spring-jcl-6.2.1.jar;C:\Users\Saiko\.m2\repository\org\springframework\spring-test\6.2.1\spring-test-6.2.1.jar;C:\Users\Saiko\.m2\repository\org\xmlunit\xmlunit-core\2.10.0\xmlunit-core-2.10.0.jar;C:\Users\Saiko\.m2\repository\org\springframework\security\spring-security-test\6.4.2\spring-security-test-6.4.2.jar;C:\Users\Saiko\.m2\repository\org\springframework\security\spring-security-core\6.4.2\spring-security-core-6.4.2.jar;C:\Users\Saiko\.m2\repository\org\springframework\security\spring-security-crypto\6.4.2\spring-security-crypto-6.4.2.jar;C:\Users\Saiko\.m2\repository\org\postgresql\postgresql\42.6.0\postgresql-42.6.0.jar;C:\Users\Saiko\.m2\repository\org\checkerframework\checker-qual\3.31.0\checker-qual-3.31.0.jar;C:\Users\Saiko\.m2\repository\io\jsonwebtoken\jjwt-api\0.11.5\jjwt-api-0.11.5.jar;C:\Users\Saiko\.m2\repository\io\jsonwebtoken\jjwt-impl\0.11.5\jjwt-impl-0.11.5.jar;C:\Users\Saiko\.m2\repository\io\jsonwebtoken\jjwt-jackson\0.11.5\jjwt-jackson-0.11.5.jar;C:\Users\Saiko\.m2\repository\com\fasterxml\jackson\core\jackson-databind\2.18.2\jackson-databind-2.18.2.jar;C:\Users\Saiko\.m2\repository\com\fasterxml\jackson\core\jackson-annotations\2.18.2\jackson-annotations-2.18.2.jar;C:\Users\Saiko\.m2\repository\com\fasterxml\jackson\core\jackson-core\2.18.2\jackson-core-2.18.2.jar;C:\Users\Saiko\.m2\repository\jakarta\servlet\jakarta.servlet-api\5.0.0\jakarta.servlet-api-5.0.0.jar;"/>
    <property name="sun.cpu.endian" value="little"/>
    <property name="user.home" value="C:\Users\Saiko"/>
    <property name="user.language" value="es"/>
    <property name="java.specification.vendor" value="Oracle Corporation"/>
    <property name="java.version.date" value="2024-10-15"/>
    <property name="java.home" value="C:\Program Files\Java\jdk-23"/>
    <property name="file.separator" value="\"/>
    <property name="basedir" value="C:\Users\Saiko\Desktop\class\PGV\AniviewAuthUsers"/>
    <property name="java.vm.compressedOopsMode" value="Zero based"/>
    <property name="line.separator" value="&#10;"/>
    <property name="java.vm.specification.vendor" value="Oracle Corporation"/>
    <property name="java.specification.name" value="Java Platform API Specification"/>
    <property name="FILE_LOG_CHARSET" value="UTF-8"/>
    <property name="java.awt.headless" value="true"/>
    <property name="surefire.real.class.path" value="C:\Users\Saiko\AppData\Local\Temp\surefire6445207997641264449\surefirebooter-20250213115826758_3.jar"/>
    <property name="user.script" value=""/>
    <property name="sun.management.compiler" value="HotSpot 64-Bit Tiered Compilers"/>
    <property name="java.runtime.version" value="23.0.1+11-39"/>
    <property name="user.name" value="Saiko"/>
    <property name="stdout.encoding" value="Cp1252"/>
    <property name="path.separator" value=";"/>
    <property name="os.version" value="10.0"/>
    <property name="java.runtime.name" value="Java(TM) SE Runtime Environment"/>
    <property name="file.encoding" value="UTF-8"/>
    <property name="java.vm.name" value="Java HotSpot(TM) 64-Bit Server VM"/>
    <property name="localRepository" value="C:\Users\Saiko\.m2\repository"/>
    <property name="java.vendor.url.bug" value="https://bugreport.java.com/bugreport/"/>
    <property name="java.io.tmpdir" value="C:\Users\Saiko\AppData\Local\Temp\"/>
    <property name="com.zaxxer.hikari.pool_number" value="1"/>
    <property name="java.version" value="23.0.1"/>
    <property name="user.dir" value="C:\Users\Saiko\Desktop\class\PGV\AniviewAuthUsers"/>
    <property name="os.arch" value="amd64"/>
    <property name="java.vm.specification.name" value="Java Virtual Machine Specification"/>
    <property name="PID" value="4604"/>
    <property name="sun.os.patch.level" value=""/>
    <property name="CONSOLE_LOG_CHARSET" value="UTF-8"/>
    <property name="native.encoding" value="Cp1252"/>
    <property name="java.library.path" value="C:\Program Files\Java\jdk-23\bin;C:\WINDOWS\Sun\Java\bin;C:\WINDOWS\system32;C:\WINDOWS;C:\Program Files\Common Files\Oracle\Java\javapath;C:\WINDOWS\system32;C:\WINDOWS;C:\WINDOWS\System32\Wbem;C:\WINDOWS\System32\WindowsPowerShell\v1.0\;C:\WINDOWS\System32\OpenSSH\;C:\Program Files\Microsoft VS Code\bin;C:\Program Files\Git\cmd;C:\Program Files\Docker\Docker\resources\bin;C:\Program Files\nodejs\;c:\Users\Saiko\AppData\Local\Programs\cursor\resources\app\bin;C:\Program Files\dotnet\;C:\Program Files\apache-maven-3.9.9\bin;C:\Users\Saiko\.console-ninja\.bin;C:\Users\Saiko\AppData\Local\Microsoft\WindowsApps;C:\Users\Saiko\AppData\Local\GitHubDesktop\bin;C:\Users\Saiko\AppData\Roaming\npm;C:\Program Files\Java\jdk-23\bin;;C:\Program Files\JetBrains\IntelliJ IDEA 2024.3.1\bin;;c:\Users\Saiko\AppData\Roaming\Code\User\globalStorage\github.copilot-chat\debugCommand;."/>
    <property name="java.vm.info" value="mixed mode, sharing"/>
    <property name="stderr.encoding" value="Cp1252"/>
    <property name="java.vendor" value="Oracle Corporation"/>
    <property name="java.vm.version" value="23.0.1+11-39"/>
    <property name="sun.io.unicode.encoding" value="UnicodeLittle"/>
    <property name="java.class.version" value="67.0"/>
    <property name="LOGGED_APPLICATION_NAME" value="[aniviewAuthUsers] "/>
  </properties>
  <testcase name="contextLoads" classname="com.aniview.authusers.AniviewAuthUsersApplicationTests" time="0.731">
    <system-out><![CDATA[11:58:27.870 [main] INFO org.springframework.test.context.support.AnnotationConfigContextLoaderUtils -- Could not detect default configuration classes for test class [com.aniview.authusers.AniviewAuthUsersApplicationTests]: AniviewAuthUsersApplicationTests does not declare any static, non-private, non-final, nested classes annotated with @Configuration.
11:58:28.023 [main] INFO org.springframework.boot.test.context.SpringBootTestContextBootstrapper -- Found @SpringBootConfiguration com.aniview.authusers.AniviewAuthUsersApplication for test class com.aniview.authusers.AniviewAuthUsersApplicationTests

  .   ____          _            __ _ _
 /\\ / ___'_ __ _ _(_)_ __  __ _ \ \ \ \
( ( )\___ | '_ | '_| | '_ \/ _` | \ \ \ \
 \\/  ___)| |_)| | | | | || (_| |  ) ) ) )
  '  |____| .__|_| |_|_| |_\__, | / / / /
 =========|_|==============|___/=/_/_/_/

 :: Spring Boot ::                (v3.4.1)

2025-02-13T11:58:28.556Z  INFO 4604 --- [aniviewAuthUsers] [           main] c.a.a.AniviewAuthUsersApplicationTests   : Starting AniviewAuthUsersApplicationTests using Java 23.0.1 with PID 4604 (started by Saiko in C:\Users\Saiko\Desktop\class\PGV\AniviewAuthUsers)
2025-02-13T11:58:28.558Z  INFO 4604 --- [aniviewAuthUsers] [           main] c.a.a.AniviewAuthUsersApplicationTests   : No active profile set, falling back to 1 default profile: "default"
2025-02-13T11:58:28.598Z DEBUG 4604 --- [aniviewAuthUsers] [           main] o.s.w.c.s.GenericWebApplicationContext   : Refreshing org.springframework.web.context.support.GenericWebApplicationContext@17ae98d7
2025-02-13T11:58:29.549Z  INFO 4604 --- [aniviewAuthUsers] [           main] .s.d.r.c.RepositoryConfigurationDelegate : Bootstrapping Spring Data JPA repositories in DEFAULT mode.
2025-02-13T11:58:29.633Z  INFO 4604 --- [aniviewAuthUsers] [           main] .s.d.r.c.RepositoryConfigurationDelegate : Finished Spring Data repository scanning in 67 ms. Found 2 JPA repository interfaces.
2025-02-13T11:58:30.566Z DEBUG 4604 --- [aniviewAuthUsers] [           main] o.hibernate.jpa.internal.util.LogHelper  : PersistenceUnitInfo [
	name: default
	persistence provider classname: null
	classloader: jdk.internal.loader.ClassLoaders$AppClassLoader@70dea4e
	excludeUnlistedClasses: true
	JTA datasource: null
	Non JTA datasource: HikariDataSource (null)
	Transaction type: RESOURCE_LOCAL
	PU root URL: file:/C:/Users/Saiko/Desktop/class/PGV/AniviewAuthUsers/target/test-classes/
	Shared Cache Mode: UNSPECIFIED
	Validation Mode: AUTO
	Jar files URLs []
	Managed classes names [
		com.aniview.authusers.Entity.Auth
		com.aniview.authusers.Entity.User]
	Mapping files names []
	Properties []
2025-02-13T11:58:30.590Z DEBUG 4604 --- [aniviewAuthUsers] [           main] o.h.i.internal.IntegratorServiceImpl     : Adding Integrator [org.hibernate.boot.beanvalidation.BeanValidationIntegrator].
2025-02-13T11:58:30.592Z DEBUG 4604 --- [aniviewAuthUsers] [           main] o.h.i.internal.IntegratorServiceImpl     : Adding Integrator [org.hibernate.cache.internal.CollectionCacheInvalidator].
2025-02-13T11:58:30.678Z  INFO 4604 --- [aniviewAuthUsers] [           main] org.hibernate.Version                    : HHH000412: Hibernate ORM core version 6.6.4.Final
2025-02-13T11:58:30.682Z DEBUG 4604 --- [aniviewAuthUsers] [           main] org.hibernate.cfg.Environment            : HHH000206: 'hibernate.properties' not found
2025-02-13T11:58:30.727Z DEBUG 4604 --- [aniviewAuthUsers] [           main] org.hibernate.orm.idgen.factory          : Registering IdentifierGenerator strategy [uuid2] -> [org.hibernate.id.UUIDGenerator]
2025-02-13T11:58:30.728Z DEBUG 4604 --- [aniviewAuthUsers] [           main] org.hibernate.orm.idgen.factory          : Registering IdentifierGenerator strategy [guid] -> [org.hibernate.id.GUIDGenerator]
2025-02-13T11:58:30.729Z DEBUG 4604 --- [aniviewAuthUsers] [           main] org.hibernate.orm.idgen.factory          : Registering IdentifierGenerator strategy [uuid] -> [org.hibernate.id.UUIDHexGenerator]
2025-02-13T11:58:30.729Z DEBUG 4604 --- [aniviewAuthUsers] [           main] org.hibernate.orm.idgen.factory          : Registering IdentifierGenerator strategy [uuid.hex] -> [org.hibernate.id.UUIDHexGenerator]
2025-02-13T11:58:30.730Z DEBUG 4604 --- [aniviewAuthUsers] [           main] org.hibernate.orm.idgen.factory          : Registering IdentifierGenerator strategy [assigned] -> [org.hibernate.id.Assigned]
2025-02-13T11:58:30.732Z DEBUG 4604 --- [aniviewAuthUsers] [           main] org.hibernate.orm.idgen.factory          : Registering IdentifierGenerator strategy [identity] -> [org.hibernate.id.IdentityGenerator]
2025-02-13T11:58:30.733Z DEBUG 4604 --- [aniviewAuthUsers] [           main] org.hibernate.orm.idgen.factory          : Registering IdentifierGenerator strategy [select] -> [org.hibernate.id.SelectGenerator]
2025-02-13T11:58:30.734Z DEBUG 4604 --- [aniviewAuthUsers] [           main] org.hibernate.orm.idgen.factory          : Registering IdentifierGenerator strategy [sequence] -> [org.hibernate.id.enhanced.SequenceStyleGenerator]
2025-02-13T11:58:30.736Z DEBUG 4604 --- [aniviewAuthUsers] [           main] org.hibernate.orm.idgen.factory          : Registering IdentifierGenerator strategy [increment] -> [org.hibernate.id.IncrementGenerator]
2025-02-13T11:58:30.736Z DEBUG 4604 --- [aniviewAuthUsers] [           main] org.hibernate.orm.idgen.factory          : Registering IdentifierGenerator strategy [foreign] -> [org.hibernate.id.ForeignGenerator]
2025-02-13T11:58:30.736Z DEBUG 4604 --- [aniviewAuthUsers] [           main] org.hibernate.orm.idgen.factory          : Registering IdentifierGenerator strategy [enhanced-sequence] -> [org.hibernate.id.enhanced.SequenceStyleGenerator]
2025-02-13T11:58:30.737Z DEBUG 4604 --- [aniviewAuthUsers] [           main] org.hibernate.orm.idgen.factory          : Registering IdentifierGenerator strategy [enhanced-table] -> [org.hibernate.id.enhanced.TableGenerator]
2025-02-13T11:58:30.747Z DEBUG 4604 --- [aniviewAuthUsers] [           main] o.h.c.internal.RegionFactoryInitiator    : Cannot default RegionFactory based on registered strategies as `[]` RegionFactory strategies were registered
2025-02-13T11:58:30.748Z  INFO 4604 --- [aniviewAuthUsers] [           main] o.h.c.internal.RegionFactoryInitiator    : HHH000026: Second-level cache disabled
2025-02-13T11:58:30.894Z DEBUG 4604 --- [aniviewAuthUsers] [           main] org.hibernate.type.BasicTypeRegistry     : Adding type registration boolean -> org.hibernate.type.BasicTypeReference@7a31ca20
2025-02-13T11:58:30.895Z DEBUG 4604 --- [aniviewAuthUsers] [           main] org.hibernate.type.BasicTypeRegistry     : Adding type registration boolean -> org.hibernate.type.BasicTypeReference@7a31ca20
2025-02-13T11:58:30.895Z DEBUG 4604 --- [aniviewAuthUsers] [           main] org.hibernate.type.BasicTypeRegistry     : Adding type registration java.lang.Boolean -> org.hibernate.type.BasicTypeReference@7a31ca20
2025-02-13T11:58:30.895Z DEBUG 4604 --- [aniviewAuthUsers] [           main] org.hibernate.type.BasicTypeRegistry     : Adding type registration numeric_boolean -> org.hibernate.type.BasicTypeReference@349c4d1c
2025-02-13T11:58:30.895Z DEBUG 4604 --- [aniviewAuthUsers] [           main] org.hibernate.type.BasicTypeRegistry     : Adding type registration org.hibernate.type.NumericBooleanConverter -> org.hibernate.type.BasicTypeReference@349c4d1c
2025-02-13T11:58:30.895Z DEBUG 4604 --- [aniviewAuthUsers] [           main] org.hibernate.type.BasicTypeRegistry     : Adding type registration true_false -> org.hibernate.type.BasicTypeReference@21edd891
2025-02-13T11:58:30.896Z DEBUG 4604 --- [aniviewAuthUsers] [           main] org.hibernate.type.BasicTypeRegistry     : Adding type registration org.hibernate.type.TrueFalseConverter -> org.hibernate.type.BasicTypeReference@21edd891
2025-02-13T11:58:30.896Z DEBUG 4604 --- [aniviewAuthUsers] [           main] org.hibernate.type.BasicTypeRegistry     : Adding type registration yes_no -> org.hibernate.type.BasicTypeReference@de579ff
2025-02-13T11:58:30.896Z DEBUG 4604 --- [aniviewAuthUsers] [           main] org.hibernate.type.BasicTypeRegistry     : Adding type registration org.hibernate.type.YesNoConverter -> org.hibernate.type.BasicTypeReference@de579ff
2025-02-13T11:58:30.896Z DEBUG 4604 --- [aniviewAuthUsers] [           main] org.hibernate.type.BasicTypeRegistry     : Adding type registration byte -> org.hibernate.type.BasicTypeReference@7971c2a9
2025-02-13T11:58:30.897Z DEBUG 4604 --- [aniviewAuthUsers] [           main] org.hibernate.type.BasicTypeRegistry     : Adding type registration byte -> org.hibernate.type.BasicTypeReference@7971c2a9
2025-02-13T11:58:30.897Z DEBUG 4604 --- [aniviewAuthUsers] [           main] org.hibernate.type.BasicTypeRegistry     : Adding type registration java.lang.Byte -> org.hibernate.type.BasicTypeReference@7971c2a9
2025-02-13T11:58:30.897Z DEBUG 4604 --- [aniviewAuthUsers] [           main] org.hibernate.type.BasicTypeRegistry     : Adding type registration binary -> org.hibernate.type.BasicTypeReference@2fd39436
2025-02-13T11:58:30.897Z DEBUG 4604 --- [aniviewAuthUsers] [           main] org.hibernate.type.BasicTypeRegistry     : Adding type registration byte[] -> org.hibernate.type.BasicTypeReference@2fd39436
2025-02-13T11:58:30.897Z DEBUG 4604 --- [aniviewAuthUsers] [           main] org.hibernate.type.BasicTypeRegistry     : Adding type registration [B -> org.hibernate.type.BasicTypeReference@2fd39436
2025-02-13T11:58:30.898Z DEBUG 4604 --- [aniviewAuthUsers] [           main] org.hibernate.type.BasicTypeRegistry     : Adding type registration binary_wrapper -> org.hibernate.type.BasicTypeReference@60b5e80d
2025-02-13T11:58:30.898Z DEBUG 4604 --- [aniviewAuthUsers] [           main] org.hibernate.type.BasicTypeRegistry     : Adding type registration wrapper-binary -> org.hibernate.type.BasicTypeReference@60b5e80d
2025-02-13T11:58:30.898Z DEBUG 4604 --- [aniviewAuthUsers] [           main] org.hibernate.type.BasicTypeRegistry     : Adding type registration image -> org.hibernate.type.BasicTypeReference@46394f65
2025-02-13T11:58:30.898Z DEBUG 4604 --- [aniviewAuthUsers] [           main] org.hibernate.type.BasicTypeRegistry     : Adding type registration blob -> org.hibernate.type.BasicTypeReference@31aab981
2025-02-13T11:58:30.899Z DEBUG 4604 --- [aniviewAuthUsers] [           main] org.hibernate.type.BasicTypeRegistry     : Adding type registration java.sql.Blob -> org.hibernate.type.BasicTypeReference@31aab981
2025-02-13T11:58:30.899Z DEBUG 4604 --- [aniviewAuthUsers] [           main] org.hibernate.type.BasicTypeRegistry     : Adding type registration materialized_blob -> org.hibernate.type.BasicTypeReference@26be9a6
2025-02-13T11:58:30.899Z DEBUG 4604 --- [aniviewAuthUsers] [           main] org.hibernate.type.BasicTypeRegistry     : Adding type registration materialized_blob_wrapper -> org.hibernate.type.BasicTypeReference@4d518c66
2025-02-13T11:58:30.900Z DEBUG 4604 --- [aniviewAuthUsers] [           main] org.hibernate.type.BasicTypeRegistry     : Adding type registration short -> org.hibernate.type.BasicTypeReference@411fa0ce
2025-02-13T11:58:30.900Z DEBUG 4604 --- [aniviewAuthUsers] [           main] org.hibernate.type.BasicTypeRegistry     : Adding type registration short -> org.hibernate.type.BasicTypeReference@411fa0ce
2025-02-13T11:58:30.900Z DEBUG 4604 --- [aniviewAuthUsers] [           main] org.hibernate.type.BasicTypeRegistry     : Adding type registration java.lang.Short -> org.hibernate.type.BasicTypeReference@411fa0ce
2025-02-13T11:58:30.900Z DEBUG 4604 --- [aniviewAuthUsers] [           main] org.hibernate.type.BasicTypeRegistry     : Adding type registration integer -> org.hibernate.type.BasicTypeReference@251d7fdd
2025-02-13T11:58:30.900Z DEBUG 4604 --- [aniviewAuthUsers] [           main] org.hibernate.type.BasicTypeRegistry     : Adding type registration int -> org.hibernate.type.BasicTypeReference@251d7fdd
2025-02-13T11:58:30.901Z DEBUG 4604 --- [aniviewAuthUsers] [           main] org.hibernate.type.BasicTypeRegistry     : Adding type registration java.lang.Integer -> org.hibernate.type.BasicTypeReference@251d7fdd
2025-02-13T11:58:30.902Z DEBUG 4604 --- [aniviewAuthUsers] [           main] org.hibernate.type.BasicTypeRegistry     : Adding type registration long -> org.hibernate.type.BasicTypeReference@78e68401
2025-02-13T11:58:30.902Z DEBUG 4604 --- [aniviewAuthUsers] [           main] org.hibernate.type.BasicTypeRegistry     : Adding type registration long -> org.hibernate.type.BasicTypeReference@78e68401
2025-02-13T11:58:30.902Z DEBUG 4604 --- [aniviewAuthUsers] [           main] org.hibernate.type.BasicTypeRegistry     : Adding type registration java.lang.Long -> org.hibernate.type.BasicTypeReference@78e68401
2025-02-13T11:58:30.902Z DEBUG 4604 --- [aniviewAuthUsers] [           main] org.hibernate.type.BasicTypeRegistry     : Adding type registration float -> org.hibernate.type.BasicTypeReference@391515c7
2025-02-13T11:58:30.902Z DEBUG 4604 --- [aniviewAuthUsers] [           main] org.hibernate.type.BasicTypeRegistry     : Adding type registration float -> org.hibernate.type.BasicTypeReference@391515c7
2025-02-13T11:58:30.902Z DEBUG 4604 --- [aniviewAuthUsers] [           main] org.hibernate.type.BasicTypeRegistry     : Adding type registration java.lang.Float -> org.hibernate.type.BasicTypeReference@391515c7
2025-02-13T11:58:30.903Z DEBUG 4604 --- [aniviewAuthUsers] [           main] org.hibernate.type.BasicTypeRegistry     : Adding type registration double -> org.hibernate.type.BasicTypeReference@5b0dbfb
2025-02-13T11:58:30.903Z DEBUG 4604 --- [aniviewAuthUsers] [           main] org.hibernate.type.BasicTypeRegistry     : Adding type registration double -> org.hibernate.type.BasicTypeReference@5b0dbfb
2025-02-13T11:58:30.903Z DEBUG 4604 --- [aniviewAuthUsers] [           main] org.hibernate.type.BasicTypeRegistry     : Adding type registration java.lang.Double -> org.hibernate.type.BasicTypeReference@5b0dbfb
2025-02-13T11:58:30.904Z DEBUG 4604 --- [aniviewAuthUsers] [           main] org.hibernate.type.BasicTypeRegistry     : Adding type registration big_integer -> org.hibernate.type.BasicTypeReference@4b9dbf07
2025-02-13T11:58:30.904Z DEBUG 4604 --- [aniviewAuthUsers] [           main] org.hibernate.type.BasicTypeRegistry     : Adding type registration java.math.BigInteger -> org.hibernate.type.BasicTypeReference@4b9dbf07
2025-02-13T11:58:30.904Z DEBUG 4604 --- [aniviewAuthUsers] [           main] org.hibernate.type.BasicTypeRegistry     : Adding type registration big_decimal -> org.hibernate.type.BasicTypeReference@797fcf9
2025-02-13T11:58:30.904Z DEBUG 4604 --- [aniviewAuthUsers] [           main] org.hibernate.type.BasicTypeRegistry     : Adding type registration java.math.BigDecimal -> org.hibernate.type.BasicTypeReference@797fcf9
2025-02-13T11:58:30.904Z DEBUG 4604 --- [aniviewAuthUsers] [           main] org.hibernate.type.BasicTypeRegistry     : Adding type registration character -> org.hibernate.type.BasicTypeReference@16bd7ae1
2025-02-13T11:58:30.904Z DEBUG 4604 --- [aniviewAuthUsers] [           main] org.hibernate.type.BasicTypeRegistry     : Adding type registration char -> org.hibernate.type.BasicTypeReference@16bd7ae1
2025-02-13T11:58:30.905Z DEBUG 4604 --- [aniviewAuthUsers] [           main] org.hibernate.type.BasicTypeRegistry     : Adding type registration java.lang.Character -> org.hibernate.type.BasicTypeReference@16bd7ae1
2025-02-13T11:58:30.905Z DEBUG 4604 --- [aniviewAuthUsers] [           main] org.hibernate.type.BasicTypeRegistry     : Adding type registration character_nchar -> org.hibernate.type.BasicTypeReference@15d114ce
2025-02-13T11:58:30.905Z DEBUG 4604 --- [aniviewAuthUsers] [           main] org.hibernate.type.BasicTypeRegistry     : Adding type registration string -> org.hibernate.type.BasicTypeReference@3312f4f4
2025-02-13T11:58:30.905Z DEBUG 4604 --- [aniviewAuthUsers] [           main] org.hibernate.type.BasicTypeRegistry     : Adding type registration java.lang.String -> org.hibernate.type.BasicTypeReference@3312f4f4
2025-02-13T11:58:30.906Z DEBUG 4604 --- [aniviewAuthUsers] [           main] org.hibernate.type.BasicTypeRegistry     : Adding type registration nstring -> org.hibernate.type.BasicTypeReference@b5aa65b
2025-02-13T11:58:30.906Z DEBUG 4604 --- [aniviewAuthUsers] [           main] org.hibernate.type.BasicTypeRegistry     : Adding type registration characters -> org.hibernate.type.BasicTypeReference@76cdafa3
2025-02-13T11:58:30.906Z DEBUG 4604 --- [aniviewAuthUsers] [           main] org.hibernate.type.BasicTypeRegistry     : Adding type registration char[] -> org.hibernate.type.BasicTypeReference@76cdafa3
2025-02-13T11:58:30.906Z DEBUG 4604 --- [aniviewAuthUsers] [           main] org.hibernate.type.BasicTypeRegistry     : Adding type registration [C -> org.hibernate.type.BasicTypeReference@76cdafa3
2025-02-13T11:58:30.906Z DEBUG 4604 --- [aniviewAuthUsers] [           main] org.hibernate.type.BasicTypeRegistry     : Adding type registration wrapper-characters -> org.hibernate.type.BasicTypeReference@6b27b2d0
2025-02-13T11:58:30.907Z DEBUG 4604 --- [aniviewAuthUsers] [           main] org.hibernate.type.BasicTypeRegistry     : Adding type registration text -> org.hibernate.type.BasicTypeReference@4fb64e14
2025-02-13T11:58:30.907Z DEBUG 4604 --- [aniviewAuthUsers] [           main] org.hibernate.type.BasicTypeRegistry     : Adding type registration ntext -> org.hibernate.type.BasicTypeReference@118041c7
2025-02-13T11:58:30.907Z DEBUG 4604 --- [aniviewAuthUsers] [           main] org.hibernate.type.BasicTypeRegistry     : Adding type registration clob -> org.hibernate.type.BasicTypeReference@a2b54e3
2025-02-13T11:58:30.908Z DEBUG 4604 --- [aniviewAuthUsers] [           main] org.hibernate.type.BasicTypeRegistry     : Adding type registration java.sql.Clob -> org.hibernate.type.BasicTypeReference@a2b54e3
2025-02-13T11:58:30.908Z DEBUG 4604 --- [aniviewAuthUsers] [           main] org.hibernate.type.BasicTypeRegistry     : Adding type registration nclob -> org.hibernate.type.BasicTypeReference@5c4cc644
2025-02-13T11:58:30.908Z DEBUG 4604 --- [aniviewAuthUsers] [           main] org.hibernate.type.BasicTypeRegistry     : Adding type registration java.sql.NClob -> org.hibernate.type.BasicTypeReference@5c4cc644
2025-02-13T11:58:30.909Z DEBUG 4604 --- [aniviewAuthUsers] [           main] org.hibernate.type.BasicTypeRegistry     : Adding type registration materialized_clob -> org.hibernate.type.BasicTypeReference@21f7e537
2025-02-13T11:58:30.909Z DEBUG 4604 --- [aniviewAuthUsers] [           main] org.hibernate.type.BasicTypeRegistry     : Adding type registration materialized_clob_char_array -> org.hibernate.type.BasicTypeReference@32ea16b7
2025-02-13T11:58:30.909Z DEBUG 4604 --- [aniviewAuthUsers] [           main] org.hibernate.type.BasicTypeRegistry     : Adding type registration materialized_clob_character_array -> org.hibernate.type.BasicTypeReference@62b6c045
2025-02-13T11:58:30.909Z DEBUG 4604 --- [aniviewAuthUsers] [           main] org.hibernate.type.BasicTypeRegistry     : Adding type registration materialized_nclob -> org.hibernate.type.BasicTypeReference@58f254b1
2025-02-13T11:58:30.909Z DEBUG 4604 --- [aniviewAuthUsers] [           main] org.hibernate.type.BasicTypeRegistry     : Adding type registration materialized_nclob_character_array -> org.hibernate.type.BasicTypeReference@46b2dcc5
2025-02-13T11:58:30.910Z DEBUG 4604 --- [aniviewAuthUsers] [           main] org.hibernate.type.BasicTypeRegistry     : Adding type registration materialized_nclob_char_array -> org.hibernate.type.BasicTypeReference@240f350a
2025-02-13T11:58:30.910Z DEBUG 4604 --- [aniviewAuthUsers] [           main] org.hibernate.type.BasicTypeRegistry     : Adding type registration Duration -> org.hibernate.type.BasicTypeReference@706f6d26
2025-02-13T11:58:30.910Z DEBUG 4604 --- [aniviewAuthUsers] [           main] org.hibernate.type.BasicTypeRegistry     : Adding type registration java.time.Duration -> org.hibernate.type.BasicTypeReference@706f6d26
2025-02-13T11:58:30.910Z DEBUG 4604 --- [aniviewAuthUsers] [           main] org.hibernate.type.BasicTypeRegistry     : Adding type registration LocalDateTime -> org.hibernate.type.BasicTypeReference@3af2f846
2025-02-13T11:58:30.910Z DEBUG 4604 --- [aniviewAuthUsers] [           main] org.hibernate.type.BasicTypeRegistry     : Adding type registration java.time.LocalDateTime -> org.hibernate.type.BasicTypeReference@3af2f846
2025-02-13T11:58:30.910Z DEBUG 4604 --- [aniviewAuthUsers] [           main] org.hibernate.type.BasicTypeRegistry     : Adding type registration LocalDate -> org.hibernate.type.BasicTypeReference@6af65f29
2025-02-13T11:58:30.911Z DEBUG 4604 --- [aniviewAuthUsers] [           main] org.hibernate.type.BasicTypeRegistry     : Adding type registration java.time.LocalDate -> org.hibernate.type.BasicTypeReference@6af65f29
2025-02-13T11:58:30.911Z DEBUG 4604 --- [aniviewAuthUsers] [           main] org.hibernate.type.BasicTypeRegistry     : Adding type registration LocalTime -> org.hibernate.type.BasicTypeReference@370c9018
2025-02-13T11:58:30.911Z DEBUG 4604 --- [aniviewAuthUsers] [           main] org.hibernate.type.BasicTypeRegistry     : Adding type registration java.time.LocalTime -> org.hibernate.type.BasicTypeReference@370c9018
2025-02-13T11:58:30.912Z DEBUG 4604 --- [aniviewAuthUsers] [           main] org.hibernate.type.BasicTypeRegistry     : Adding type registration OffsetDateTime -> org.hibernate.type.BasicTypeReference@3c81cd82
2025-02-13T11:58:30.912Z DEBUG 4604 --- [aniviewAuthUsers] [           main] org.hibernate.type.BasicTypeRegistry     : Adding type registration java.time.OffsetDateTime -> org.hibernate.type.BasicTypeReference@3c81cd82
2025-02-13T11:58:30.912Z DEBUG 4604 --- [aniviewAuthUsers] [           main] org.hibernate.type.BasicTypeRegistry     : Adding type registration OffsetDateTimeWithTimezone -> org.hibernate.type.BasicTypeReference@111c229c
2025-02-13T11:58:30.912Z DEBUG 4604 --- [aniviewAuthUsers] [           main] org.hibernate.type.BasicTypeRegistry     : Adding type registration OffsetDateTimeWithoutTimezone -> org.hibernate.type.BasicTypeReference@49cb3881
2025-02-13T11:58:30.912Z DEBUG 4604 --- [aniviewAuthUsers] [           main] org.hibernate.type.BasicTypeRegistry     : Adding type registration OffsetTime -> org.hibernate.type.BasicTypeReference@1a14fdf0
2025-02-13T11:58:30.912Z DEBUG 4604 --- [aniviewAuthUsers] [           main] org.hibernate.type.BasicTypeRegistry     : Adding type registration java.time.OffsetTime -> org.hibernate.type.BasicTypeReference@1a14fdf0
2025-02-13T11:58:30.913Z DEBUG 4604 --- [aniviewAuthUsers] [           main] org.hibernate.type.BasicTypeRegistry     : Adding type registration OffsetTimeUtc -> org.hibernate.type.BasicTypeReference@284bdeed
2025-02-13T11:58:30.913Z DEBUG 4604 --- [aniviewAuthUsers] [           main] org.hibernate.type.BasicTypeRegistry     : Adding type registration OffsetTimeWithTimezone -> org.hibernate.type.BasicTypeReference@58b311ba
2025-02-13T11:58:30.913Z DEBUG 4604 --- [aniviewAuthUsers] [           main] org.hibernate.type.BasicTypeRegistry     : Adding type registration OffsetTimeWithoutTimezone -> org.hibernate.type.BasicTypeReference@482c351d
2025-02-13T11:58:30.913Z DEBUG 4604 --- [aniviewAuthUsers] [           main] org.hibernate.type.BasicTypeRegistry     : Adding type registration ZonedDateTime -> org.hibernate.type.BasicTypeReference@75eaba95
2025-02-13T11:58:30.913Z DEBUG 4604 --- [aniviewAuthUsers] [           main] org.hibernate.type.BasicTypeRegistry     : Adding type registration java.time.ZonedDateTime -> org.hibernate.type.BasicTypeReference@75eaba95
2025-02-13T11:58:30.913Z DEBUG 4604 --- [aniviewAuthUsers] [           main] org.hibernate.type.BasicTypeRegistry     : Adding type registration ZonedDateTimeWithTimezone -> org.hibernate.type.BasicTypeReference@320be73
2025-02-13T11:58:30.913Z DEBUG 4604 --- [aniviewAuthUsers] [           main] org.hibernate.type.BasicTypeRegistry     : Adding type registration ZonedDateTimeWithoutTimezone -> org.hibernate.type.BasicTypeReference@435e416c
2025-02-13T11:58:30.914Z DEBUG 4604 --- [aniviewAuthUsers] [           main] org.hibernate.type.BasicTypeRegistry     : Adding type registration date -> org.hibernate.type.BasicTypeReference@6af310c7
2025-02-13T11:58:30.914Z DEBUG 4604 --- [aniviewAuthUsers] [           main] org.hibernate.type.BasicTypeRegistry     : Adding type registration java.sql.Date -> org.hibernate.type.BasicTypeReference@6af310c7
2025-02-13T11:58:30.915Z DEBUG 4604 --- [aniviewAuthUsers] [           main] org.hibernate.type.BasicTypeRegistry     : Adding type registration time -> org.hibernate.type.BasicTypeReference@4aed311e
2025-02-13T11:58:30.915Z DEBUG 4604 --- [aniviewAuthUsers] [           main] org.hibernate.type.BasicTypeRegistry     : Adding type registration java.sql.Time -> org.hibernate.type.BasicTypeReference@4aed311e
2025-02-13T11:58:30.915Z DEBUG 4604 --- [aniviewAuthUsers] [           main] org.hibernate.type.BasicTypeRegistry     : Adding type registration timestamp -> org.hibernate.type.BasicTypeReference@4c38cd16
2025-02-13T11:58:30.915Z DEBUG 4604 --- [aniviewAuthUsers] [           main] org.hibernate.type.BasicTypeRegistry     : Adding type registration java.sql.Timestamp -> org.hibernate.type.BasicTypeReference@4c38cd16
2025-02-13T11:58:30.915Z DEBUG 4604 --- [aniviewAuthUsers] [           main] org.hibernate.type.BasicTypeRegistry     : Adding type registration java.util.Date -> org.hibernate.type.BasicTypeReference@4c38cd16
2025-02-13T11:58:30.916Z DEBUG 4604 --- [aniviewAuthUsers] [           main] org.hibernate.type.BasicTypeRegistry     : Adding type registration calendar -> org.hibernate.type.BasicTypeReference@7ddcb0dc
2025-02-13T11:58:30.916Z DEBUG 4604 --- [aniviewAuthUsers] [           main] org.hibernate.type.BasicTypeRegistry     : Adding type registration java.util.Calendar -> org.hibernate.type.BasicTypeReference@7ddcb0dc
2025-02-13T11:58:30.916Z DEBUG 4604 --- [aniviewAuthUsers] [           main] org.hibernate.type.BasicTypeRegistry     : Adding type registration java.util.GregorianCalendar -> org.hibernate.type.BasicTypeReference@7ddcb0dc
2025-02-13T11:58:30.916Z DEBUG 4604 --- [aniviewAuthUsers] [           main] org.hibernate.type.BasicTypeRegistry     : Adding type registration calendar_date -> org.hibernate.type.BasicTypeReference@f5bf288
2025-02-13T11:58:30.917Z DEBUG 4604 --- [aniviewAuthUsers] [           main] org.hibernate.type.BasicTypeRegistry     : Adding type registration calendar_time -> org.hibernate.type.BasicTypeReference@2c1d57bc
2025-02-13T11:58:30.917Z DEBUG 4604 --- [aniviewAuthUsers] [           main] org.hibernate.type.BasicTypeRegistry     : Adding type registration instant -> org.hibernate.type.BasicTypeReference@26c77f54
2025-02-13T11:58:30.918Z DEBUG 4604 --- [aniviewAuthUsers] [           main] org.hibernate.type.BasicTypeRegistry     : Adding type registration java.time.Instant -> org.hibernate.type.BasicTypeReference@26c77f54
2025-02-13T11:58:30.918Z DEBUG 4604 --- [aniviewAuthUsers] [           main] org.hibernate.type.BasicTypeRegistry     : Adding type registration uuid -> org.hibernate.type.BasicTypeReference@3e856100
2025-02-13T11:58:30.918Z DEBUG 4604 --- [aniviewAuthUsers] [           main] org.hibernate.type.BasicTypeRegistry     : Adding type registration java.util.UUID -> org.hibernate.type.BasicTypeReference@3e856100
2025-02-13T11:58:30.918Z DEBUG 4604 --- [aniviewAuthUsers] [           main] org.hibernate.type.BasicTypeRegistry     : Adding type registration pg-uuid -> org.hibernate.type.BasicTypeReference@3e856100
2025-02-13T11:58:30.919Z DEBUG 4604 --- [aniviewAuthUsers] [           main] org.hibernate.type.BasicTypeRegistry     : Adding type registration uuid-binary -> org.hibernate.type.BasicTypeReference@6e9a0bea
2025-02-13T11:58:30.919Z DEBUG 4604 --- [aniviewAuthUsers] [           main] org.hibernate.type.BasicTypeRegistry     : Adding type registration uuid-char -> org.hibernate.type.BasicTypeReference@28fc1132
2025-02-13T11:58:30.920Z DEBUG 4604 --- [aniviewAuthUsers] [           main] org.hibernate.type.BasicTypeRegistry     : Adding type registration class -> org.hibernate.type.BasicTypeReference@355ce6a6
2025-02-13T11:58:30.920Z DEBUG 4604 --- [aniviewAuthUsers] [           main] org.hibernate.type.BasicTypeRegistry     : Adding type registration java.lang.Class -> org.hibernate.type.BasicTypeReference@355ce6a6
2025-02-13T11:58:30.921Z DEBUG 4604 --- [aniviewAuthUsers] [           main] org.hibernate.type.BasicTypeRegistry     : Adding type registration currency -> org.hibernate.type.BasicTypeReference@20440c6c
2025-02-13T11:58:30.921Z DEBUG 4604 --- [aniviewAuthUsers] [           main] org.hibernate.type.BasicTypeRegistry     : Adding type registration Currency -> org.hibernate.type.BasicTypeReference@20440c6c
2025-02-13T11:58:30.922Z DEBUG 4604 --- [aniviewAuthUsers] [           main] org.hibernate.type.BasicTypeRegistry     : Adding type registration java.util.Currency -> org.hibernate.type.BasicTypeReference@20440c6c
2025-02-13T11:58:30.923Z DEBUG 4604 --- [aniviewAuthUsers] [           main] org.hibernate.type.BasicTypeRegistry     : Adding type registration locale -> org.hibernate.type.BasicTypeReference@560271a1
2025-02-13T11:58:30.923Z DEBUG 4604 --- [aniviewAuthUsers] [           main] org.hibernate.type.BasicTypeRegistry     : Adding type registration java.util.Locale -> org.hibernate.type.BasicTypeReference@560271a1
2025-02-13T11:58:30.923Z DEBUG 4604 --- [aniviewAuthUsers] [           main] org.hibernate.type.BasicTypeRegistry     : Adding type registration serializable -> org.hibernate.type.BasicTypeReference@4b9c411
2025-02-13T11:58:30.923Z DEBUG 4604 --- [aniviewAuthUsers] [           main] org.hibernate.type.BasicTypeRegistry     : Adding type registration java.io.Serializable -> org.hibernate.type.BasicTypeReference@4b9c411
2025-02-13T11:58:30.923Z DEBUG 4604 --- [aniviewAuthUsers] [           main] org.hibernate.type.BasicTypeRegistry     : Adding type registration timezone -> org.hibernate.type.BasicTypeReference@41e9f86
2025-02-13T11:58:30.923Z DEBUG 4604 --- [aniviewAuthUsers] [           main] org.hibernate.type.BasicTypeRegistry     : Adding type registration java.util.TimeZone -> org.hibernate.type.BasicTypeReference@41e9f86
2025-02-13T11:58:30.923Z DEBUG 4604 --- [aniviewAuthUsers] [           main] org.hibernate.type.BasicTypeRegistry     : Adding type registration ZoneOffset -> org.hibernate.type.BasicTypeReference@66f5b8fe
2025-02-13T11:58:30.923Z DEBUG 4604 --- [aniviewAuthUsers] [           main] org.hibernate.type.BasicTypeRegistry     : Adding type registration java.time.ZoneOffset -> org.hibernate.type.BasicTypeReference@66f5b8fe
2025-02-13T11:58:30.923Z DEBUG 4604 --- [aniviewAuthUsers] [           main] org.hibernate.type.BasicTypeRegistry     : Adding type registration url -> org.hibernate.type.BasicTypeReference@233f52f8
2025-02-13T11:58:30.923Z DEBUG 4604 --- [aniviewAuthUsers] [           main] org.hibernate.type.BasicTypeRegistry     : Adding type registration java.net.URL -> org.hibernate.type.BasicTypeReference@233f52f8
2025-02-13T11:58:30.923Z DEBUG 4604 --- [aniviewAuthUsers] [           main] org.hibernate.type.BasicTypeRegistry     : Adding type registration vector -> org.hibernate.type.BasicTypeReference@69ec93c2
2025-02-13T11:58:30.923Z DEBUG 4604 --- [aniviewAuthUsers] [           main] org.hibernate.type.BasicTypeRegistry     : Adding type registration float_vector -> org.hibernate.type.BasicTypeReference@19fec3d6
2025-02-13T11:58:30.924Z DEBUG 4604 --- [aniviewAuthUsers] [           main] org.hibernate.type.BasicTypeRegistry     : Adding type registration double_vector -> org.hibernate.type.BasicTypeReference@5287ba5f
2025-02-13T11:58:30.924Z DEBUG 4604 --- [aniviewAuthUsers] [           main] org.hibernate.type.BasicTypeRegistry     : Adding type registration byte_vector -> org.hibernate.type.BasicTypeReference@b768a65
2025-02-13T11:58:30.924Z DEBUG 4604 --- [aniviewAuthUsers] [           main] org.hibernate.type.BasicTypeRegistry     : Adding type registration row_version -> org.hibernate.type.BasicTypeReference@6897a4a
2025-02-13T11:58:30.930Z DEBUG 4604 --- [aniviewAuthUsers] [           main] org.hibernate.type.BasicTypeRegistry     : Adding type registration object -> org.hibernate.type.JavaObjectType@2478b629
2025-02-13T11:58:30.931Z DEBUG 4604 --- [aniviewAuthUsers] [           main] org.hibernate.type.BasicTypeRegistry     : Adding type registration java.lang.Object -> org.hibernate.type.JavaObjectType@2478b629
2025-02-13T11:58:30.932Z DEBUG 4604 --- [aniviewAuthUsers] [           main] org.hibernate.type.BasicTypeRegistry     : Adding type registration null -> org.hibernate.type.NullType@19b75b2b
2025-02-13T11:58:30.932Z DEBUG 4604 --- [aniviewAuthUsers] [           main] org.hibernate.type.BasicTypeRegistry     : Adding type registration imm_date -> org.hibernate.type.BasicTypeReference@59c43561
2025-02-13T11:58:30.932Z DEBUG 4604 --- [aniviewAuthUsers] [           main] org.hibernate.type.BasicTypeRegistry     : Adding type registration imm_time -> org.hibernate.type.BasicTypeReference@634f58d2
2025-02-13T11:58:30.933Z DEBUG 4604 --- [aniviewAuthUsers] [           main] org.hibernate.type.BasicTypeRegistry     : Adding type registration imm_timestamp -> org.hibernate.type.BasicTypeReference@585513a8
2025-02-13T11:58:30.933Z DEBUG 4604 --- [aniviewAuthUsers] [           main] org.hibernate.type.BasicTypeRegistry     : Adding type registration imm_calendar -> org.hibernate.type.BasicTypeReference@7b18658a
2025-02-13T11:58:30.933Z DEBUG 4604 --- [aniviewAuthUsers] [           main] org.hibernate.type.BasicTypeRegistry     : Adding type registration imm_calendar_date -> org.hibernate.type.BasicTypeReference@30f28b5
2025-02-13T11:58:30.933Z DEBUG 4604 --- [aniviewAuthUsers] [           main] org.hibernate.type.BasicTypeRegistry     : Adding type registration imm_calendar_time -> org.hibernate.type.BasicTypeReference@1a1f79ce
2025-02-13T11:58:30.933Z DEBUG 4604 --- [aniviewAuthUsers] [           main] org.hibernate.type.BasicTypeRegistry     : Adding type registration imm_binary -> org.hibernate.type.BasicTypeReference@6aa7e176
2025-02-13T11:58:30.933Z DEBUG 4604 --- [aniviewAuthUsers] [           main] org.hibernate.type.BasicTypeRegistry     : Adding type registration imm_serializable -> org.hibernate.type.BasicTypeReference@52abed9d
2025-02-13T11:58:30.948Z DEBUG 4604 --- [aniviewAuthUsers] [           main] o.h.boot.internal.BootstrapContextImpl   : Injecting JPA temp ClassLoader [org.springframework.instrument.classloading.SimpleThrowawayClassLoader@48cd319d] into BootstrapContext; was [null]
2025-02-13T11:58:30.949Z DEBUG 4604 --- [aniviewAuthUsers] [           main] o.h.boot.internal.ClassLoaderAccessImpl  : ClassLoaderAccessImpl#injectTempClassLoader(org.springframework.instrument.classloading.SimpleThrowawayClassLoader@48cd319d) [was null]
2025-02-13T11:58:30.950Z DEBUG 4604 --- [aniviewAuthUsers] [           main] o.h.boot.internal.BootstrapContextImpl   : Injecting ScanEnvironment [org.hibernate.jpa.boot.internal.StandardJpaScanEnvironmentImpl@3e5beab5] into BootstrapContext; was [null]
2025-02-13T11:58:30.950Z DEBUG 4604 --- [aniviewAuthUsers] [           main] o.h.boot.internal.BootstrapContextImpl   : Injecting ScanOptions [org.hibernate.boot.archive.scan.internal.StandardScanOptions@7c588adc] into BootstrapContext; was [org.hibernate.boot.archive.scan.internal.StandardScanOptions@33ec2c0c]
2025-02-13T11:58:31.319Z  INFO 4604 --- [aniviewAuthUsers] [           main] o.s.o.j.p.SpringPersistenceUnitInfo      : No LoadTimeWeaver setup: ignoring JPA class transformer
2025-02-13T11:58:31.320Z DEBUG 4604 --- [aniviewAuthUsers] [           main] o.h.boot.internal.BootstrapContextImpl   : Injecting JPA temp ClassLoader [null] into BootstrapContext; was [org.springframework.instrument.classloading.SimpleThrowawayClassLoader@48cd319d]
2025-02-13T11:58:31.320Z DEBUG 4604 --- [aniviewAuthUsers] [           main] o.h.boot.internal.ClassLoaderAccessImpl  : ClassLoaderAccessImpl#injectTempClassLoader(null) [was org.springframework.instrument.classloading.SimpleThrowawayClassLoader@48cd319d]
2025-02-13T11:58:31.375Z  INFO 4604 --- [aniviewAuthUsers] [           main] com.zaxxer.hikari.HikariDataSource       : HikariPool-1 - Starting...
2025-02-13T11:58:32.614Z  INFO 4604 --- [aniviewAuthUsers] [           main] com.zaxxer.hikari.pool.HikariPool        : HikariPool-1 - Added connection org.postgresql.jdbc.PgConnection@794cb26b
2025-02-13T11:58:32.616Z  INFO 4604 --- [aniviewAuthUsers] [           main] com.zaxxer.hikari.HikariDataSource       : HikariPool-1 - Start completed.
2025-02-13T11:58:32.622Z DEBUG 4604 --- [aniviewAuthUsers] [           main] o.h.e.j.e.i.JdbcEnvironmentInitiator     : Database ->
	   name : PostgreSQL
	version : 15.8
	  major : 15
	  minor : 8
2025-02-13T11:58:32.623Z DEBUG 4604 --- [aniviewAuthUsers] [           main] o.h.e.j.e.i.JdbcEnvironmentInitiator     : Driver ->
	   name : PostgreSQL JDBC Driver
	version : 42.6.0
	  major : 42
	  minor : 6
2025-02-13T11:58:32.623Z DEBUG 4604 --- [aniviewAuthUsers] [           main] o.h.e.j.e.i.JdbcEnvironmentInitiator     : JDBC version : 4.2
2025-02-13T11:58:32.729Z  WARN 4604 --- [aniviewAuthUsers] [           main] org.hibernate.orm.deprecation            : HHH90000025: PostgreSQLDialect does not need to be specified explicitly using 'hibernate.dialect' (remove the property setting and it will be selected by default)
2025-02-13T11:58:32.730Z DEBUG 4604 --- [aniviewAuthUsers] [           main] org.hibernate.orm.dialect                : HHH035001: Using dialect: org.hibernate.dialect.PostgreSQLDialect, version: 15.8
2025-02-13T11:58:32.733Z DEBUG 4604 --- [aniviewAuthUsers] [           main] o.h.e.j.env.spi.IdentifierHelperBuilder  : JDBC driver metadata reported database stores quoted identifiers in neither upper, lower nor mixed case
2025-02-13T11:58:32.891Z DEBUG 4604 --- [aniviewAuthUsers] [           main] org.hibernate.orm.jdbc.lob               : HHH10010004: Disabling contextual LOB creation as Dialect reported it is not supported
2025-02-13T11:58:32.902Z  INFO 4604 --- [aniviewAuthUsers] [           main] org.hibernate.orm.connections.pooling    : HHH10001005: Database info:
	Database JDBC URL [Connecting through datasource 'HikariDataSource (HikariPool-1)']
	Database driver: undefined/unknown
	Database version: 15.8
	Autocommit mode: undefined/unknown
	Isolation level: undefined/unknown
	Minimum pool size: undefined/unknown
	Maximum pool size: undefined/unknown
2025-02-13T11:58:32.910Z DEBUG 4604 --- [aniviewAuthUsers] [           main] o.h.t.d.sql.spi.DdlTypeRegistry          : addDescriptor(2003, org.hibernate.type.descriptor.sql.internal.ArrayDdlTypeImpl@4a520f05) replaced previous registration(org.hibernate.type.descriptor.sql.internal.ArrayDdlTypeImpl@389a1e34)
2025-02-13T11:58:32.910Z DEBUG 4604 --- [aniviewAuthUsers] [           main] o.h.t.d.sql.spi.DdlTypeRegistry          : addDescriptor(6, org.hibernate.type.descriptor.sql.internal.CapacityDependentDdlType@204b0f07) replaced previous registration(org.hibernate.type.descriptor.sql.internal.DdlTypeImpl@6f68756d)
2025-02-13T11:58:32.912Z DEBUG 4604 --- [aniviewAuthUsers] [           main] o.h.t.d.jdbc.spi.JdbcTypeRegistry        : addDescriptor(2004, BlobTypeDescriptor(BLOB_BINDING)) replaced previous registration(BlobTypeDescriptor(DEFAULT))
2025-02-13T11:58:32.912Z DEBUG 4604 --- [aniviewAuthUsers] [           main] o.h.t.d.jdbc.spi.JdbcTypeRegistry        : addDescriptor(2005, ClobTypeDescriptor(CLOB_BINDING)) replaced previous registration(ClobTypeDescriptor(DEFAULT))
2025-02-13T11:58:32.920Z DEBUG 4604 --- [aniviewAuthUsers] [           main] org.hibernate.type.BasicTypeRegistry     : Adding type registration JAVA_OBJECT -> org.hibernate.type.JavaObjectType@5158a9f7
2025-02-13T11:58:32.920Z DEBUG 4604 --- [aniviewAuthUsers] [           main] org.hibernate.type.BasicTypeRegistry     : Adding type registration java.lang.Object -> org.hibernate.type.JavaObjectType@5158a9f7
2025-02-13T11:58:32.920Z DEBUG 4604 --- [aniviewAuthUsers] [           main] org.hibernate.type.BasicTypeRegistry     : Type registration key [java.lang.Object] overrode previous entry : `org.hibernate.type.JavaObjectType@2478b629`
2025-02-13T11:58:32.925Z DEBUG 4604 --- [aniviewAuthUsers] [           main] org.hibernate.type.BasicTypeRegistry     : Adding type registration org.hibernate.type.DurationType -> basicType@1(java.time.Duration,3015)
2025-02-13T11:58:32.925Z DEBUG 4604 --- [aniviewAuthUsers] [           main] org.hibernate.type.BasicTypeRegistry     : Adding type registration Duration -> basicType@1(java.time.Duration,3015)
2025-02-13T11:58:32.925Z DEBUG 4604 --- [aniviewAuthUsers] [           main] org.hibernate.type.BasicTypeRegistry     : Adding type registration java.time.Duration -> basicType@1(java.time.Duration,3015)
2025-02-13T11:58:32.927Z DEBUG 4604 --- [aniviewAuthUsers] [           main] org.hibernate.type.BasicTypeRegistry     : Adding type registration org.hibernate.type.OffsetDateTimeType -> basicType@2(java.time.OffsetDateTime,3003)
2025-02-13T11:58:32.927Z DEBUG 4604 --- [aniviewAuthUsers] [           main] org.hibernate.type.BasicTypeRegistry     : Adding type registration OffsetDateTime -> basicType@2(java.time.OffsetDateTime,3003)
2025-02-13T11:58:32.927Z DEBUG 4604 --- [aniviewAuthUsers] [           main] org.hibernate.type.BasicTypeRegistry     : Adding type registration java.time.OffsetDateTime -> basicType@2(java.time.OffsetDateTime,3003)
2025-02-13T11:58:32.927Z DEBUG 4604 --- [aniviewAuthUsers] [           main] org.hibernate.type.BasicTypeRegistry     : Adding type registration org.hibernate.type.ZonedDateTimeType -> basicType@3(java.time.ZonedDateTime,3003)
2025-02-13T11:58:32.927Z DEBUG 4604 --- [aniviewAuthUsers] [           main] org.hibernate.type.BasicTypeRegistry     : Adding type registration ZonedDateTime -> basicType@3(java.time.ZonedDateTime,3003)
2025-02-13T11:58:32.927Z DEBUG 4604 --- [aniviewAuthUsers] [           main] org.hibernate.type.BasicTypeRegistry     : Adding type registration java.time.ZonedDateTime -> basicType@3(java.time.ZonedDateTime,3003)
2025-02-13T11:58:32.928Z DEBUG 4604 --- [aniviewAuthUsers] [           main] org.hibernate.type.BasicTypeRegistry     : Adding type registration org.hibernate.type.OffsetTimeType -> basicType@4(java.time.OffsetTime,3007)
2025-02-13T11:58:32.928Z DEBUG 4604 --- [aniviewAuthUsers] [           main] org.hibernate.type.BasicTypeRegistry     : Adding type registration OffsetTime -> basicType@4(java.time.OffsetTime,3007)
2025-02-13T11:58:32.928Z DEBUG 4604 --- [aniviewAuthUsers] [           main] org.hibernate.type.BasicTypeRegistry     : Adding type registration java.time.OffsetTime -> basicType@4(java.time.OffsetTime,3007)
2025-02-13T11:58:32.930Z DEBUG 4604 --- [aniviewAuthUsers] [           main] o.h.type.spi.TypeConfiguration$Scope     : Scoping TypeConfiguration [org.hibernate.type.spi.TypeConfiguration@4b360972] to MetadataBuildingContext [org.hibernate.boot.internal.MetadataBuildingContextRootImpl@793d09e]
2025-02-13T11:58:32.961Z DEBUG 4604 --- [aniviewAuthUsers] [           main] o.h.boot.model.relational.Namespace      : Created database namespace [logicalName=Name{catalog=null, schema=null}, physicalName=Name{catalog=null, schema=null}]
2025-02-13T11:58:32.978Z DEBUG 4604 --- [aniviewAuthUsers] [           main] o.h.boot.model.internal.EntityBinder     : Binding entity from annotated class: com.aniview.authusers.Entity.Auth
2025-02-13T11:58:32.984Z DEBUG 4604 --- [aniviewAuthUsers] [           main] o.h.boot.model.internal.EntityBinder     : Import with entity name Auth
2025-02-13T11:58:32.989Z DEBUG 4604 --- [aniviewAuthUsers] [           main] o.h.boot.model.internal.EntityBinder     : Bind entity com.aniview.authusers.Entity.Auth on table auth
2025-02-13T11:58:32.998Z DEBUG 4604 --- [aniviewAuthUsers] [           main] o.h.boot.model.internal.AnnotatedColumn  : Binding column: AnnotatedDiscriminatorColumn(column='DTYPE')
2025-02-13T11:58:33.013Z DEBUG 4604 --- [aniviewAuthUsers] [           main] o.h.boot.model.internal.AnnotatedColumn  : Binding column: AnnotatedColumn(column='user_id')
2025-02-13T11:58:33.014Z DEBUG 4604 --- [aniviewAuthUsers] [           main] o.h.boot.internal.ClassLoaderAccessImpl  : Not known whether passed class name [com.aniview.authusers.Entity.Auth] is safe
2025-02-13T11:58:33.015Z DEBUG 4604 --- [aniviewAuthUsers] [           main] o.h.boot.internal.ClassLoaderAccessImpl  : No temp ClassLoader provided; using live ClassLoader for loading potentially unsafe class : com.aniview.authusers.Entity.Auth
2025-02-13T11:58:33.018Z DEBUG 4604 --- [aniviewAuthUsers] [           main] o.h.boot.model.internal.AnnotatedColumn  : Binding column: AnnotatedJoinColumn(column='user_id')
2025-02-13T11:58:33.019Z DEBUG 4604 --- [aniviewAuthUsers] [           main] o.h.boot.model.internal.PropertyBinder   : MetadataSourceProcessor property userId with lazy=false
2025-02-13T11:58:33.022Z DEBUG 4604 --- [aniviewAuthUsers] [           main] o.h.b.m.internal.AbstractPropertyHolder  : Attempting to locate auto-apply AttributeConverter for property [com.aniview.authusers.Entity.Auth:userId]
2025-02-13T11:58:33.025Z DEBUG 4604 --- [aniviewAuthUsers] [           main] o.h.b.model.internal.BasicValueBinder    : building BasicValue for userId
2025-02-13T11:58:33.027Z DEBUG 4604 --- [aniviewAuthUsers] [           main] org.hibernate.mapping.BasicValue         : Skipping column re-registration: auth.user_id
2025-02-13T11:58:33.028Z DEBUG 4604 --- [aniviewAuthUsers] [           main] o.h.boot.model.internal.PropertyBinder   : Building property userId
2025-02-13T11:58:33.030Z DEBUG 4604 --- [aniviewAuthUsers] [           main] o.h.boot.model.internal.BinderHelper     : #makeIdGenerator(BasicValue([Column(user_id)]), userId, foreign, Hibernate-local--foreign generator, ...)
2025-02-13T11:58:33.031Z DEBUG 4604 --- [aniviewAuthUsers] [           main] o.h.boot.model.internal.AnnotatedColumn  : Binding column: AnnotatedColumn()
2025-02-13T11:58:33.034Z DEBUG 4604 --- [aniviewAuthUsers] [           main] o.h.boot.model.internal.PropertyBinder   : MetadataSourceProcessor property password with lazy=false
2025-02-13T11:58:33.034Z DEBUG 4604 --- [aniviewAuthUsers] [           main] o.h.b.m.internal.AbstractPropertyHolder  : Attempting to locate auto-apply AttributeConverter for property [com.aniview.authusers.Entity.Auth:password]
2025-02-13T11:58:33.034Z DEBUG 4604 --- [aniviewAuthUsers] [           main] o.h.b.model.internal.BasicValueBinder    : building BasicValue for password
2025-02-13T11:58:33.034Z DEBUG 4604 --- [aniviewAuthUsers] [           main] org.hibernate.mapping.BasicValue         : Skipping column re-registration: auth.password
2025-02-13T11:58:33.034Z DEBUG 4604 --- [aniviewAuthUsers] [           main] o.h.boot.model.internal.PropertyBinder   : Building property password
2025-02-13T11:58:33.035Z DEBUG 4604 --- [aniviewAuthUsers] [           main] o.h.boot.model.internal.AnnotatedColumn  : Binding column: AnnotatedJoinColumn(column='user_id')
2025-02-13T11:58:33.035Z DEBUG 4604 --- [aniviewAuthUsers] [           main] o.h.boot.model.internal.AnnotatedColumn  : Binding column: AnnotatedColumn()
2025-02-13T11:58:33.039Z DEBUG 4604 --- [aniviewAuthUsers] [           main] o.h.b.r.c.i.ClassLoaderServiceImpl       : HHH000194: Package not found or no package-info.java: com.aniview.authusers.Entity
2025-02-13T11:58:33.042Z DEBUG 4604 --- [aniviewAuthUsers] [           main] o.h.boot.model.internal.EntityBinder     : Binding entity from annotated class: com.aniview.authusers.Entity.User
2025-02-13T11:58:33.043Z DEBUG 4604 --- [aniviewAuthUsers] [           main] o.h.boot.model.internal.EntityBinder     : Import with entity name User
2025-02-13T11:58:33.043Z DEBUG 4604 --- [aniviewAuthUsers] [           main] o.h.boot.model.internal.EntityBinder     : Bind entity com.aniview.authusers.Entity.User on table users
2025-02-13T11:58:33.044Z DEBUG 4604 --- [aniviewAuthUsers] [           main] o.h.boot.model.internal.AnnotatedColumn  : Binding column: AnnotatedDiscriminatorColumn(column='DTYPE')
2025-02-13T11:58:33.045Z DEBUG 4604 --- [aniviewAuthUsers] [           main] o.h.boot.model.internal.AnnotatedColumn  : Binding column: AnnotatedColumn()
2025-02-13T11:58:33.045Z DEBUG 4604 --- [aniviewAuthUsers] [           main] o.h.boot.internal.ClassLoaderAccessImpl  : Not known whether passed class name [com.aniview.authusers.Entity.User] is safe
2025-02-13T11:58:33.045Z DEBUG 4604 --- [aniviewAuthUsers] [           main] o.h.boot.internal.ClassLoaderAccessImpl  : No temp ClassLoader provided; using live ClassLoader for loading potentially unsafe class : com.aniview.authusers.Entity.User
2025-02-13T11:58:33.045Z DEBUG 4604 --- [aniviewAuthUsers] [           main] o.h.boot.model.internal.PropertyBinder   : MetadataSourceProcessor property id with lazy=false
2025-02-13T11:58:33.045Z DEBUG 4604 --- [aniviewAuthUsers] [           main] o.h.b.m.internal.AbstractPropertyHolder  : Attempting to locate auto-apply AttributeConverter for property [com.aniview.authusers.Entity.User:id]
2025-02-13T11:58:33.045Z DEBUG 4604 --- [aniviewAuthUsers] [           main] o.h.b.model.internal.BasicValueBinder    : building BasicValue for id
2025-02-13T11:58:33.045Z DEBUG 4604 --- [aniviewAuthUsers] [           main] org.hibernate.mapping.BasicValue         : Skipping column re-registration: users.id
2025-02-13T11:58:33.045Z DEBUG 4604 --- [aniviewAuthUsers] [           main] o.h.boot.model.internal.PropertyBinder   : Building property id
2025-02-13T11:58:33.047Z DEBUG 4604 --- [aniviewAuthUsers] [           main] o.h.boot.model.internal.BinderHelper     : #makeIdGenerator(BasicValue([Column(id)]), id, org.hibernate.id.UUIDGenerator, , ...)
2025-02-13T11:58:33.049Z DEBUG 4604 --- [aniviewAuthUsers] [           main] o.h.boot.model.internal.AnnotatedColumn  : Binding column: AnnotatedColumn()
2025-02-13T11:58:33.050Z DEBUG 4604 --- [aniviewAuthUsers] [           main] o.h.boot.model.internal.PropertyBinder   : MetadataSourceProcessor property email with lazy=false
2025-02-13T11:58:33.050Z DEBUG 4604 --- [aniviewAuthUsers] [           main] o.h.b.m.internal.AbstractPropertyHolder  : Attempting to locate auto-apply AttributeConverter for property [com.aniview.authusers.Entity.User:email]
2025-02-13T11:58:33.050Z DEBUG 4604 --- [aniviewAuthUsers] [           main] o.h.b.model.internal.BasicValueBinder    : building BasicValue for email
2025-02-13T11:58:33.050Z DEBUG 4604 --- [aniviewAuthUsers] [           main] org.hibernate.mapping.BasicValue         : Skipping column re-registration: users.email
2025-02-13T11:58:33.050Z DEBUG 4604 --- [aniviewAuthUsers] [           main] o.h.boot.model.internal.PropertyBinder   : Building property email
2025-02-13T11:58:33.050Z DEBUG 4604 --- [aniviewAuthUsers] [           main] o.h.boot.model.internal.AnnotatedColumn  : Binding column: AnnotatedColumn()
2025-02-13T11:58:33.051Z DEBUG 4604 --- [aniviewAuthUsers] [           main] o.h.boot.model.internal.PropertyBinder   : MetadataSourceProcessor property image with lazy=false
2025-02-13T11:58:33.051Z DEBUG 4604 --- [aniviewAuthUsers] [           main] o.h.b.m.internal.AbstractPropertyHolder  : Attempting to locate auto-apply AttributeConverter for property [com.aniview.authusers.Entity.User:image]
2025-02-13T11:58:33.051Z DEBUG 4604 --- [aniviewAuthUsers] [           main] o.h.b.model.internal.BasicValueBinder    : building BasicValue for image
2025-02-13T11:58:33.051Z DEBUG 4604 --- [aniviewAuthUsers] [           main] org.hibernate.mapping.BasicValue         : Skipping column re-registration: users.image
2025-02-13T11:58:33.051Z DEBUG 4604 --- [aniviewAuthUsers] [           main] o.h.boot.model.internal.PropertyBinder   : Building property image
2025-02-13T11:58:33.051Z DEBUG 4604 --- [aniviewAuthUsers] [           main] o.h.boot.model.internal.AnnotatedColumn  : Binding column: AnnotatedColumn()
2025-02-13T11:58:33.051Z DEBUG 4604 --- [aniviewAuthUsers] [           main] o.h.boot.model.internal.PropertyBinder   : MetadataSourceProcessor property lastname with lazy=false
2025-02-13T11:58:33.051Z DEBUG 4604 --- [aniviewAuthUsers] [           main] o.h.b.m.internal.AbstractPropertyHolder  : Attempting to locate auto-apply AttributeConverter for property [com.aniview.authusers.Entity.User:lastname]
2025-02-13T11:58:33.052Z DEBUG 4604 --- [aniviewAuthUsers] [           main] o.h.b.model.internal.BasicValueBinder    : building BasicValue for lastname
2025-02-13T11:58:33.052Z DEBUG 4604 --- [aniviewAuthUsers] [           main] org.hibernate.mapping.BasicValue         : Skipping column re-registration: users.lastname
2025-02-13T11:58:33.052Z DEBUG 4604 --- [aniviewAuthUsers] [           main] o.h.boot.model.internal.PropertyBinder   : Building property lastname
2025-02-13T11:58:33.052Z DEBUG 4604 --- [aniviewAuthUsers] [           main] o.h.boot.model.internal.AnnotatedColumn  : Binding column: AnnotatedColumn()
2025-02-13T11:58:33.053Z DEBUG 4604 --- [aniviewAuthUsers] [           main] o.h.boot.model.internal.PropertyBinder   : MetadataSourceProcessor property name with lazy=false
2025-02-13T11:58:33.053Z DEBUG 4604 --- [aniviewAuthUsers] [           main] o.h.b.m.internal.AbstractPropertyHolder  : Attempting to locate auto-apply AttributeConverter for property [com.aniview.authusers.Entity.User:name]
2025-02-13T11:58:33.053Z DEBUG 4604 --- [aniviewAuthUsers] [           main] o.h.b.model.internal.BasicValueBinder    : building BasicValue for name
2025-02-13T11:58:33.053Z DEBUG 4604 --- [aniviewAuthUsers] [           main] org.hibernate.mapping.BasicValue         : Skipping column re-registration: users.name
2025-02-13T11:58:33.053Z DEBUG 4604 --- [aniviewAuthUsers] [           main] o.h.boot.model.internal.PropertyBinder   : Building property name
2025-02-13T11:58:33.054Z DEBUG 4604 --- [aniviewAuthUsers] [           main] o.h.boot.model.internal.AnnotatedColumn  : Binding column: AnnotatedColumn()
2025-02-13T11:58:33.054Z DEBUG 4604 --- [aniviewAuthUsers] [           main] o.h.boot.model.internal.PropertyBinder   : MetadataSourceProcessor property username with lazy=false
2025-02-13T11:58:33.054Z DEBUG 4604 --- [aniviewAuthUsers] [           main] o.h.b.m.internal.AbstractPropertyHolder  : Attempting to locate auto-apply AttributeConverter for property [com.aniview.authusers.Entity.User:username]
2025-02-13T11:58:33.054Z DEBUG 4604 --- [aniviewAuthUsers] [           main] o.h.b.model.internal.BasicValueBinder    : building BasicValue for username
2025-02-13T11:58:33.054Z DEBUG 4604 --- [aniviewAuthUsers] [           main] org.hibernate.mapping.BasicValue         : Skipping column re-registration: users.username
2025-02-13T11:58:33.054Z DEBUG 4604 --- [aniviewAuthUsers] [           main] o.h.boot.model.internal.PropertyBinder   : Building property username
2025-02-13T11:58:33.055Z DEBUG 4604 --- [aniviewAuthUsers] [           main] o.h.b.r.c.i.ClassLoaderServiceImpl       : HHH000194: Package not found or no package-info.java: com.aniview.authusers.Entity
2025-02-13T11:58:33.058Z DEBUG 4604 --- [aniviewAuthUsers] [           main] o.h.b.model.internal.BasicValueBinder    : Starting `BasicValueBinder#fillSimpleValue` for userId
2025-02-13T11:58:33.059Z DEBUG 4604 --- [aniviewAuthUsers] [           main] o.h.b.model.internal.BasicValueBinder    : Starting `BasicValueBinder#fillSimpleValue` for password
2025-02-13T11:58:33.060Z DEBUG 4604 --- [aniviewAuthUsers] [           main] o.h.b.model.internal.BasicValueBinder    : Starting `BasicValueBinder#fillSimpleValue` for id
2025-02-13T11:58:33.060Z DEBUG 4604 --- [aniviewAuthUsers] [           main] o.h.b.model.internal.BasicValueBinder    : Starting `BasicValueBinder#fillSimpleValue` for email
2025-02-13T11:58:33.060Z DEBUG 4604 --- [aniviewAuthUsers] [           main] o.h.b.model.internal.BasicValueBinder    : Starting `BasicValueBinder#fillSimpleValue` for image
2025-02-13T11:58:33.060Z DEBUG 4604 --- [aniviewAuthUsers] [           main] o.h.b.model.internal.BasicValueBinder    : Starting `BasicValueBinder#fillSimpleValue` for lastname
2025-02-13T11:58:33.060Z DEBUG 4604 --- [aniviewAuthUsers] [           main] o.h.b.model.internal.BasicValueBinder    : Starting `BasicValueBinder#fillSimpleValue` for name
2025-02-13T11:58:33.060Z DEBUG 4604 --- [aniviewAuthUsers] [           main] o.h.b.model.internal.BasicValueBinder    : Starting `BasicValueBinder#fillSimpleValue` for username
2025-02-13T11:58:33.065Z DEBUG 4604 --- [aniviewAuthUsers] [           main] org.hibernate.mapping.PrimaryKey         : Forcing column [user_id] to be non-null as it is part of the primary key for table [auth]
2025-02-13T11:58:33.065Z DEBUG 4604 --- [aniviewAuthUsers] [           main] org.hibernate.mapping.PrimaryKey         : Forcing column [id] to be non-null as it is part of the primary key for table [users]
2025-02-13T11:58:33.066Z DEBUG 4604 --- [aniviewAuthUsers] [           main] o.h.boot.model.internal.PropertyBinder   : Building property user
2025-02-13T11:58:33.133Z DEBUG 4604 --- [aniviewAuthUsers] [           main] o.hibernate.internal.SessionFactoryImpl  : Building session factory
2025-02-13T11:58:33.178Z DEBUG 4604 --- [aniviewAuthUsers] [           main] .h.s.i.SessionFactoryServiceRegistryImpl : EventListenerRegistry access via ServiceRegistry is deprecated.  Use `sessionFactory.getEventEngine().getListenerRegistry()` instead
2025-02-13T11:58:33.178Z DEBUG 4604 --- [aniviewAuthUsers] [           main] o.hibernate.internal.SessionFactoryImpl  : Instantiating SessionFactory with settings: {hibernate.format_sql=true, java.specification.version=23, sun.cpu.isalist=amd64, hibernate.resource.beans.container=org.springframework.orm.hibernate5.SpringBeanContainer@5c3007d, hibernate.connection.handling_mode=DELAYED_ACQUISITION_AND_HOLD, sun.jnu.encoding=Cp1252, hibernate.dialect=org.hibernate.dialect.PostgreSQLDialect, hibernate.implicit_naming_strategy=org.springframework.boot.orm.jpa.hibernate.SpringImplicitNamingStrategy, java.class.path=C:\Users\Saiko\Desktop\class\PGV\AniviewAuthUsers\target\test-classes;C:\Users\Saiko\Desktop\class\PGV\AniviewAuthUsers\target\classes;C:\Users\Saiko\.m2\repository\org\springframework\boot\spring-boot-starter-data-jpa\3.4.1\spring-boot-starter-data-jpa-3.4.1.jar;C:\Users\Saiko\.m2\repository\org\springframework\boot\spring-boot-starter\3.4.1\spring-boot-starter-3.4.1.jar;C:\Users\Saiko\.m2\repository\org\springframework\boot\spring-boot\3.4.1\spring-boot-3.4.1.jar;C:\Users\Saiko\.m2\repository\org\springframework\boot\spring-boot-autoconfigure\3.4.1\spring-boot-autoconfigure-3.4.1.jar;C:\Users\Saiko\.m2\repository\org\springframework\boot\spring-boot-starter-logging\3.4.1\spring-boot-starter-logging-3.4.1.jar;C:\Users\Saiko\.m2\repository\ch\qos\logback\logback-classic\1.5.12\logback-classic-1.5.12.jar;C:\Users\Saiko\.m2\repository\ch\qos\logback\logback-core\1.5.12\logback-core-1.5.12.jar;C:\Users\Saiko\.m2\repository\org\apache\logging\log4j\log4j-to-slf4j\2.24.3\log4j-to-slf4j-2.24.3.jar;C:\Users\Saiko\.m2\repository\org\apache\logging\log4j\log4j-api\2.24.3\log4j-api-2.24.3.jar;C:\Users\Saiko\.m2\repository\org\slf4j\jul-to-slf4j\2.0.16\jul-to-slf4j-2.0.16.jar;C:\Users\Saiko\.m2\repository\jakarta\annotation\jakarta.annotation-api\2.1.1\jakarta.annotation-api-2.1.1.jar;C:\Users\Saiko\.m2\repository\org\yaml\snakeyaml\2.3\snakeyaml-2.3.jar;C:\Users\Saiko\.m2\repository\org\springframework\boot\spring-boot-starter-jdbc\3.4.1\spring-boot-starter-jdbc-3.4.1.jar;C:\Users\Saiko\.m2\repository\com\zaxxer\HikariCP\5.1.0\HikariCP-5.1.0.jar;C:\Users\Saiko\.m2\repository\org\springframework\spring-jdbc\6.2.1\spring-jdbc-6.2.1.jar;C:\Users\Saiko\.m2\repository\org\hibernate\orm\hibernate-core\6.6.4.Final\hibernate-core-6.6.4.Final.jar;C:\Users\Saiko\.m2\repository\jakarta\persistence\jakarta.persistence-api\3.1.0\jakarta.persistence-api-3.1.0.jar;C:\Users\Saiko\.m2\repository\jakarta\transaction\jakarta.transaction-api\2.0.1\jakarta.transaction-api-2.0.1.jar;C:\Users\Saiko\.m2\repository\org\jboss\logging\jboss-logging\3.6.1.Final\jboss-logging-3.6.1.Final.jar;C:\Users\Saiko\.m2\repository\org\hibernate\common\hibernate-commons-annotations\7.0.3.Final\hibernate-commons-annotations-7.0.3.Final.jar;C:\Users\Saiko\.m2\repository\io\smallrye\jandex\3.2.0\jandex-3.2.0.jar;C:\Users\Saiko\.m2\repository\com\fasterxml\classmate\1.7.0\classmate-1.7.0.jar;C:\Users\Saiko\.m2\repository\net\bytebuddy\byte-buddy\1.15.11\byte-buddy-1.15.11.jar;C:\Users\Saiko\.m2\repository\org\glassfish\jaxb\jaxb-runtime\4.0.5\jaxb-runtime-4.0.5.jar;C:\Users\Saiko\.m2\repository\org\glassfish\jaxb\jaxb-core\4.0.5\jaxb-core-4.0.5.jar;C:\Users\Saiko\.m2\repository\org\eclipse\angus\angus-activation\2.0.2\angus-activation-2.0.2.jar;C:\Users\Saiko\.m2\repository\org\glassfish\jaxb\txw2\4.0.5\txw2-4.0.5.jar;C:\Users\Saiko\.m2\repository\com\sun\istack\istack-commons-runtime\4.1.2\istack-commons-runtime-4.1.2.jar;C:\Users\Saiko\.m2\repository\jakarta\inject\jakarta.inject-api\2.0.1\jakarta.inject-api-2.0.1.jar;C:\Users\Saiko\.m2\repository\org\antlr\antlr4-runtime\4.13.0\antlr4-runtime-4.13.0.jar;C:\Users\Saiko\.m2\repository\org\springframework\data\spring-data-jpa\3.4.1\spring-data-jpa-3.4.1.jar;C:\Users\Saiko\.m2\repository\org\springframework\data\spring-data-commons\3.4.1\spring-data-commons-3.4.1.jar;C:\Users\Saiko\.m2\repository\org\springframework\spring-orm\6.2.1\spring-orm-6.2.1.jar;C:\Users\Saiko\.m2\repository\org\springframework\spring-context\6.2.1\spring-context-6.2.1.jar;C:\Users\Saiko\.m2\repository\org\springframework\spring-tx\6.2.1\spring-tx-6.2.1.jar;C:\Users\Saiko\.m2\repository\org\springframework\spring-beans\6.2.1\spring-beans-6.2.1.jar;C:\Users\Saiko\.m2\repository\org\slf4j\slf4j-api\2.0.16\slf4j-api-2.0.16.jar;C:\Users\Saiko\.m2\repository\org\springframework\spring-aspects\6.2.1\spring-aspects-6.2.1.jar;C:\Users\Saiko\.m2\repository\org\aspectj\aspectjweaver\1.9.22.1\aspectjweaver-1.9.22.1.jar;C:\Users\Saiko\.m2\repository\org\springframework\boot\spring-boot-starter-security\3.4.1\spring-boot-starter-security-3.4.1.jar;C:\Users\Saiko\.m2\repository\org\springframework\spring-aop\6.2.1\spring-aop-6.2.1.jar;C:\Users\Saiko\.m2\repository\org\springframework\security\spring-security-config\6.4.2\spring-security-config-6.4.2.jar;C:\Users\Saiko\.m2\repository\org\springframework\security\spring-security-web\6.4.2\spring-security-web-6.4.2.jar;C:\Users\Saiko\.m2\repository\org\springframework\spring-expression\6.2.1\spring-expression-6.2.1.jar;C:\Users\Saiko\.m2\repository\org\springframework\boot\spring-boot-starter-web\3.4.1\spring-boot-starter-web-3.4.1.jar;C:\Users\Saiko\.m2\repository\org\springframework\boot\spring-boot-starter-json\3.4.1\spring-boot-starter-json-3.4.1.jar;C:\Users\Saiko\.m2\repository\com\fasterxml\jackson\datatype\jackson-datatype-jdk8\2.18.2\jackson-datatype-jdk8-2.18.2.jar;C:\Users\Saiko\.m2\repository\com\fasterxml\jackson\datatype\jackson-datatype-jsr310\2.18.2\jackson-datatype-jsr310-2.18.2.jar;C:\Users\Saiko\.m2\repository\com\fasterxml\jackson\module\jackson-module-parameter-names\2.18.2\jackson-module-parameter-names-2.18.2.jar;C:\Users\Saiko\.m2\repository\org\springframework\boot\spring-boot-starter-tomcat\3.4.1\spring-boot-starter-tomcat-3.4.1.jar;C:\Users\Saiko\.m2\repository\org\apache\tomcat\embed\tomcat-embed-core\10.1.34\tomcat-embed-core-10.1.34.jar;C:\Users\Saiko\.m2\repository\org\apache\tomcat\embed\tomcat-embed-el\10.1.34\tomcat-embed-el-10.1.34.jar;C:\Users\Saiko\.m2\repository\org\apache\tomcat\embed\tomcat-embed-websocket\10.1.34\tomcat-embed-websocket-10.1.34.jar;C:\Users\Saiko\.m2\repository\org\springframework\spring-web\6.2.1\spring-web-6.2.1.jar;C:\Users\Saiko\.m2\repository\io\micrometer\micrometer-observation\1.14.2\micrometer-observation-1.14.2.jar;C:\Users\Saiko\.m2\repository\io\micrometer\micrometer-commons\1.14.2\micrometer-commons-1.14.2.jar;C:\Users\Saiko\.m2\repository\org\springframework\spring-webmvc\6.2.1\spring-webmvc-6.2.1.jar;C:\Users\Saiko\.m2\repository\org\springframework\boot\spring-boot-starter-test\3.4.1\spring-boot-starter-test-3.4.1.jar;C:\Users\Saiko\.m2\repository\org\springframework\boot\spring-boot-test\3.4.1\spring-boot-test-3.4.1.jar;C:\Users\Saiko\.m2\repository\org\springframework\boot\spring-boot-test-autoconfigure\3.4.1\spring-boot-test-autoconfigure-3.4.1.jar;C:\Users\Saiko\.m2\repository\com\jayway\jsonpath\json-path\2.9.0\json-path-2.9.0.jar;C:\Users\Saiko\.m2\repository\jakarta\xml\bind\jakarta.xml.bind-api\4.0.2\jakarta.xml.bind-api-4.0.2.jar;C:\Users\Saiko\.m2\repository\jakarta\activation\jakarta.activation-api\2.1.3\jakarta.activation-api-2.1.3.jar;C:\Users\Saiko\.m2\repository\net\minidev\json-smart\2.5.1\json-smart-2.5.1.jar;C:\Users\Saiko\.m2\repository\net\minidev\accessors-smart\2.5.1\accessors-smart-2.5.1.jar;C:\Users\Saiko\.m2\repository\org\ow2\asm\asm\9.6\asm-9.6.jar;C:\Users\Saiko\.m2\repository\org\assertj\assertj-core\3.26.3\assertj-core-3.26.3.jar;C:\Users\Saiko\.m2\repository\org\awaitility\awaitility\4.2.2\awaitility-4.2.2.jar;C:\Users\Saiko\.m2\repository\org\hamcrest\hamcrest\2.2\hamcrest-2.2.jar;C:\Users\Saiko\.m2\repository\org\junit\jupiter\junit-jupiter\5.11.4\junit-jupiter-5.11.4.jar;C:\Users\Saiko\.m2\repository\org\junit\jupiter\junit-jupiter-api\5.11.4\junit-jupiter-api-5.11.4.jar;C:\Users\Saiko\.m2\repository\org\opentest4j\opentest4j\1.3.0\opentest4j-1.3.0.jar;C:\Users\Saiko\.m2\repository\org\junit\platform\junit-platform-commons\1.11.4\junit-platform-commons-1.11.4.jar;C:\Users\Saiko\.m2\repository\org\apiguardian\apiguardian-api\1.1.2\apiguardian-api-1.1.2.jar;C:\Users\Saiko\.m2\repository\org\junit\jupiter\junit-jupiter-params\5.11.4\junit-jupiter-params-5.11.4.jar;C:\Users\Saiko\.m2\repository\org\junit\jupiter\junit-jupiter-engine\5.11.4\junit-jupiter-engine-5.11.4.jar;C:\Users\Saiko\.m2\repository\org\junit\platform\junit-platform-engine\1.11.4\junit-platform-engine-1.11.4.jar;C:\Users\Saiko\.m2\repository\org\mockito\mockito-core\5.14.2\mockito-core-5.14.2.jar;C:\Users\Saiko\.m2\repository\net\bytebuddy\byte-buddy-agent\1.15.11\byte-buddy-agent-1.15.11.jar;C:\Users\Saiko\.m2\repository\org\objenesis\objenesis\3.3\objenesis-3.3.jar;C:\Users\Saiko\.m2\repository\org\mockito\mockito-junit-jupiter\5.14.2\mockito-junit-jupiter-5.14.2.jar;C:\Users\Saiko\.m2\repository\org\skyscreamer\jsonassert\1.5.3\jsonassert-1.5.3.jar;C:\Users\Saiko\.m2\repository\com\vaadin\external\google\android-json\0.0.20131108.vaadin1\android-json-0.0.20131108.vaadin1.jar;C:\Users\Saiko\.m2\repository\org\springframework\spring-core\6.2.1\spring-core-6.2.1.jar;C:\Users\Saiko\.m2\repository\org\springframework\spring-jcl\6.2.1\spring-jcl-6.2.1.jar;C:\Users\Saiko\.m2\repository\org\springframework\spring-test\6.2.1\spring-test-6.2.1.jar;C:\Users\Saiko\.m2\repository\org\xmlunit\xmlunit-core\2.10.0\xmlunit-core-2.10.0.jar;C:\Users\Saiko\.m2\repository\org\springframework\security\spring-security-test\6.4.2\spring-security-test-6.4.2.jar;C:\Users\Saiko\.m2\repository\org\springframework\security\spring-security-core\6.4.2\spring-security-core-6.4.2.jar;C:\Users\Saiko\.m2\repository\org\springframework\security\spring-security-crypto\6.4.2\spring-security-crypto-6.4.2.jar;C:\Users\Saiko\.m2\repository\org\postgresql\postgresql\42.6.0\postgresql-42.6.0.jar;C:\Users\Saiko\.m2\repository\org\checkerframework\checker-qual\3.31.0\checker-qual-3.31.0.jar;C:\Users\Saiko\.m2\repository\io\jsonwebtoken\jjwt-api\0.11.5\jjwt-api-0.11.5.jar;C:\Users\Saiko\.m2\repository\io\jsonwebtoken\jjwt-impl\0.11.5\jjwt-impl-0.11.5.jar;C:\Users\Saiko\.m2\repository\io\jsonwebtoken\jjwt-jackson\0.11.5\jjwt-jackson-0.11.5.jar;C:\Users\Saiko\.m2\repository\com\fasterxml\jackson\core\jackson-databind\2.18.2\jackson-databind-2.18.2.jar;C:\Users\Saiko\.m2\repository\com\fasterxml\jackson\core\jackson-annotations\2.18.2\jackson-annotations-2.18.2.jar;C:\Users\Saiko\.m2\repository\com\fasterxml\jackson\core\jackson-core\2.18.2\jackson-core-2.18.2.jar;C:\Users\Saiko\.m2\repository\jakarta\servlet\jakarta.servlet-api\5.0.0\jakarta.servlet-api-5.0.0.jar;, java.vm.vendor=Oracle Corporation, sun.arch.data.model=64, user.variant=, java.vendor.url=https://java.oracle.com/, user.timezone=Atlantic/Canary, jakarta.persistence.sharedCache.mode=UNSPECIFIED, org.jboss.logging.provider=slf4j, os.name=Windows 11, java.vm.specification.version=23, APPLICATION_NAME=aniviewAuthUsers, jakarta.persistence.nonJtaDataSource=HikariDataSource (HikariPool-1), sun.java.launcher=SUN_STANDARD, user.country=ES, sun.boot.library.path=C:\Program Files\Java\jdk-23\bin, sun.java.command=C:\Users\Saiko\AppData\Local\Temp\surefire6445207997641264449\surefirebooter-20250213115826758_3.jar C:\Users\Saiko\AppData\Local\Temp\surefire6445207997641264449 2025-02-13T11-58-26_549-jvmRun1 surefire-20250213115826758_1tmp surefire_0-20250213115826758_2tmp, javax.persistence.nonJtaDataSource=HikariDataSource (HikariPool-1), hibernate.use_sql_comments=true, hibernate.transaction.jta.platform=org.hibernate.engine.transaction.jta.platform.internal.NoJtaPlatform@66b40dd3, jdk.debug=release, surefire.test.class.path=C:\Users\Saiko\Desktop\class\PGV\AniviewAuthUsers\target\test-classes;C:\Users\Saiko\Desktop\class\PGV\AniviewAuthUsers\target\classes;C:\Users\Saiko\.m2\repository\org\springframework\boot\spring-boot-starter-data-jpa\3.4.1\spring-boot-starter-data-jpa-3.4.1.jar;C:\Users\Saiko\.m2\repository\org\springframework\boot\spring-boot-starter\3.4.1\spring-boot-starter-3.4.1.jar;C:\Users\Saiko\.m2\repository\org\springframework\boot\spring-boot\3.4.1\spring-boot-3.4.1.jar;C:\Users\Saiko\.m2\repository\org\springframework\boot\spring-boot-autoconfigure\3.4.1\spring-boot-autoconfigure-3.4.1.jar;C:\Users\Saiko\.m2\repository\org\springframework\boot\spring-boot-starter-logging\3.4.1\spring-boot-starter-logging-3.4.1.jar;C:\Users\Saiko\.m2\repository\ch\qos\logback\logback-classic\1.5.12\logback-classic-1.5.12.jar;C:\Users\Saiko\.m2\repository\ch\qos\logback\logback-core\1.5.12\logback-core-1.5.12.jar;C:\Users\Saiko\.m2\repository\org\apache\logging\log4j\log4j-to-slf4j\2.24.3\log4j-to-slf4j-2.24.3.jar;C:\Users\Saiko\.m2\repository\org\apache\logging\log4j\log4j-api\2.24.3\log4j-api-2.24.3.jar;C:\Users\Saiko\.m2\repository\org\slf4j\jul-to-slf4j\2.0.16\jul-to-slf4j-2.0.16.jar;C:\Users\Saiko\.m2\repository\jakarta\annotation\jakarta.annotation-api\2.1.1\jakarta.annotation-api-2.1.1.jar;C:\Users\Saiko\.m2\repository\org\yaml\snakeyaml\2.3\snakeyaml-2.3.jar;C:\Users\Saiko\.m2\repository\org\springframework\boot\spring-boot-starter-jdbc\3.4.1\spring-boot-starter-jdbc-3.4.1.jar;C:\Users\Saiko\.m2\repository\com\zaxxer\HikariCP\5.1.0\HikariCP-5.1.0.jar;C:\Users\Saiko\.m2\repository\org\springframework\spring-jdbc\6.2.1\spring-jdbc-6.2.1.jar;C:\Users\Saiko\.m2\repository\org\hibernate\orm\hibernate-core\6.6.4.Final\hibernate-core-6.6.4.Final.jar;C:\Users\Saiko\.m2\repository\jakarta\persistence\jakarta.persistence-api\3.1.0\jakarta.persistence-api-3.1.0.jar;C:\Users\Saiko\.m2\repository\jakarta\transaction\jakarta.transaction-api\2.0.1\jakarta.transaction-api-2.0.1.jar;C:\Users\Saiko\.m2\repository\org\jboss\logging\jboss-logging\3.6.1.Final\jboss-logging-3.6.1.Final.jar;C:\Users\Saiko\.m2\repository\org\hibernate\common\hibernate-commons-annotations\7.0.3.Final\hibernate-commons-annotations-7.0.3.Final.jar;C:\Users\Saiko\.m2\repository\io\smallrye\jandex\3.2.0\jandex-3.2.0.jar;C:\Users\Saiko\.m2\repository\com\fasterxml\classmate\1.7.0\classmate-1.7.0.jar;C:\Users\Saiko\.m2\repository\net\bytebuddy\byte-buddy\1.15.11\byte-buddy-1.15.11.jar;C:\Users\Saiko\.m2\repository\org\glassfish\jaxb\jaxb-runtime\4.0.5\jaxb-runtime-4.0.5.jar;C:\Users\Saiko\.m2\repository\org\glassfish\jaxb\jaxb-core\4.0.5\jaxb-core-4.0.5.jar;C:\Users\Saiko\.m2\repository\org\eclipse\angus\angus-activation\2.0.2\angus-activation-2.0.2.jar;C:\Users\Saiko\.m2\repository\org\glassfish\jaxb\txw2\4.0.5\txw2-4.0.5.jar;C:\Users\Saiko\.m2\repository\com\sun\istack\istack-commons-runtime\4.1.2\istack-commons-runtime-4.1.2.jar;C:\Users\Saiko\.m2\repository\jakarta\inject\jakarta.inject-api\2.0.1\jakarta.inject-api-2.0.1.jar;C:\Users\Saiko\.m2\repository\org\antlr\antlr4-runtime\4.13.0\antlr4-runtime-4.13.0.jar;C:\Users\Saiko\.m2\repository\org\springframework\data\spring-data-jpa\3.4.1\spring-data-jpa-3.4.1.jar;C:\Users\Saiko\.m2\repository\org\springframework\data\spring-data-commons\3.4.1\spring-data-commons-3.4.1.jar;C:\Users\Saiko\.m2\repository\org\springframework\spring-orm\6.2.1\spring-orm-6.2.1.jar;C:\Users\Saiko\.m2\repository\org\springframework\spring-context\6.2.1\spring-context-6.2.1.jar;C:\Users\Saiko\.m2\repository\org\springframework\spring-tx\6.2.1\spring-tx-6.2.1.jar;C:\Users\Saiko\.m2\repository\org\springframework\spring-beans\6.2.1\spring-beans-6.2.1.jar;C:\Users\Saiko\.m2\repository\org\slf4j\slf4j-api\2.0.16\slf4j-api-2.0.16.jar;C:\Users\Saiko\.m2\repository\org\springframework\spring-aspects\6.2.1\spring-aspects-6.2.1.jar;C:\Users\Saiko\.m2\repository\org\aspectj\aspectjweaver\1.9.22.1\aspectjweaver-1.9.22.1.jar;C:\Users\Saiko\.m2\repository\org\springframework\boot\spring-boot-starter-security\3.4.1\spring-boot-starter-security-3.4.1.jar;C:\Users\Saiko\.m2\repository\org\springframework\spring-aop\6.2.1\spring-aop-6.2.1.jar;C:\Users\Saiko\.m2\repository\org\springframework\security\spring-security-config\6.4.2\spring-security-config-6.4.2.jar;C:\Users\Saiko\.m2\repository\org\springframework\security\spring-security-web\6.4.2\spring-security-web-6.4.2.jar;C:\Users\Saiko\.m2\repository\org\springframework\spring-expression\6.2.1\spring-expression-6.2.1.jar;C:\Users\Saiko\.m2\repository\org\springframework\boot\spring-boot-starter-web\3.4.1\spring-boot-starter-web-3.4.1.jar;C:\Users\Saiko\.m2\repository\org\springframework\boot\spring-boot-starter-json\3.4.1\spring-boot-starter-json-3.4.1.jar;C:\Users\Saiko\.m2\repository\com\fasterxml\jackson\datatype\jackson-datatype-jdk8\2.18.2\jackson-datatype-jdk8-2.18.2.jar;C:\Users\Saiko\.m2\repository\com\fasterxml\jackson\datatype\jackson-datatype-jsr310\2.18.2\jackson-datatype-jsr310-2.18.2.jar;C:\Users\Saiko\.m2\repository\com\fasterxml\jackson\module\jackson-module-parameter-names\2.18.2\jackson-module-parameter-names-2.18.2.jar;C:\Users\Saiko\.m2\repository\org\springframework\boot\spring-boot-starter-tomcat\3.4.1\spring-boot-starter-tomcat-3.4.1.jar;C:\Users\Saiko\.m2\repository\org\apache\tomcat\embed\tomcat-embed-core\10.1.34\tomcat-embed-core-10.1.34.jar;C:\Users\Saiko\.m2\repository\org\apache\tomcat\embed\tomcat-embed-el\10.1.34\tomcat-embed-el-10.1.34.jar;C:\Users\Saiko\.m2\repository\org\apache\tomcat\embed\tomcat-embed-websocket\10.1.34\tomcat-embed-websocket-10.1.34.jar;C:\Users\Saiko\.m2\repository\org\springframework\spring-web\6.2.1\spring-web-6.2.1.jar;C:\Users\Saiko\.m2\repository\io\micrometer\micrometer-observation\1.14.2\micrometer-observation-1.14.2.jar;C:\Users\Saiko\.m2\repository\io\micrometer\micrometer-commons\1.14.2\micrometer-commons-1.14.2.jar;C:\Users\Saiko\.m2\repository\org\springframework\spring-webmvc\6.2.1\spring-webmvc-6.2.1.jar;C:\Users\Saiko\.m2\repository\org\springframework\boot\spring-boot-starter-test\3.4.1\spring-boot-starter-test-3.4.1.jar;C:\Users\Saiko\.m2\repository\org\springframework\boot\spring-boot-test\3.4.1\spring-boot-test-3.4.1.jar;C:\Users\Saiko\.m2\repository\org\springframework\boot\spring-boot-test-autoconfigure\3.4.1\spring-boot-test-autoconfigure-3.4.1.jar;C:\Users\Saiko\.m2\repository\com\jayway\jsonpath\json-path\2.9.0\json-path-2.9.0.jar;C:\Users\Saiko\.m2\repository\jakarta\xml\bind\jakarta.xml.bind-api\4.0.2\jakarta.xml.bind-api-4.0.2.jar;C:\Users\Saiko\.m2\repository\jakarta\activation\jakarta.activation-api\2.1.3\jakarta.activation-api-2.1.3.jar;C:\Users\Saiko\.m2\repository\net\minidev\json-smart\2.5.1\json-smart-2.5.1.jar;C:\Users\Saiko\.m2\repository\net\minidev\accessors-smart\2.5.1\accessors-smart-2.5.1.jar;C:\Users\Saiko\.m2\repository\org\ow2\asm\asm\9.6\asm-9.6.jar;C:\Users\Saiko\.m2\repository\org\assertj\assertj-core\3.26.3\assertj-core-3.26.3.jar;C:\Users\Saiko\.m2\repository\org\awaitility\awaitility\4.2.2\awaitility-4.2.2.jar;C:\Users\Saiko\.m2\repository\org\hamcrest\hamcrest\2.2\hamcrest-2.2.jar;C:\Users\Saiko\.m2\repository\org\junit\jupiter\junit-jupiter\5.11.4\junit-jupiter-5.11.4.jar;C:\Users\Saiko\.m2\repository\org\junit\jupiter\junit-jupiter-api\5.11.4\junit-jupiter-api-5.11.4.jar;C:\Users\Saiko\.m2\repository\org\opentest4j\opentest4j\1.3.0\opentest4j-1.3.0.jar;C:\Users\Saiko\.m2\repository\org\junit\platform\junit-platform-commons\1.11.4\junit-platform-commons-1.11.4.jar;C:\Users\Saiko\.m2\repository\org\apiguardian\apiguardian-api\1.1.2\apiguardian-api-1.1.2.jar;C:\Users\Saiko\.m2\repository\org\junit\jupiter\junit-jupiter-params\5.11.4\junit-jupiter-params-5.11.4.jar;C:\Users\Saiko\.m2\repository\org\junit\jupiter\junit-jupiter-engine\5.11.4\junit-jupiter-engine-5.11.4.jar;C:\Users\Saiko\.m2\repository\org\junit\platform\junit-platform-engine\1.11.4\junit-platform-engine-1.11.4.jar;C:\Users\Saiko\.m2\repository\org\mockito\mockito-core\5.14.2\mockito-core-5.14.2.jar;C:\Users\Saiko\.m2\repository\net\bytebuddy\byte-buddy-agent\1.15.11\byte-buddy-agent-1.15.11.jar;C:\Users\Saiko\.m2\repository\org\objenesis\objenesis\3.3\objenesis-3.3.jar;C:\Users\Saiko\.m2\repository\org\mockito\mockito-junit-jupiter\5.14.2\mockito-junit-jupiter-5.14.2.jar;C:\Users\Saiko\.m2\repository\org\skyscreamer\jsonassert\1.5.3\jsonassert-1.5.3.jar;C:\Users\Saiko\.m2\repository\com\vaadin\external\google\android-json\0.0.20131108.vaadin1\android-json-0.0.20131108.vaadin1.jar;C:\Users\Saiko\.m2\repository\org\springframework\spring-core\6.2.1\spring-core-6.2.1.jar;C:\Users\Saiko\.m2\repository\org\springframework\spring-jcl\6.2.1\spring-jcl-6.2.1.jar;C:\Users\Saiko\.m2\repository\org\springframework\spring-test\6.2.1\spring-test-6.2.1.jar;C:\Users\Saiko\.m2\repository\org\xmlunit\xmlunit-core\2.10.0\xmlunit-core-2.10.0.jar;C:\Users\Saiko\.m2\repository\org\springframework\security\spring-security-test\6.4.2\spring-security-test-6.4.2.jar;C:\Users\Saiko\.m2\repository\org\springframework\security\spring-security-core\6.4.2\spring-security-core-6.4.2.jar;C:\Users\Saiko\.m2\repository\org\springframework\security\spring-security-crypto\6.4.2\spring-security-crypto-6.4.2.jar;C:\Users\Saiko\.m2\repository\org\postgresql\postgresql\42.6.0\postgresql-42.6.0.jar;C:\Users\Saiko\.m2\repository\org\checkerframework\checker-qual\3.31.0\checker-qual-3.31.0.jar;C:\Users\Saiko\.m2\repository\io\jsonwebtoken\jjwt-api\0.11.5\jjwt-api-0.11.5.jar;C:\Users\Saiko\.m2\repository\io\jsonwebtoken\jjwt-impl\0.11.5\jjwt-impl-0.11.5.jar;C:\Users\Saiko\.m2\repository\io\jsonwebtoken\jjwt-jackson\0.11.5\jjwt-jackson-0.11.5.jar;C:\Users\Saiko\.m2\repository\com\fasterxml\jackson\core\jackson-databind\2.18.2\jackson-databind-2.18.2.jar;C:\Users\Saiko\.m2\repository\com\fasterxml\jackson\core\jackson-annotations\2.18.2\jackson-annotations-2.18.2.jar;C:\Users\Saiko\.m2\repository\com\fasterxml\jackson\core\jackson-core\2.18.2\jackson-core-2.18.2.jar;C:\Users\Saiko\.m2\repository\jakarta\servlet\jakarta.servlet-api\5.0.0\jakarta.servlet-api-5.0.0.jar;, sun.cpu.endian=little, hibernate.cdi.extensions=true, user.home=C:\Users\Saiko, user.language=es, java.specification.vendor=Oracle Corporation, java.version.date=2024-10-15, java.home=C:\Program Files\Java\jdk-23, file.separator=\, basedir=C:\Users\Saiko\Desktop\class\PGV\AniviewAuthUsers, java.vm.compressedOopsMode=Zero based, line.separator=
, hibernate.persistenceUnitName=default, java.vm.specification.vendor=Oracle Corporation, java.specification.name=Java Platform API Specification, FILE_LOG_CHARSET=UTF-8, hibernate.transaction.coordinator_class=class org.hibernate.resource.transaction.backend.jdbc.internal.JdbcResourceLocalTransactionCoordinatorBuilderImpl, java.awt.headless=true, surefire.real.class.path=C:\Users\Saiko\AppData\Local\Temp\surefire6445207997641264449\surefirebooter-20250213115826758_3.jar, jakarta.persistence.validation.mode=AUTO, hibernate.hbm2ddl.auto=update, user.script=, sun.management.compiler=HotSpot 64-Bit Tiered Compilers, java.runtime.version=23.0.1+11-39, user.name=Saiko, stdout.encoding=Cp1252, path.separator=;, os.version=10.0, java.runtime.name=Java(TM) SE Runtime Environment, file.encoding=UTF-8, java.vm.name=Java HotSpot(TM) 64-Bit Server VM, hibernate.show_sql=true, localRepository=C:\Users\Saiko\.m2\repository, hibernate.prepare_sql=true, java.vendor.url.bug=https://bugreport.java.com/bugreport/, java.io.tmpdir=C:\Users\Saiko\AppData\Local\Temp\, java.version=23.0.1, hibernate.physical_naming_strategy=org.hibernate.boot.model.naming.CamelCaseToUnderscoresNamingStrategy, user.dir=C:\Users\Saiko\Desktop\class\PGV\AniviewAuthUsers, os.arch=amd64, java.vm.specification.name=Java Virtual Machine Specification, PID=4604, sun.os.patch.level=, CONSOLE_LOG_CHARSET=UTF-8, hibernate.boot.CfgXmlAccessService.key=org.hibernate.boot.registry.StandardServiceRegistryBuilder$1@7296fe0b, native.encoding=Cp1252, java.library.path=C:\Program Files\Java\jdk-23\bin;C:\WINDOWS\Sun\Java\bin;C:\WINDOWS\system32;C:\WINDOWS;C:\Program Files\Common Files\Oracle\Java\javapath;C:\WINDOWS\system32;C:\WINDOWS;C:\WINDOWS\System32\Wbem;C:\WINDOWS\System32\WindowsPowerShell\v1.0\;C:\WINDOWS\System32\OpenSSH\;C:\Program Files\Microsoft VS Code\bin;C:\Program Files\Git\cmd;C:\Program Files\Docker\Docker\resources\bin;C:\Program Files\nodejs\;c:\Users\Saiko\AppData\Local\Programs\cursor\resources\app\bin;C:\Program Files\dotnet\;C:\Program Files\apache-maven-3.9.9\bin;C:\Users\Saiko\.console-ninja\.bin;C:\Users\Saiko\AppData\Local\Microsoft\WindowsApps;C:\Users\Saiko\AppData\Local\GitHubDesktop\bin;C:\Users\Saiko\AppData\Roaming\npm;C:\Program Files\Java\jdk-23\bin;;C:\Program Files\JetBrains\IntelliJ IDEA 2024.3.1\bin;;c:\Users\Saiko\AppData\Roaming\Code\User\globalStorage\github.copilot-chat\debugCommand;., stderr.encoding=Cp1252, java.vendor=Oracle Corporation, java.vm.info=mixed mode, sharing, java.vm.version=23.0.1+11-39, sun.io.unicode.encoding=UnicodeLittle, hibernate.archive.scanner=org.hibernate.boot.archive.scan.internal.DisabledScanner, hibernate.connection.datasource=HikariDataSource (HikariPool-1), java.class.version=67.0, LOGGED_APPLICATION_NAME=[aniviewAuthUsers] }
2025-02-13T11:58:33.182Z DEBUG 4604 --- [aniviewAuthUsers] [           main] o.hibernate.internal.SessionFactoryImpl  : Session factory constructed with filter configurations : {}
2025-02-13T11:58:33.221Z DEBUG 4604 --- [aniviewAuthUsers] [           main] o.h.q.sqm.function.SqmFunctionRegistry   : Registered SqmFunctionTemplate [NamedSqmFunctionTemplate(max)] under max; prior registration was null
2025-02-13T11:58:33.222Z DEBUG 4604 --- [aniviewAuthUsers] [           main] o.h.q.sqm.function.SqmFunctionRegistry   : Registered SqmFunctionTemplate [NamedSqmFunctionTemplate(min)] under min; prior registration was null
2025-02-13T11:58:33.223Z DEBUG 4604 --- [aniviewAuthUsers] [           main] o.h.q.sqm.function.SqmFunctionRegistry   : Registered SqmFunctionTemplate [NamedSqmFunctionTemplate(sum)] under sum; prior registration was null
2025-02-13T11:58:33.223Z DEBUG 4604 --- [aniviewAuthUsers] [           main] o.h.q.sqm.function.SqmFunctionRegistry   : Registered SqmFunctionTemplate [NamedSqmFunctionTemplate(avg)] under avg; prior registration was null
2025-02-13T11:58:33.225Z DEBUG 4604 --- [aniviewAuthUsers] [           main] o.h.q.sqm.function.SqmFunctionRegistry   : Registered SqmFunctionTemplate [org.hibernate.dialect.function.CountFunction@75d7297d] under count; prior registration was null
2025-02-13T11:58:33.226Z DEBUG 4604 --- [aniviewAuthUsers] [           main] o.h.q.sqm.function.SqmFunctionRegistry   : Registered SqmFunctionTemplate [org.hibernate.dialect.function.EveryAnyEmulation@3aab42d6] under every; prior registration was null
2025-02-13T11:58:33.226Z DEBUG 4604 --- [aniviewAuthUsers] [           main] o.h.q.sqm.function.SqmFunctionRegistry   : Registered SqmFunctionTemplate [org.hibernate.dialect.function.EveryAnyEmulation@6badb08c] under any; prior registration was null
2025-02-13T11:58:33.226Z DEBUG 4604 --- [aniviewAuthUsers] [           main] o.h.q.sqm.function.SqmFunctionRegistry   : Registered SqmFunctionTemplate [NamedSqmFunctionTemplate(floor)] under floor; prior registration was null
2025-02-13T11:58:33.226Z DEBUG 4604 --- [aniviewAuthUsers] [           main] o.h.q.sqm.function.SqmFunctionRegistry   : Registered SqmFunctionTemplate [NamedSqmFunctionTemplate(ceiling)] under ceiling; prior registration was null
2025-02-13T11:58:33.227Z DEBUG 4604 --- [aniviewAuthUsers] [           main] o.h.q.sqm.function.SqmFunctionRegistry   : Registered SqmFunctionTemplate [NamedSqmFunctionTemplate(mod)] under mod; prior registration was null
2025-02-13T11:58:33.227Z DEBUG 4604 --- [aniviewAuthUsers] [           main] o.h.q.sqm.function.SqmFunctionRegistry   : Registered SqmFunctionTemplate [NamedSqmFunctionTemplate(abs)] under abs; prior registration was null
2025-02-13T11:58:33.227Z DEBUG 4604 --- [aniviewAuthUsers] [           main] o.h.q.sqm.function.SqmFunctionRegistry   : Registered SqmFunctionTemplate [NamedSqmFunctionTemplate(sign)] under sign; prior registration was null
2025-02-13T11:58:33.227Z DEBUG 4604 --- [aniviewAuthUsers] [           main] o.h.q.sqm.function.SqmFunctionRegistry   : Registered SqmFunctionTemplate [NamedSqmFunctionTemplate(sqrt)] under sqrt; prior registration was null
2025-02-13T11:58:33.227Z DEBUG 4604 --- [aniviewAuthUsers] [           main] o.h.q.sqm.function.SqmFunctionRegistry   : Registered SqmFunctionTemplate [NamedSqmFunctionTemplate(ln)] under ln; prior registration was null
2025-02-13T11:58:33.227Z DEBUG 4604 --- [aniviewAuthUsers] [           main] o.h.q.sqm.function.SqmFunctionRegistry   : Registered SqmFunctionTemplate [NamedSqmFunctionTemplate(exp)] under exp; prior registration was null
2025-02-13T11:58:33.227Z DEBUG 4604 --- [aniviewAuthUsers] [           main] o.h.q.sqm.function.SqmFunctionRegistry   : Registered SqmFunctionTemplate [NamedSqmFunctionTemplate(power)] under power; prior registration was null
2025-02-13T11:58:33.227Z DEBUG 4604 --- [aniviewAuthUsers] [           main] o.h.q.sqm.function.SqmFunctionRegistry   : Registered SqmFunctionTemplate [NamedSqmFunctionTemplate(round)] under round; prior registration was null
2025-02-13T11:58:33.227Z DEBUG 4604 --- [aniviewAuthUsers] [           main] o.h.q.sqm.function.SqmFunctionRegistry   : Registered SqmFunctionTemplate [NamedSqmFunctionTemplate(sin)] under sin; prior registration was null
2025-02-13T11:58:33.227Z DEBUG 4604 --- [aniviewAuthUsers] [           main] o.h.q.sqm.function.SqmFunctionRegistry   : Registered SqmFunctionTemplate [NamedSqmFunctionTemplate(cos)] under cos; prior registration was null
2025-02-13T11:58:33.227Z DEBUG 4604 --- [aniviewAuthUsers] [           main] o.h.q.sqm.function.SqmFunctionRegistry   : Registered SqmFunctionTemplate [NamedSqmFunctionTemplate(tan)] under tan; prior registration was null
2025-02-13T11:58:33.227Z DEBUG 4604 --- [aniviewAuthUsers] [           main] o.h.q.sqm.function.SqmFunctionRegistry   : Registered SqmFunctionTemplate [NamedSqmFunctionTemplate(asin)] under asin; prior registration was null
2025-02-13T11:58:33.227Z DEBUG 4604 --- [aniviewAuthUsers] [           main] o.h.q.sqm.function.SqmFunctionRegistry   : Registered SqmFunctionTemplate [NamedSqmFunctionTemplate(acos)] under acos; prior registration was null
2025-02-13T11:58:33.227Z DEBUG 4604 --- [aniviewAuthUsers] [           main] o.h.q.sqm.function.SqmFunctionRegistry   : Registered SqmFunctionTemplate [NamedSqmFunctionTemplate(atan)] under atan; prior registration was null
2025-02-13T11:58:33.227Z DEBUG 4604 --- [aniviewAuthUsers] [           main] o.h.q.sqm.function.SqmFunctionRegistry   : Registered SqmFunctionTemplate [NamedSqmFunctionTemplate(atan2)] under atan2; prior registration was null
2025-02-13T11:58:33.230Z DEBUG 4604 --- [aniviewAuthUsers] [           main] o.h.q.sqm.function.SqmFunctionRegistry   : Registered SqmFunctionTemplate [org.hibernate.query.sqm.function.PatternBasedSqmFunctionDescriptor@6968bb65] under sinh; prior registration was null
2025-02-13T11:58:33.230Z DEBUG 4604 --- [aniviewAuthUsers] [           main] o.h.q.sqm.function.SqmFunctionRegistry   : Registered SqmFunctionTemplate [org.hibernate.query.sqm.function.PatternBasedSqmFunctionDescriptor@66682e8f] under cosh; prior registration was null
2025-02-13T11:58:33.230Z DEBUG 4604 --- [aniviewAuthUsers] [           main] o.h.q.sqm.function.SqmFunctionRegistry   : Registered SqmFunctionTemplate [org.hibernate.query.sqm.function.PatternBasedSqmFunctionDescriptor@2d2af12e] under tanh; prior registration was null
2025-02-13T11:58:33.230Z DEBUG 4604 --- [aniviewAuthUsers] [           main] o.h.q.sqm.function.SqmFunctionRegistry   : Registered SqmFunctionTemplate [org.hibernate.query.sqm.function.PatternBasedSqmFunctionDescriptor@611587f7] under pi; prior registration was null
2025-02-13T11:58:33.230Z DEBUG 4604 --- [aniviewAuthUsers] [           main] o.h.q.sqm.function.SqmFunctionRegistry   : Registered SqmFunctionTemplate [org.hibernate.query.sqm.function.PatternBasedSqmFunctionDescriptor@4d0abb23] under log; prior registration was null
2025-02-13T11:58:33.231Z DEBUG 4604 --- [aniviewAuthUsers] [           main] o.h.q.sqm.function.SqmFunctionRegistry   : Registered SqmFunctionTemplate [NamedSqmFunctionTemplate(coalesce)] under coalesce; prior registration was null
2025-02-13T11:58:33.231Z DEBUG 4604 --- [aniviewAuthUsers] [           main] o.h.q.sqm.function.SqmFunctionRegistry   : Registered SqmFunctionTemplate [NamedSqmFunctionTemplate(nullif)] under nullif; prior registration was null
2025-02-13T11:58:33.231Z DEBUG 4604 --- [aniviewAuthUsers] [           main] o.h.q.sqm.function.SqmFunctionRegistry   : Registered SqmFunctionTemplate [NamedSqmFunctionTemplate(left)] under left; prior registration was null
2025-02-13T11:58:33.231Z DEBUG 4604 --- [aniviewAuthUsers] [           main] o.h.q.sqm.function.SqmFunctionRegistry   : Registered SqmFunctionTemplate [NamedSqmFunctionTemplate(right)] under right; prior registration was null
2025-02-13T11:58:33.231Z DEBUG 4604 --- [aniviewAuthUsers] [           main] o.h.q.sqm.function.SqmFunctionRegistry   : Registered SqmFunctionTemplate [NamedSqmFunctionTemplate(replace)] under replace; prior registration was null
2025-02-13T11:58:33.231Z DEBUG 4604 --- [aniviewAuthUsers] [           main] o.h.q.sqm.function.SqmFunctionRegistry   : Registered SqmFunctionTemplate [NamedSqmFunctionTemplate(concat)] under concat; prior registration was null
2025-02-13T11:58:33.231Z DEBUG 4604 --- [aniviewAuthUsers] [           main] o.h.q.sqm.function.SqmFunctionRegistry   : Registered SqmFunctionTemplate [NamedSqmFunctionTemplate(lower)] under lower; prior registration was null
2025-02-13T11:58:33.231Z DEBUG 4604 --- [aniviewAuthUsers] [           main] o.h.q.sqm.function.SqmFunctionRegistry   : Registered SqmFunctionTemplate [NamedSqmFunctionTemplate(upper)] under upper; prior registration was null
2025-02-13T11:58:33.231Z DEBUG 4604 --- [aniviewAuthUsers] [           main] o.h.q.sqm.function.SqmFunctionRegistry   : Registered SqmFunctionTemplate [NamedSqmFunctionTemplate(substring)] under substring; prior registration was null
2025-02-13T11:58:33.231Z DEBUG 4604 --- [aniviewAuthUsers] [           main] o.h.q.sqm.function.SqmFunctionRegistry   : Registered SqmFunctionTemplate [NamedSqmFunctionTemplate(locate)] under locate; prior registration was null
2025-02-13T11:58:33.231Z DEBUG 4604 --- [aniviewAuthUsers] [           main] o.h.q.sqm.function.SqmFunctionRegistry   : Registered SqmFunctionTemplate [NamedSqmFunctionTemplate(character_length)] under character_length; prior registration was null
2025-02-13T11:58:33.232Z DEBUG 4604 --- [aniviewAuthUsers] [           main] o.h.q.sqm.function.SqmFunctionRegistry   : Registering alternate key : length -> character_length
2025-02-13T11:58:33.232Z DEBUG 4604 --- [aniviewAuthUsers] [           main] o.h.q.sqm.function.SqmFunctionRegistry   : Registered SqmFunctionTemplate [org.hibernate.dialect.function.LocatePositionEmulation@7b7e4b20] under position; prior registration was null
2025-02-13T11:58:33.234Z DEBUG 4604 --- [aniviewAuthUsers] [           main] o.h.q.sqm.function.SqmFunctionRegistry   : Registered SqmFunctionTemplate [org.hibernate.dialect.function.InsertSubstringOverlayEmulation@47c5cbf2] under overlay; prior registration was null
2025-02-13T11:58:33.234Z DEBUG 4604 --- [aniviewAuthUsers] [           main] o.h.q.sqm.function.SqmFunctionRegistry   : Registered SqmFunctionTemplate [org.hibernate.dialect.function.TrimFunction@217b0952] under trim; prior registration was null
2025-02-13T11:58:33.235Z DEBUG 4604 --- [aniviewAuthUsers] [           main] o.h.q.sqm.function.SqmFunctionRegistry   : Registered SqmFunctionTemplate [org.hibernate.dialect.function.CastFunction@73958426] under cast; prior registration was null
2025-02-13T11:58:33.235Z DEBUG 4604 --- [aniviewAuthUsers] [           main] o.h.q.sqm.function.SqmFunctionRegistry   : Registered SqmFunctionTemplate [org.hibernate.query.sqm.function.PatternBasedSqmFunctionDescriptor@23933031] under collate; prior registration was null
2025-02-13T11:58:33.236Z DEBUG 4604 --- [aniviewAuthUsers] [           main] o.h.q.sqm.function.SqmFunctionRegistry   : Registered SqmFunctionTemplate [org.hibernate.dialect.function.ExtractFunction@7921a37d] under extract; prior registration was null
2025-02-13T11:58:33.236Z DEBUG 4604 --- [aniviewAuthUsers] [           main] o.h.q.sqm.function.SqmFunctionRegistry   : Registered SqmFunctionTemplate [NamedSqmFunctionTemplate(least)] under least; prior registration was null
2025-02-13T11:58:33.236Z DEBUG 4604 --- [aniviewAuthUsers] [           main] o.h.q.sqm.function.SqmFunctionRegistry   : Registered SqmFunctionTemplate [NamedSqmFunctionTemplate(greatest)] under greatest; prior registration was null
2025-02-13T11:58:33.236Z DEBUG 4604 --- [aniviewAuthUsers] [           main] o.h.q.sqm.function.SqmFunctionRegistry   : Registered SqmFunctionTemplate [org.hibernate.dialect.function.CoalesceIfnullEmulation@1c787389] under ifnull; prior registration was null
2025-02-13T11:58:33.236Z DEBUG 4604 --- [aniviewAuthUsers] [           main] o.h.q.sqm.function.SqmFunctionRegistry   : Registered SqmFunctionTemplate [NamedSqmFunctionTemplate(lpad)] under lpad; prior registration was null
2025-02-13T11:58:33.236Z DEBUG 4604 --- [aniviewAuthUsers] [           main] o.h.q.sqm.function.SqmFunctionRegistry   : Registered SqmFunctionTemplate [NamedSqmFunctionTemplate(rpad)] under rpad; prior registration was null
2025-02-13T11:58:33.237Z DEBUG 4604 --- [aniviewAuthUsers] [           main] o.h.q.sqm.function.SqmFunctionRegistry   : Registered SqmFunctionTemplate [org.hibernate.dialect.function.LpadRpadPadEmulation@46fa2a7e] under pad; prior registration was null
2025-02-13T11:58:33.237Z DEBUG 4604 --- [aniviewAuthUsers] [           main] o.h.q.sqm.function.SqmFunctionRegistry   : Registered SqmFunctionTemplate [org.hibernate.dialect.function.CastStrEmulation@6ec98ccc] under str; prior registration was null
2025-02-13T11:58:33.239Z DEBUG 4604 --- [aniviewAuthUsers] [           main] o.h.q.sqm.function.SqmFunctionRegistry   : Registered SqmFunctionTemplate [org.hibernate.dialect.function.FormatFunction@3dd66ff5] under format; prior registration was null
2025-02-13T11:58:33.240Z DEBUG 4604 --- [aniviewAuthUsers] [           main] o.h.q.sqm.function.SqmFunctionRegistry   : Registered SqmFunctionTemplate [org.hibernate.dialect.function.TimestampaddFunction@3c65f00e] under timestampadd; prior registration was null
2025-02-13T11:58:33.240Z DEBUG 4604 --- [aniviewAuthUsers] [           main] o.h.q.sqm.function.SqmFunctionRegistry   : Registered SqmFunctionTemplate [org.hibernate.dialect.function.TimestampdiffFunction@3dd591b9] under timestampdiff; prior registration was null
2025-02-13T11:58:33.240Z DEBUG 4604 --- [aniviewAuthUsers] [           main] o.h.q.sqm.function.SqmFunctionRegistry   : Registering alternate key : dateadd -> timestampadd
2025-02-13T11:58:33.240Z DEBUG 4604 --- [aniviewAuthUsers] [           main] o.h.q.sqm.function.SqmFunctionRegistry   : Registering alternate key : datediff -> timestampdiff
2025-02-13T11:58:33.241Z DEBUG 4604 --- [aniviewAuthUsers] [           main] o.h.q.sqm.function.SqmFunctionRegistry   : Registered SqmFunctionTemplate [org.hibernate.dialect.function.CurrentFunction@780c0] under current_date; prior registration was null
2025-02-13T11:58:33.241Z DEBUG 4604 --- [aniviewAuthUsers] [           main] o.h.q.sqm.function.SqmFunctionRegistry   : Registered SqmFunctionTemplate [org.hibernate.dialect.function.CurrentFunction@1b3bb287] under current_time; prior registration was null
2025-02-13T11:58:33.241Z DEBUG 4604 --- [aniviewAuthUsers] [           main] o.h.q.sqm.function.SqmFunctionRegistry   : Registered SqmFunctionTemplate [org.hibernate.dialect.function.CurrentFunction@7ec5aad] under current_timestamp; prior registration was null
2025-02-13T11:58:33.241Z DEBUG 4604 --- [aniviewAuthUsers] [           main] o.h.q.sqm.function.SqmFunctionRegistry   : Registering alternate key : current date -> current_date
2025-02-13T11:58:33.241Z DEBUG 4604 --- [aniviewAuthUsers] [           main] o.h.q.sqm.function.SqmFunctionRegistry   : Registering alternate key : current time -> current_time
2025-02-13T11:58:33.241Z DEBUG 4604 --- [aniviewAuthUsers] [           main] o.h.q.sqm.function.SqmFunctionRegistry   : Registering alternate key : current timestamp -> current_timestamp
2025-02-13T11:58:33.241Z DEBUG 4604 --- [aniviewAuthUsers] [           main] o.h.q.sqm.function.SqmFunctionRegistry   : Registered SqmFunctionTemplate [org.hibernate.dialect.function.CurrentFunction@625f5712] under local_date; prior registration was null
2025-02-13T11:58:33.241Z DEBUG 4604 --- [aniviewAuthUsers] [           main] o.h.q.sqm.function.SqmFunctionRegistry   : Registered SqmFunctionTemplate [org.hibernate.dialect.function.CurrentFunction@5e62ca19] under local_time; prior registration was null
2025-02-13T11:58:33.241Z DEBUG 4604 --- [aniviewAuthUsers] [           main] o.h.q.sqm.function.SqmFunctionRegistry   : Registered SqmFunctionTemplate [org.hibernate.dialect.function.CurrentFunction@188bf4d8] under local_datetime; prior registration was null
2025-02-13T11:58:33.241Z DEBUG 4604 --- [aniviewAuthUsers] [           main] o.h.q.sqm.function.SqmFunctionRegistry   : Registered SqmFunctionTemplate [org.hibernate.dialect.function.CurrentFunction@7dd7ec56] under offset_datetime; prior registration was null
2025-02-13T11:58:33.241Z DEBUG 4604 --- [aniviewAuthUsers] [           main] o.h.q.sqm.function.SqmFunctionRegistry   : Registering alternate key : local date -> local_date
2025-02-13T11:58:33.241Z DEBUG 4604 --- [aniviewAuthUsers] [           main] o.h.q.sqm.function.SqmFunctionRegistry   : Registering alternate key : local time -> local_time
2025-02-13T11:58:33.241Z DEBUG 4604 --- [aniviewAuthUsers] [           main] o.h.q.sqm.function.SqmFunctionRegistry   : Registering alternate key : local datetime -> local_datetime
2025-02-13T11:58:33.241Z DEBUG 4604 --- [aniviewAuthUsers] [           main] o.h.q.sqm.function.SqmFunctionRegistry   : Registering alternate key : offset datetime -> offset_datetime
2025-02-13T11:58:33.241Z DEBUG 4604 --- [aniviewAuthUsers] [           main] o.h.q.sqm.function.SqmFunctionRegistry   : Registered SqmFunctionTemplate [org.hibernate.dialect.function.CurrentFunction@6528d339] under instant; prior registration was null
2025-02-13T11:58:33.241Z DEBUG 4604 --- [aniviewAuthUsers] [           main] o.h.q.sqm.function.SqmFunctionRegistry   : Registering alternate key : current_instant -> instant
2025-02-13T11:58:33.241Z DEBUG 4604 --- [aniviewAuthUsers] [           main] o.h.q.sqm.function.SqmFunctionRegistry   : Registered SqmFunctionTemplate [org.hibernate.dialect.function.SqlFunction@bdda8a7] under sql; prior registration was null
2025-02-13T11:58:33.241Z DEBUG 4604 --- [aniviewAuthUsers] [           main] o.h.q.sqm.function.SqmFunctionRegistry   : Registered SqmFunctionTemplate [NamedSqmFunctionTemplate(cot)] under cot; prior registration was null
2025-02-13T11:58:33.241Z DEBUG 4604 --- [aniviewAuthUsers] [           main] o.h.q.sqm.function.SqmFunctionRegistry   : Registered SqmFunctionTemplate [NamedSqmFunctionTemplate(radians)] under radians; prior registration was null
2025-02-13T11:58:33.242Z DEBUG 4604 --- [aniviewAuthUsers] [           main] o.h.q.sqm.function.SqmFunctionRegistry   : Registered SqmFunctionTemplate [NamedSqmFunctionTemplate(degrees)] under degrees; prior registration was null
2025-02-13T11:58:33.242Z DEBUG 4604 --- [aniviewAuthUsers] [           main] o.h.q.sqm.function.SqmFunctionRegistry   : Registered SqmFunctionTemplate [NamedSqmFunctionTemplate(log)] under log; prior registration was org.hibernate.query.sqm.function.PatternBasedSqmFunctionDescriptor@4d0abb23
2025-02-13T11:58:33.242Z DEBUG 4604 --- [aniviewAuthUsers] [           main] o.h.q.sqm.function.SqmFunctionRegistry   : Registered SqmFunctionTemplate [org.hibernate.query.sqm.function.PatternBasedSqmFunctionDescriptor@3149409c] under mod; prior registration was NamedSqmFunctionTemplate(mod)
2025-02-13T11:58:33.242Z DEBUG 4604 --- [aniviewAuthUsers] [           main] o.h.q.sqm.function.SqmFunctionRegistry   : Registered SqmFunctionTemplate [NamedSqmFunctionTemplate(log10)] under log10; prior registration was null
2025-02-13T11:58:33.242Z DEBUG 4604 --- [aniviewAuthUsers] [           main] o.h.q.sqm.function.SqmFunctionRegistry   : Registered SqmFunctionTemplate [NamedSqmFunctionTemplate(tanh)] under tanh; prior registration was org.hibernate.query.sqm.function.PatternBasedSqmFunctionDescriptor@2d2af12e
2025-02-13T11:58:33.242Z DEBUG 4604 --- [aniviewAuthUsers] [           main] o.h.q.sqm.function.SqmFunctionRegistry   : Registered SqmFunctionTemplate [NamedSqmFunctionTemplate(sinh)] under sinh; prior registration was org.hibernate.query.sqm.function.PatternBasedSqmFunctionDescriptor@6968bb65
2025-02-13T11:58:33.242Z DEBUG 4604 --- [aniviewAuthUsers] [           main] o.h.q.sqm.function.SqmFunctionRegistry   : Registered SqmFunctionTemplate [NamedSqmFunctionTemplate(cosh)] under cosh; prior registration was org.hibernate.query.sqm.function.PatternBasedSqmFunctionDescriptor@66682e8f
2025-02-13T11:58:33.242Z DEBUG 4604 --- [aniviewAuthUsers] [           main] o.h.q.sqm.function.SqmFunctionRegistry   : Registered SqmFunctionTemplate [NamedSqmFunctionTemplate(acosh)] under acosh; prior registration was null
2025-02-13T11:58:33.242Z DEBUG 4604 --- [aniviewAuthUsers] [           main] o.h.q.sqm.function.SqmFunctionRegistry   : Registered SqmFunctionTemplate [NamedSqmFunctionTemplate(asinh)] under asinh; prior registration was null
2025-02-13T11:58:33.242Z DEBUG 4604 --- [aniviewAuthUsers] [           main] o.h.q.sqm.function.SqmFunctionRegistry   : Registered SqmFunctionTemplate [NamedSqmFunctionTemplate(atanh)] under atanh; prior registration was null
2025-02-13T11:58:33.242Z DEBUG 4604 --- [aniviewAuthUsers] [           main] o.h.q.sqm.function.SqmFunctionRegistry   : Registered SqmFunctionTemplate [NamedSqmFunctionTemplate(cbrt)] under cbrt; prior registration was null
2025-02-13T11:58:33.242Z DEBUG 4604 --- [aniviewAuthUsers] [           main] o.h.q.sqm.function.SqmFunctionRegistry   : Registered SqmFunctionTemplate [NamedSqmFunctionTemplate(pi)] under pi; prior registration was org.hibernate.query.sqm.function.PatternBasedSqmFunctionDescriptor@611587f7
2025-02-13T11:58:33.242Z DEBUG 4604 --- [aniviewAuthUsers] [           main] o.h.q.sqm.function.SqmFunctionRegistry   : Registered SqmFunctionTemplate [NamedSqmFunctionTemplate(ltrim)] under ltrim; prior registration was null
2025-02-13T11:58:33.242Z DEBUG 4604 --- [aniviewAuthUsers] [           main] o.h.q.sqm.function.SqmFunctionRegistry   : Registered SqmFunctionTemplate [NamedSqmFunctionTemplate(rtrim)] under rtrim; prior registration was null
2025-02-13T11:58:33.242Z DEBUG 4604 --- [aniviewAuthUsers] [           main] o.h.q.sqm.function.SqmFunctionRegistry   : Registered SqmFunctionTemplate [NamedSqmFunctionTemplate(repeat)] under repeat; prior registration was null
2025-02-13T11:58:33.242Z DEBUG 4604 --- [aniviewAuthUsers] [           main] o.h.q.sqm.function.SqmFunctionRegistry   : Registered SqmFunctionTemplate [NamedSqmFunctionTemplate(md5)] under md5; prior registration was null
2025-02-13T11:58:33.242Z DEBUG 4604 --- [aniviewAuthUsers] [           main] o.h.q.sqm.function.SqmFunctionRegistry   : Registered SqmFunctionTemplate [NamedSqmFunctionTemplate(initcap)] under initcap; prior registration was null
2025-02-13T11:58:33.242Z DEBUG 4604 --- [aniviewAuthUsers] [           main] o.h.q.sqm.function.SqmFunctionRegistry   : Registered SqmFunctionTemplate [NamedSqmFunctionTemplate(substr)] under substr; prior registration was null
2025-02-13T11:58:33.242Z DEBUG 4604 --- [aniviewAuthUsers] [           main] o.h.q.sqm.function.SqmFunctionRegistry   : Registered SqmFunctionTemplate [NamedSqmFunctionTemplate(substr)] under substring; prior registration was NamedSqmFunctionTemplate(substring)
2025-02-13T11:58:33.243Z DEBUG 4604 --- [aniviewAuthUsers] [           main] o.h.q.sqm.function.SqmFunctionRegistry   : Registered SqmFunctionTemplate [NamedSqmFunctionTemplate(translate)] under translate; prior registration was null
2025-02-13T11:58:33.243Z DEBUG 4604 --- [aniviewAuthUsers] [           main] o.h.q.sqm.function.SqmFunctionRegistry   : Registered SqmFunctionTemplate [NamedSqmFunctionTemplate(to_number)] under to_number; prior registration was null
2025-02-13T11:58:33.243Z DEBUG 4604 --- [aniviewAuthUsers] [           main] o.h.q.sqm.function.SqmFunctionRegistry   : Registered SqmFunctionTemplate [NamedSqmFunctionTemplate(to_char)] under to_char; prior registration was null
2025-02-13T11:58:33.243Z DEBUG 4604 --- [aniviewAuthUsers] [           main] o.h.q.sqm.function.SqmFunctionRegistry   : Registered SqmFunctionTemplate [NamedSqmFunctionTemplate(to_date)] under to_date; prior registration was null
2025-02-13T11:58:33.243Z DEBUG 4604 --- [aniviewAuthUsers] [           main] o.h.q.sqm.function.SqmFunctionRegistry   : Registered SqmFunctionTemplate [NamedSqmFunctionTemplate(to_timestamp)] under to_timestamp; prior registration was null
2025-02-13T11:58:33.244Z DEBUG 4604 --- [aniviewAuthUsers] [           main] o.h.q.sqm.function.SqmFunctionRegistry   : Registered SqmFunctionTemplate [org.hibernate.dialect.function.ConcatPipeFunction@51297528] under concat; prior registration was NamedSqmFunctionTemplate(concat)
2025-02-13T11:58:33.244Z DEBUG 4604 --- [aniviewAuthUsers] [           main] o.h.q.sqm.function.SqmFunctionRegistry   : Registered SqmFunctionTemplate [NamedSqmFunctionTemplate(localtime)] under localtime; prior registration was null
2025-02-13T11:58:33.244Z DEBUG 4604 --- [aniviewAuthUsers] [           main] o.h.q.sqm.function.SqmFunctionRegistry   : Registered SqmFunctionTemplate [NamedSqmFunctionTemplate(localtimestamp)] under localtimestamp; prior registration was null
2025-02-13T11:58:33.244Z DEBUG 4604 --- [aniviewAuthUsers] [           main] o.h.q.sqm.function.SqmFunctionRegistry   : Registered SqmFunctionTemplate [NamedSqmFunctionTemplate(localtime)] under local_time; prior registration was org.hibernate.dialect.function.CurrentFunction@5e62ca19
2025-02-13T11:58:33.245Z DEBUG 4604 --- [aniviewAuthUsers] [           main] o.h.q.sqm.function.SqmFunctionRegistry   : Registered SqmFunctionTemplate [NamedSqmFunctionTemplate(localtimestamp)] under local_datetime; prior registration was org.hibernate.dialect.function.CurrentFunction@188bf4d8
2025-02-13T11:58:33.245Z DEBUG 4604 --- [aniviewAuthUsers] [           main] o.h.q.sqm.function.SqmFunctionRegistry   : Registered SqmFunctionTemplate [org.hibernate.dialect.function.LengthFunction@51c008fd] under character_length; prior registration was NamedSqmFunctionTemplate(character_length)
2025-02-13T11:58:33.245Z DEBUG 4604 --- [aniviewAuthUsers] [           main] o.h.q.sqm.function.SqmFunctionRegistry   : Registering alternate key : length -> character_length
2025-02-13T11:58:33.246Z DEBUG 4604 --- [aniviewAuthUsers] [           main] o.h.q.sqm.function.SqmFunctionRegistry   : Registered SqmFunctionTemplate [org.hibernate.dialect.function.LengthFunction@70ed902a] under bit_length; prior registration was null
2025-02-13T11:58:33.246Z DEBUG 4604 --- [aniviewAuthUsers] [           main] o.h.q.sqm.function.SqmFunctionRegistry   : Registered SqmFunctionTemplate [org.hibernate.dialect.function.LengthFunction@22f80e36] under octet_length; prior registration was null
2025-02-13T11:58:33.246Z DEBUG 4604 --- [aniviewAuthUsers] [           main] o.h.q.sqm.function.SqmFunctionRegistry   : Registered SqmFunctionTemplate [NamedSqmFunctionTemplate(ascii)] under ascii; prior registration was null
2025-02-13T11:58:33.246Z DEBUG 4604 --- [aniviewAuthUsers] [           main] o.h.q.sqm.function.SqmFunctionRegistry   : Registered SqmFunctionTemplate [NamedSqmFunctionTemplate(chr)] under chr; prior registration was null
2025-02-13T11:58:33.246Z DEBUG 4604 --- [aniviewAuthUsers] [           main] o.h.q.sqm.function.SqmFunctionRegistry   : Registering alternate key : char -> chr
2025-02-13T11:58:33.246Z DEBUG 4604 --- [aniviewAuthUsers] [           main] o.h.q.sqm.function.SqmFunctionRegistry   : Registered SqmFunctionTemplate [org.hibernate.query.sqm.function.PatternBasedSqmFunctionDescriptor@3c98981e] under position; prior registration was org.hibernate.dialect.function.LocatePositionEmulation@7b7e4b20
2025-02-13T11:58:33.246Z DEBUG 4604 --- [aniviewAuthUsers] [           main] o.h.q.sqm.function.SqmFunctionRegistry   : Registered SqmFunctionTemplate [org.hibernate.query.sqm.function.PatternBasedSqmFunctionDescriptor@6dcee890] under bitand; prior registration was null
2025-02-13T11:58:33.246Z DEBUG 4604 --- [aniviewAuthUsers] [           main] o.h.q.sqm.function.SqmFunctionRegistry   : Registered SqmFunctionTemplate [org.hibernate.query.sqm.function.PatternBasedSqmFunctionDescriptor@713e49c3] under bitor; prior registration was null
2025-02-13T11:58:33.247Z DEBUG 4604 --- [aniviewAuthUsers] [           main] o.h.q.sqm.function.SqmFunctionRegistry   : Registered SqmFunctionTemplate [org.hibernate.query.sqm.function.PatternBasedSqmFunctionDescriptor@13d5606c] under bitxor; prior registration was null
2025-02-13T11:58:33.247Z DEBUG 4604 --- [aniviewAuthUsers] [           main] o.h.q.sqm.function.SqmFunctionRegistry   : Registered SqmFunctionTemplate [org.hibernate.query.sqm.function.PatternBasedSqmFunctionDescriptor@6bf54260] under bitnot; prior registration was null
2025-02-13T11:58:33.247Z DEBUG 4604 --- [aniviewAuthUsers] [           main] o.h.q.sqm.function.SqmFunctionRegistry   : Registered SqmFunctionTemplate [NamedSqmFunctionTemplate(bit_and)] under bit_and; prior registration was null
2025-02-13T11:58:33.247Z DEBUG 4604 --- [aniviewAuthUsers] [           main] o.h.q.sqm.function.SqmFunctionRegistry   : Registered SqmFunctionTemplate [NamedSqmFunctionTemplate(bit_or)] under bit_or; prior registration was null
2025-02-13T11:58:33.247Z DEBUG 4604 --- [aniviewAuthUsers] [           main] o.h.q.sqm.function.SqmFunctionRegistry   : Registered SqmFunctionTemplate [NamedSqmFunctionTemplate(bool_and)] under bool_and; prior registration was null
2025-02-13T11:58:33.247Z DEBUG 4604 --- [aniviewAuthUsers] [           main] o.h.q.sqm.function.SqmFunctionRegistry   : Registering alternate key : every -> bool_and
2025-02-13T11:58:33.247Z DEBUG 4604 --- [aniviewAuthUsers] [           main] o.h.q.sqm.function.SqmFunctionRegistry   : Registered SqmFunctionTemplate [NamedSqmFunctionTemplate(bool_or)] under bool_or; prior registration was null
2025-02-13T11:58:33.247Z DEBUG 4604 --- [aniviewAuthUsers] [           main] o.h.q.sqm.function.SqmFunctionRegistry   : Registering alternate key : any -> bool_or
2025-02-13T11:58:33.247Z DEBUG 4604 --- [aniviewAuthUsers] [           main] o.h.q.sqm.function.SqmFunctionRegistry   : Registered SqmFunctionTemplate [org.hibernate.query.sqm.function.PatternBasedSqmFunctionDescriptor@7165bde6] under median; prior registration was null
2025-02-13T11:58:33.247Z DEBUG 4604 --- [aniviewAuthUsers] [           main] o.h.q.sqm.function.SqmFunctionRegistry   : Registered SqmFunctionTemplate [NamedSqmFunctionTemplate(stddev)] under stddev; prior registration was null
2025-02-13T11:58:33.247Z DEBUG 4604 --- [aniviewAuthUsers] [           main] o.h.q.sqm.function.SqmFunctionRegistry   : Registered SqmFunctionTemplate [NamedSqmFunctionTemplate(stddev_pop)] under stddev_pop; prior registration was null
2025-02-13T11:58:33.247Z DEBUG 4604 --- [aniviewAuthUsers] [           main] o.h.q.sqm.function.SqmFunctionRegistry   : Registered SqmFunctionTemplate [NamedSqmFunctionTemplate(stddev_samp)] under stddev_samp; prior registration was null
2025-02-13T11:58:33.247Z DEBUG 4604 --- [aniviewAuthUsers] [           main] o.h.q.sqm.function.SqmFunctionRegistry   : Registered SqmFunctionTemplate [NamedSqmFunctionTemplate(variance)] under variance; prior registration was null
2025-02-13T11:58:33.247Z DEBUG 4604 --- [aniviewAuthUsers] [           main] o.h.q.sqm.function.SqmFunctionRegistry   : Registered SqmFunctionTemplate [NamedSqmFunctionTemplate(var_pop)] under var_pop; prior registration was null
2025-02-13T11:58:33.247Z DEBUG 4604 --- [aniviewAuthUsers] [           main] o.h.q.sqm.function.SqmFunctionRegistry   : Registered SqmFunctionTemplate [NamedSqmFunctionTemplate(var_samp)] under var_samp; prior registration was null
2025-02-13T11:58:33.247Z DEBUG 4604 --- [aniviewAuthUsers] [           main] o.h.q.sqm.function.SqmFunctionRegistry   : Registered SqmFunctionTemplate [NamedSqmFunctionTemplate(covar_pop)] under covar_pop; prior registration was null
2025-02-13T11:58:33.248Z DEBUG 4604 --- [aniviewAuthUsers] [           main] o.h.q.sqm.function.SqmFunctionRegistry   : Registered SqmFunctionTemplate [NamedSqmFunctionTemplate(covar_samp)] under covar_samp; prior registration was null
2025-02-13T11:58:33.248Z DEBUG 4604 --- [aniviewAuthUsers] [           main] o.h.q.sqm.function.SqmFunctionRegistry   : Registered SqmFunctionTemplate [NamedSqmFunctionTemplate(corr)] under corr; prior registration was null
2025-02-13T11:58:33.248Z DEBUG 4604 --- [aniviewAuthUsers] [           main] o.h.q.sqm.function.SqmFunctionRegistry   : Registered SqmFunctionTemplate [NamedSqmFunctionTemplate(regr_avgx)] under regr_avgx; prior registration was null
2025-02-13T11:58:33.248Z DEBUG 4604 --- [aniviewAuthUsers] [           main] o.h.q.sqm.function.SqmFunctionRegistry   : Registered SqmFunctionTemplate [NamedSqmFunctionTemplate(regr_avgy)] under regr_avgy; prior registration was null
2025-02-13T11:58:33.248Z DEBUG 4604 --- [aniviewAuthUsers] [           main] o.h.q.sqm.function.SqmFunctionRegistry   : Registered SqmFunctionTemplate [NamedSqmFunctionTemplate(regr_count)] under regr_count; prior registration was null
2025-02-13T11:58:33.248Z DEBUG 4604 --- [aniviewAuthUsers] [           main] o.h.q.sqm.function.SqmFunctionRegistry   : Registered SqmFunctionTemplate [NamedSqmFunctionTemplate(regr_intercept)] under regr_intercept; prior registration was null
2025-02-13T11:58:33.248Z DEBUG 4604 --- [aniviewAuthUsers] [           main] o.h.q.sqm.function.SqmFunctionRegistry   : Registered SqmFunctionTemplate [NamedSqmFunctionTemplate(regr_r2)] under regr_r2; prior registration was null
2025-02-13T11:58:33.248Z DEBUG 4604 --- [aniviewAuthUsers] [           main] o.h.q.sqm.function.SqmFunctionRegistry   : Registered SqmFunctionTemplate [NamedSqmFunctionTemplate(regr_slope)] under regr_slope; prior registration was null
2025-02-13T11:58:33.248Z DEBUG 4604 --- [aniviewAuthUsers] [           main] o.h.q.sqm.function.SqmFunctionRegistry   : Registered SqmFunctionTemplate [NamedSqmFunctionTemplate(regr_sxx)] under regr_sxx; prior registration was null
2025-02-13T11:58:33.248Z DEBUG 4604 --- [aniviewAuthUsers] [           main] o.h.q.sqm.function.SqmFunctionRegistry   : Registered SqmFunctionTemplate [NamedSqmFunctionTemplate(regr_sxy)] under regr_sxy; prior registration was null
2025-02-13T11:58:33.248Z DEBUG 4604 --- [aniviewAuthUsers] [           main] o.h.q.sqm.function.SqmFunctionRegistry   : Registered SqmFunctionTemplate [NamedSqmFunctionTemplate(regr_syy)] under regr_syy; prior registration was null
2025-02-13T11:58:33.248Z DEBUG 4604 --- [aniviewAuthUsers] [           main] o.h.q.sqm.function.SqmFunctionRegistry   : Registered SqmFunctionTemplate [org.hibernate.query.sqm.function.PatternBasedSqmFunctionDescriptor@4af84a76] under insert; prior registration was null
2025-02-13T11:58:33.249Z DEBUG 4604 --- [aniviewAuthUsers] [           main] o.h.q.sqm.function.SqmFunctionRegistry   : Registered SqmFunctionTemplate [org.hibernate.query.sqm.function.MultipatternSqmFunctionDescriptor@19e8fe55] under overlay; prior registration was org.hibernate.dialect.function.InsertSubstringOverlayEmulation@47c5cbf2
2025-02-13T11:58:33.250Z DEBUG 4604 --- [aniviewAuthUsers] [           main] o.h.q.sqm.function.SqmFunctionRegistry   : Registered SqmFunctionTemplate [NamedSqmFunctionTemplate(soundex)] under soundex; prior registration was null
2025-02-13T11:58:33.250Z DEBUG 4604 --- [aniviewAuthUsers] [           main] o.h.q.sqm.function.SqmFunctionRegistry   : Registered SqmFunctionTemplate [org.hibernate.query.sqm.function.MultipatternSqmFunctionDescriptor@6d7bb5cc] under locate; prior registration was NamedSqmFunctionTemplate(locate)
2025-02-13T11:58:33.250Z DEBUG 4604 --- [aniviewAuthUsers] [           main] o.h.q.sqm.function.SqmFunctionRegistry   : Registered SqmFunctionTemplate [NamedSqmFunctionTemplate(row_number)] under row_number; prior registration was null
2025-02-13T11:58:33.250Z DEBUG 4604 --- [aniviewAuthUsers] [           main] o.h.q.sqm.function.SqmFunctionRegistry   : Registered SqmFunctionTemplate [NamedSqmFunctionTemplate(lag)] under lag; prior registration was null
2025-02-13T11:58:33.250Z DEBUG 4604 --- [aniviewAuthUsers] [           main] o.h.q.sqm.function.SqmFunctionRegistry   : Registered SqmFunctionTemplate [NamedSqmFunctionTemplate(lead)] under lead; prior registration was null
2025-02-13T11:58:33.250Z DEBUG 4604 --- [aniviewAuthUsers] [           main] o.h.q.sqm.function.SqmFunctionRegistry   : Registered SqmFunctionTemplate [NamedSqmFunctionTemplate(first_value)] under first_value; prior registration was null
2025-02-13T11:58:33.250Z DEBUG 4604 --- [aniviewAuthUsers] [           main] o.h.q.sqm.function.SqmFunctionRegistry   : Registered SqmFunctionTemplate [NamedSqmFunctionTemplate(last_value)] under last_value; prior registration was null
2025-02-13T11:58:33.250Z DEBUG 4604 --- [aniviewAuthUsers] [           main] o.h.q.sqm.function.SqmFunctionRegistry   : Registered SqmFunctionTemplate [NamedSqmFunctionTemplate(nth_value)] under nth_value; prior registration was null
2025-02-13T11:58:33.250Z DEBUG 4604 --- [aniviewAuthUsers] [           main] o.h.q.sqm.function.SqmFunctionRegistry   : Registered SqmFunctionTemplate [org.hibernate.dialect.function.ListaggStringAggEmulation@4e4bfd9c] under listagg; prior registration was null
2025-02-13T11:58:33.252Z DEBUG 4604 --- [aniviewAuthUsers] [           main] o.h.q.sqm.function.SqmFunctionRegistry   : Registered SqmFunctionTemplate [org.hibernate.dialect.function.array.PostgreSQLArrayConstructorFunction@7ef9c8a5] under array; prior registration was null
2025-02-13T11:58:33.253Z DEBUG 4604 --- [aniviewAuthUsers] [           main] o.h.q.sqm.function.SqmFunctionRegistry   : Registered SqmFunctionTemplate [org.hibernate.dialect.function.array.PostgreSQLArrayConstructorFunction@c6244e7] under array_list; prior registration was null
2025-02-13T11:58:33.253Z DEBUG 4604 --- [aniviewAuthUsers] [           main] o.h.q.sqm.function.SqmFunctionRegistry   : Registered SqmFunctionTemplate [org.hibernate.dialect.function.array.ArrayAggFunction@1c459c28] under array_agg; prior registration was null
2025-02-13T11:58:33.256Z DEBUG 4604 --- [aniviewAuthUsers] [           main] o.h.q.sqm.function.SqmFunctionRegistry   : Registered SqmFunctionTemplate [org.hibernate.dialect.function.array.PostgreSQLArrayPositionFunction@3e489ac1] under array_position; prior registration was null
2025-02-13T11:58:33.263Z DEBUG 4604 --- [aniviewAuthUsers] [           main] o.h.q.sqm.function.SqmFunctionRegistry   : Registered SqmFunctionTemplate [org.hibernate.dialect.function.array.PostgreSQLArrayPositionsFunction@1af82ba8] under array_positions; prior registration was null
2025-02-13T11:58:33.265Z DEBUG 4604 --- [aniviewAuthUsers] [           main] o.h.q.sqm.function.SqmFunctionRegistry   : Registered SqmFunctionTemplate [org.hibernate.dialect.function.array.PostgreSQLArrayPositionsFunction@2f262474] under array_positions_list; prior registration was null
2025-02-13T11:58:33.265Z DEBUG 4604 --- [aniviewAuthUsers] [           main] o.h.q.sqm.function.SqmFunctionRegistry   : Registered SqmFunctionTemplate [org.hibernate.query.sqm.function.PatternBasedSqmFunctionDescriptor@7c03f9d0] under array_length; prior registration was null
2025-02-13T11:58:33.266Z DEBUG 4604 --- [aniviewAuthUsers] [           main] o.h.q.sqm.function.SqmFunctionRegistry   : Registered SqmFunctionTemplate [org.hibernate.dialect.function.DynamicDispatchFunction@6aadb092] under length; prior registration was null
2025-02-13T11:58:33.266Z DEBUG 4604 --- [aniviewAuthUsers] [           main] o.h.q.sqm.function.SqmFunctionRegistry   : Registered SqmFunctionTemplate [org.hibernate.dialect.function.array.PostgreSQLArrayConcatFunction@3e2578ea] under array_concat; prior registration was null
2025-02-13T11:58:33.267Z DEBUG 4604 --- [aniviewAuthUsers] [           main] o.h.q.sqm.function.SqmFunctionRegistry   : Registered SqmFunctionTemplate [org.hibernate.dialect.function.array.PostgreSQLArrayConcatElementFunction@4cd90c36] under array_prepend; prior registration was null
2025-02-13T11:58:33.267Z DEBUG 4604 --- [aniviewAuthUsers] [           main] o.h.q.sqm.function.SqmFunctionRegistry   : Registered SqmFunctionTemplate [org.hibernate.dialect.function.array.PostgreSQLArrayConcatElementFunction@aa23f11] under array_append; prior registration was null
2025-02-13T11:58:33.269Z DEBUG 4604 --- [aniviewAuthUsers] [           main] o.h.q.sqm.function.SqmFunctionRegistry   : Registered SqmFunctionTemplate [org.hibernate.dialect.function.array.ArrayContainsOperatorFunction@3adde4ea] under array_contains; prior registration was null
2025-02-13T11:58:33.270Z DEBUG 4604 --- [aniviewAuthUsers] [           main] o.h.q.sqm.function.SqmFunctionRegistry   : Registered SqmFunctionTemplate [org.hibernate.dialect.function.array.ArrayContainsOperatorFunction@75663443] under array_contains_nullable; prior registration was null
2025-02-13T11:58:33.272Z DEBUG 4604 --- [aniviewAuthUsers] [           main] o.h.q.sqm.function.SqmFunctionRegistry   : Registered SqmFunctionTemplate [org.hibernate.dialect.function.array.ArrayIncludesOperatorFunction@5ac646b3] under array_includes; prior registration was null
2025-02-13T11:58:33.272Z DEBUG 4604 --- [aniviewAuthUsers] [           main] o.h.q.sqm.function.SqmFunctionRegistry   : Registered SqmFunctionTemplate [org.hibernate.dialect.function.array.ArrayIncludesOperatorFunction@24b38e8f] under array_includes_nullable; prior registration was null
2025-02-13T11:58:33.273Z DEBUG 4604 --- [aniviewAuthUsers] [           main] o.h.q.sqm.function.SqmFunctionRegistry   : Registered SqmFunctionTemplate [org.hibernate.dialect.function.array.ArrayIntersectsOperatorFunction@2dc73024] under array_intersects; prior registration was null
2025-02-13T11:58:33.273Z DEBUG 4604 --- [aniviewAuthUsers] [           main] o.h.q.sqm.function.SqmFunctionRegistry   : Registered SqmFunctionTemplate [org.hibernate.dialect.function.array.ArrayIntersectsOperatorFunction@42cd0fc6] under array_intersects_nullable; prior registration was null
2025-02-13T11:58:33.273Z DEBUG 4604 --- [aniviewAuthUsers] [           main] o.h.q.sqm.function.SqmFunctionRegistry   : Registering alternate key : array_overlaps -> array_intersects
2025-02-13T11:58:33.273Z DEBUG 4604 --- [aniviewAuthUsers] [           main] o.h.q.sqm.function.SqmFunctionRegistry   : Registering alternate key : array_overlaps_nullable -> array_intersects_nullable
2025-02-13T11:58:33.273Z DEBUG 4604 --- [aniviewAuthUsers] [           main] o.h.q.sqm.function.SqmFunctionRegistry   : Registered SqmFunctionTemplate [org.hibernate.query.sqm.function.PatternBasedSqmFunctionDescriptor@69372c1e] under array_get; prior registration was null
2025-02-13T11:58:33.274Z DEBUG 4604 --- [aniviewAuthUsers] [           main] o.h.q.sqm.function.SqmFunctionRegistry   : Registered SqmFunctionTemplate [org.hibernate.dialect.function.array.ArraySetUnnestFunction@77ec9fdb] under array_set; prior registration was null
2025-02-13T11:58:33.274Z DEBUG 4604 --- [aniviewAuthUsers] [           main] o.h.q.sqm.function.SqmFunctionRegistry   : Registered SqmFunctionTemplate [NamedSqmFunctionTemplate(array_remove)] under array_remove; prior registration was null
2025-02-13T11:58:33.274Z DEBUG 4604 --- [aniviewAuthUsers] [           main] o.h.q.sqm.function.SqmFunctionRegistry   : Registered SqmFunctionTemplate [org.hibernate.dialect.function.array.ArrayRemoveIndexUnnestFunction@4ab90d01] under array_remove_index; prior registration was null
2025-02-13T11:58:33.274Z DEBUG 4604 --- [aniviewAuthUsers] [           main] o.h.q.sqm.function.SqmFunctionRegistry   : Registered SqmFunctionTemplate [org.hibernate.query.sqm.function.PatternBasedSqmFunctionDescriptor@771d4db] under array_slice; prior registration was null
2025-02-13T11:58:33.274Z DEBUG 4604 --- [aniviewAuthUsers] [           main] o.h.q.sqm.function.SqmFunctionRegistry   : Registered SqmFunctionTemplate [NamedSqmFunctionTemplate(array_replace)] under array_replace; prior registration was null
2025-02-13T11:58:33.274Z DEBUG 4604 --- [aniviewAuthUsers] [           main] o.h.q.sqm.function.SqmFunctionRegistry   : Registered SqmFunctionTemplate [org.hibernate.query.sqm.function.PatternBasedSqmFunctionDescriptor@2d88c1bf] under array_trim; prior registration was null
2025-02-13T11:58:33.275Z DEBUG 4604 --- [aniviewAuthUsers] [           main] o.h.q.sqm.function.SqmFunctionRegistry   : Registered SqmFunctionTemplate [org.hibernate.dialect.function.array.PostgreSQLArrayFillFunction@12bcf7c6] under array_fill; prior registration was null
2025-02-13T11:58:33.275Z DEBUG 4604 --- [aniviewAuthUsers] [           main] o.h.q.sqm.function.SqmFunctionRegistry   : Registered SqmFunctionTemplate [org.hibernate.dialect.function.array.PostgreSQLArrayFillFunction@5e763c07] under array_fill_list; prior registration was null
2025-02-13T11:58:33.275Z DEBUG 4604 --- [aniviewAuthUsers] [           main] o.h.q.sqm.function.SqmFunctionRegistry   : Registered SqmFunctionTemplate [org.hibernate.dialect.function.array.ArrayToStringFunction@b2d8dcd] under array_to_string; prior registration was null
2025-02-13T11:58:33.276Z DEBUG 4604 --- [aniviewAuthUsers] [           main] o.h.q.sqm.function.SqmFunctionRegistry   : Registered SqmFunctionTemplate [NamedSqmFunctionTemplate(make_date)] under make_date; prior registration was null
2025-02-13T11:58:33.276Z DEBUG 4604 --- [aniviewAuthUsers] [           main] o.h.q.sqm.function.SqmFunctionRegistry   : Registered SqmFunctionTemplate [NamedSqmFunctionTemplate(make_time)] under make_time; prior registration was null
2025-02-13T11:58:33.276Z DEBUG 4604 --- [aniviewAuthUsers] [           main] o.h.q.sqm.function.SqmFunctionRegistry   : Registered SqmFunctionTemplate [NamedSqmFunctionTemplate(make_timestamp)] under make_timestamp; prior registration was null
2025-02-13T11:58:33.276Z DEBUG 4604 --- [aniviewAuthUsers] [           main] o.h.q.sqm.function.SqmFunctionRegistry   : Registered SqmFunctionTemplate [NamedSqmFunctionTemplate(make_timestamptz)] under make_timestamptz; prior registration was null
2025-02-13T11:58:33.276Z DEBUG 4604 --- [aniviewAuthUsers] [           main] o.h.q.sqm.function.SqmFunctionRegistry   : Registered SqmFunctionTemplate [org.hibernate.dialect.function.InverseDistributionFunction@453a30f8] under mode; prior registration was null
2025-02-13T11:58:33.276Z DEBUG 4604 --- [aniviewAuthUsers] [           main] o.h.q.sqm.function.SqmFunctionRegistry   : Registered SqmFunctionTemplate [org.hibernate.dialect.function.InverseDistributionFunction@7cec3975] under percentile_cont; prior registration was null
2025-02-13T11:58:33.276Z DEBUG 4604 --- [aniviewAuthUsers] [           main] o.h.q.sqm.function.SqmFunctionRegistry   : Registered SqmFunctionTemplate [org.hibernate.dialect.function.InverseDistributionFunction@73a116d] under percentile_disc; prior registration was null
2025-02-13T11:58:33.276Z DEBUG 4604 --- [aniviewAuthUsers] [           main] o.h.q.sqm.function.SqmFunctionRegistry   : Registered SqmFunctionTemplate [org.hibernate.dialect.function.HypotheticalSetFunction@7e2a76be] under rank; prior registration was null
2025-02-13T11:58:33.276Z DEBUG 4604 --- [aniviewAuthUsers] [           main] o.h.q.sqm.function.SqmFunctionRegistry   : Registered SqmFunctionTemplate [org.hibernate.dialect.function.HypotheticalSetFunction@24b8a393] under dense_rank; prior registration was null
2025-02-13T11:58:33.276Z DEBUG 4604 --- [aniviewAuthUsers] [           main] o.h.q.sqm.function.SqmFunctionRegistry   : Registered SqmFunctionTemplate [org.hibernate.dialect.function.HypotheticalSetFunction@20155dae] under percent_rank; prior registration was null
2025-02-13T11:58:33.276Z DEBUG 4604 --- [aniviewAuthUsers] [           main] o.h.q.sqm.function.SqmFunctionRegistry   : Registered SqmFunctionTemplate [org.hibernate.dialect.function.HypotheticalSetFunction@6c49ea0c] under cume_dist; prior registration was null
2025-02-13T11:58:33.277Z DEBUG 4604 --- [aniviewAuthUsers] [           main] o.h.q.sqm.function.SqmFunctionRegistry   : Registered SqmFunctionTemplate [org.hibernate.dialect.function.PostgreSQLMinMaxFunction@9763e61] under min; prior registration was NamedSqmFunctionTemplate(min)
2025-02-13T11:58:33.277Z DEBUG 4604 --- [aniviewAuthUsers] [           main] o.h.q.sqm.function.SqmFunctionRegistry   : Registered SqmFunctionTemplate [org.hibernate.dialect.function.PostgreSQLMinMaxFunction@17e6b7e4] under max; prior registration was NamedSqmFunctionTemplate(max)
2025-02-13T11:58:33.277Z DEBUG 4604 --- [aniviewAuthUsers] [           main] o.h.q.sqm.function.SqmFunctionRegistry   : Registered SqmFunctionTemplate [org.hibernate.query.sqm.function.PatternBasedSqmFunctionDescriptor@44c27b8b] under bitxor; prior registration was org.hibernate.query.sqm.function.PatternBasedSqmFunctionDescriptor@13d5606c
2025-02-13T11:58:33.277Z DEBUG 4604 --- [aniviewAuthUsers] [           main] o.h.q.sqm.function.SqmFunctionRegistry   : Registered SqmFunctionTemplate [org.hibernate.dialect.function.PostgreSQLTruncRoundFunction@460b77d6] under round; prior registration was NamedSqmFunctionTemplate(round)
2025-02-13T11:58:33.278Z DEBUG 4604 --- [aniviewAuthUsers] [           main] o.h.q.sqm.function.SqmFunctionRegistry   : Registered SqmFunctionTemplate [org.hibernate.dialect.function.PostgreSQLTruncFunction@7f894a6f] under trunc; prior registration was null
2025-02-13T11:58:33.279Z DEBUG 4604 --- [aniviewAuthUsers] [           main] o.h.q.sqm.function.SqmFunctionRegistry   : Registering alternate key : truncate -> trunc
2025-02-13T11:58:33.279Z DEBUG 4604 --- [aniviewAuthUsers] [           main] o.h.q.sqm.function.SqmFunctionRegistry   : Registered SqmFunctionTemplate [org.hibernate.query.sqm.function.PatternBasedSqmFunctionDescriptor@3d05435c] under date_trunc; prior registration was null
2025-02-13T11:58:33.280Z DEBUG 4604 --- [aniviewAuthUsers] [           main] org.hibernate.HQL_FUNCTIONS              : abs(NUMERIC arg)
2025-02-13T11:58:33.280Z DEBUG 4604 --- [aniviewAuthUsers] [           main] org.hibernate.HQL_FUNCTIONS              : Double acos(NUMERIC arg)
2025-02-13T11:58:33.280Z DEBUG 4604 --- [aniviewAuthUsers] [           main] org.hibernate.HQL_FUNCTIONS              : Double acosh(NUMERIC arg)
2025-02-13T11:58:33.280Z DEBUG 4604 --- [aniviewAuthUsers] [           main] org.hibernate.HQL_FUNCTIONS              : Boolean any(BOOLEAN predicate)
2025-02-13T11:58:33.280Z DEBUG 4604 --- [aniviewAuthUsers] [           main] org.hibernate.HQL_FUNCTIONS              : array( ... )
2025-02-13T11:58:33.280Z DEBUG 4604 --- [aniviewAuthUsers] [           main] org.hibernate.HQL_FUNCTIONS              : array_agg(arg)
2025-02-13T11:58:33.280Z DEBUG 4604 --- [aniviewAuthUsers] [           main] org.hibernate.HQL_FUNCTIONS              : array_append( ... )
2025-02-13T11:58:33.280Z DEBUG 4604 --- [aniviewAuthUsers] [           main] org.hibernate.HQL_FUNCTIONS              : array_concat( ... )
2025-02-13T11:58:33.280Z DEBUG 4604 --- [aniviewAuthUsers] [           main] org.hibernate.HQL_FUNCTIONS              : Boolean array_contains(ARRAY haystackArray, OBJECT needleElementOrArray)
2025-02-13T11:58:33.280Z DEBUG 4604 --- [aniviewAuthUsers] [           main] org.hibernate.HQL_FUNCTIONS              : Boolean array_contains_nullable(ARRAY haystackArray, OBJECT needleElementOrArray)
2025-02-13T11:58:33.280Z DEBUG 4604 --- [aniviewAuthUsers] [           main] org.hibernate.HQL_FUNCTIONS              : array_fill(OBJECT element, INTEGER elementCount)
2025-02-13T11:58:33.280Z DEBUG 4604 --- [aniviewAuthUsers] [           main] org.hibernate.HQL_FUNCTIONS              : array_fill_list(OBJECT element, INTEGER elementCount)
2025-02-13T11:58:33.280Z DEBUG 4604 --- [aniviewAuthUsers] [           main] org.hibernate.HQL_FUNCTIONS              : array_get(ARRAY array, INTEGER index)
2025-02-13T11:58:33.280Z DEBUG 4604 --- [aniviewAuthUsers] [           main] org.hibernate.HQL_FUNCTIONS              : Boolean array_includes(ARRAY haystackArray, OBJECT needleArray)
2025-02-13T11:58:33.280Z DEBUG 4604 --- [aniviewAuthUsers] [           main] org.hibernate.HQL_FUNCTIONS              : Boolean array_includes_nullable(ARRAY haystackArray, OBJECT needleArray)
2025-02-13T11:58:33.280Z DEBUG 4604 --- [aniviewAuthUsers] [           main] org.hibernate.HQL_FUNCTIONS              : Boolean array_intersects(ARRAY array0, OBJECT array1)
2025-02-13T11:58:33.280Z DEBUG 4604 --- [aniviewAuthUsers] [           main] org.hibernate.HQL_FUNCTIONS              : Boolean array_intersects_nullable(ARRAY array0, OBJECT array1)
2025-02-13T11:58:33.280Z DEBUG 4604 --- [aniviewAuthUsers] [           main] org.hibernate.HQL_FUNCTIONS              : Integer array_length(ARRAY array)
2025-02-13T11:58:33.280Z DEBUG 4604 --- [aniviewAuthUsers] [           main] org.hibernate.HQL_FUNCTIONS              : array_list( ... )
2025-02-13T11:58:33.280Z DEBUG 4604 --- [aniviewAuthUsers] [           main] org.hibernate.HQL_FUNCTIONS              : Boolean array_overlaps(ARRAY array0, OBJECT array1)
2025-02-13T11:58:33.281Z DEBUG 4604 --- [aniviewAuthUsers] [           main] org.hibernate.HQL_FUNCTIONS              : Boolean array_overlaps_nullable(ARRAY array0, OBJECT array1)
2025-02-13T11:58:33.281Z DEBUG 4604 --- [aniviewAuthUsers] [           main] org.hibernate.HQL_FUNCTIONS              : Integer array_position(ARRAY array, OBJECT element[, INTEGER startPosition])
2025-02-13T11:58:33.281Z DEBUG 4604 --- [aniviewAuthUsers] [           main] org.hibernate.HQL_FUNCTIONS              : int[] array_positions(ARRAY array, OBJECT element)
2025-02-13T11:58:33.281Z DEBUG 4604 --- [aniviewAuthUsers] [           main] org.hibernate.HQL_FUNCTIONS              : List array_positions_list(ARRAY array, OBJECT element)
2025-02-13T11:58:33.281Z DEBUG 4604 --- [aniviewAuthUsers] [           main] org.hibernate.HQL_FUNCTIONS              : array_prepend( ... )
2025-02-13T11:58:33.281Z DEBUG 4604 --- [aniviewAuthUsers] [           main] org.hibernate.HQL_FUNCTIONS              : array_remove( ... )
2025-02-13T11:58:33.281Z DEBUG 4604 --- [aniviewAuthUsers] [           main] org.hibernate.HQL_FUNCTIONS              : array_remove_index( ... )
2025-02-13T11:58:33.281Z DEBUG 4604 --- [aniviewAuthUsers] [           main] org.hibernate.HQL_FUNCTIONS              : array_replace(ARRAY array, OBJECT old, OBJECT new)
2025-02-13T11:58:33.282Z DEBUG 4604 --- [aniviewAuthUsers] [           main] org.hibernate.HQL_FUNCTIONS              : array_set( ... )
2025-02-13T11:58:33.282Z DEBUG 4604 --- [aniviewAuthUsers] [           main] org.hibernate.HQL_FUNCTIONS              : array_slice(ARRAY array, INTEGER start, INTEGER end)
2025-02-13T11:58:33.282Z DEBUG 4604 --- [aniviewAuthUsers] [           main] org.hibernate.HQL_FUNCTIONS              : String array_to_string( ... )
2025-02-13T11:58:33.282Z DEBUG 4604 --- [aniviewAuthUsers] [           main] org.hibernate.HQL_FUNCTIONS              : array_trim(ARRAY array, INTEGER elementsToRemove)
2025-02-13T11:58:33.282Z DEBUG 4604 --- [aniviewAuthUsers] [           main] org.hibernate.HQL_FUNCTIONS              : Integer ascii(STRING arg)
2025-02-13T11:58:33.282Z DEBUG 4604 --- [aniviewAuthUsers] [           main] org.hibernate.HQL_FUNCTIONS              : Double asin(NUMERIC arg)
2025-02-13T11:58:33.282Z DEBUG 4604 --- [aniviewAuthUsers] [           main] org.hibernate.HQL_FUNCTIONS              : Double asinh(NUMERIC arg)
2025-02-13T11:58:33.283Z DEBUG 4604 --- [aniviewAuthUsers] [           main] org.hibernate.HQL_FUNCTIONS              : Double atan(NUMERIC arg)
2025-02-13T11:58:33.283Z DEBUG 4604 --- [aniviewAuthUsers] [           main] org.hibernate.HQL_FUNCTIONS              : Double atan2(NUMERIC arg0, NUMERIC arg1)
2025-02-13T11:58:33.283Z DEBUG 4604 --- [aniviewAuthUsers] [           main] org.hibernate.HQL_FUNCTIONS              : Double atanh(NUMERIC arg)
2025-02-13T11:58:33.283Z DEBUG 4604 --- [aniviewAuthUsers] [           main] org.hibernate.HQL_FUNCTIONS              : avg(arg)
2025-02-13T11:58:33.283Z DEBUG 4604 --- [aniviewAuthUsers] [           main] org.hibernate.HQL_FUNCTIONS              : bit_and(arg)
2025-02-13T11:58:33.283Z DEBUG 4604 --- [aniviewAuthUsers] [           main] org.hibernate.HQL_FUNCTIONS              : Integer bit_length(STRING_OR_CLOB arg)
2025-02-13T11:58:33.283Z DEBUG 4604 --- [aniviewAuthUsers] [           main] org.hibernate.HQL_FUNCTIONS              : bit_or(arg)
2025-02-13T11:58:33.283Z DEBUG 4604 --- [aniviewAuthUsers] [           main] org.hibernate.HQL_FUNCTIONS              : bitand(arg0, arg1)
2025-02-13T11:58:33.283Z DEBUG 4604 --- [aniviewAuthUsers] [           main] org.hibernate.HQL_FUNCTIONS              : bitnot(arg)
2025-02-13T11:58:33.283Z DEBUG 4604 --- [aniviewAuthUsers] [           main] org.hibernate.HQL_FUNCTIONS              : bitor(arg0, arg1)
2025-02-13T11:58:33.283Z DEBUG 4604 --- [aniviewAuthUsers] [           main] org.hibernate.HQL_FUNCTIONS              : bitxor(arg0, arg1)
2025-02-13T11:58:33.283Z DEBUG 4604 --- [aniviewAuthUsers] [           main] org.hibernate.HQL_FUNCTIONS              : Boolean bool_and(BOOLEAN predicate)
2025-02-13T11:58:33.283Z DEBUG 4604 --- [aniviewAuthUsers] [           main] org.hibernate.HQL_FUNCTIONS              : Boolean bool_or(BOOLEAN predicate)
2025-02-13T11:58:33.283Z DEBUG 4604 --- [aniviewAuthUsers] [           main] org.hibernate.HQL_FUNCTIONS              : cast(arg as Type)
2025-02-13T11:58:33.283Z DEBUG 4604 --- [aniviewAuthUsers] [           main] org.hibernate.HQL_FUNCTIONS              : Double cbrt(NUMERIC arg)
2025-02-13T11:58:33.283Z DEBUG 4604 --- [aniviewAuthUsers] [           main] org.hibernate.HQL_FUNCTIONS              : ceiling(NUMERIC arg)
2025-02-13T11:58:33.283Z DEBUG 4604 --- [aniviewAuthUsers] [           main] org.hibernate.HQL_FUNCTIONS              : Character char(INTEGER arg)
2025-02-13T11:58:33.283Z DEBUG 4604 --- [aniviewAuthUsers] [           main] org.hibernate.HQL_FUNCTIONS              : Integer character_length(STRING_OR_CLOB arg)
2025-02-13T11:58:33.283Z DEBUG 4604 --- [aniviewAuthUsers] [           main] org.hibernate.HQL_FUNCTIONS              : Character chr(INTEGER arg)
2025-02-13T11:58:33.284Z DEBUG 4604 --- [aniviewAuthUsers] [           main] org.hibernate.HQL_FUNCTIONS              : coalesce(arg0[, arg1[, ...]])
2025-02-13T11:58:33.284Z DEBUG 4604 --- [aniviewAuthUsers] [           main] org.hibernate.HQL_FUNCTIONS              : String collate(STRING string as COLLATION collation)
2025-02-13T11:58:33.284Z DEBUG 4604 --- [aniviewAuthUsers] [           main] org.hibernate.HQL_FUNCTIONS              : (STRING string0[, STRING string1[, ...]])
2025-02-13T11:58:33.284Z DEBUG 4604 --- [aniviewAuthUsers] [           main] org.hibernate.HQL_FUNCTIONS              : Double corr(NUMERIC arg0, NUMERIC arg1)
2025-02-13T11:58:33.284Z DEBUG 4604 --- [aniviewAuthUsers] [           main] org.hibernate.HQL_FUNCTIONS              : Double cos(NUMERIC arg)
2025-02-13T11:58:33.284Z DEBUG 4604 --- [aniviewAuthUsers] [           main] org.hibernate.HQL_FUNCTIONS              : Double cosh(NUMERIC arg)
2025-02-13T11:58:33.284Z DEBUG 4604 --- [aniviewAuthUsers] [           main] org.hibernate.HQL_FUNCTIONS              : Double cot(NUMERIC arg)
2025-02-13T11:58:33.284Z DEBUG 4604 --- [aniviewAuthUsers] [           main] org.hibernate.HQL_FUNCTIONS              : Long count([distinct ]{arg|*})
2025-02-13T11:58:33.284Z DEBUG 4604 --- [aniviewAuthUsers] [           main] org.hibernate.HQL_FUNCTIONS              : Double covar_pop(NUMERIC arg0, NUMERIC arg1)
2025-02-13T11:58:33.284Z DEBUG 4604 --- [aniviewAuthUsers] [           main] org.hibernate.HQL_FUNCTIONS              : Double covar_samp(NUMERIC arg0, NUMERIC arg1)
2025-02-13T11:58:33.284Z DEBUG 4604 --- [aniviewAuthUsers] [           main] org.hibernate.HQL_FUNCTIONS              : Double cume_dist([arg0[, ...]])
2025-02-13T11:58:33.284Z DEBUG 4604 --- [aniviewAuthUsers] [           main] org.hibernate.HQL_FUNCTIONS              : Date current date
2025-02-13T11:58:33.284Z DEBUG 4604 --- [aniviewAuthUsers] [           main] org.hibernate.HQL_FUNCTIONS              : Time current time
2025-02-13T11:58:33.284Z DEBUG 4604 --- [aniviewAuthUsers] [           main] org.hibernate.HQL_FUNCTIONS              : Timestamp current timestamp
2025-02-13T11:58:33.284Z DEBUG 4604 --- [aniviewAuthUsers] [           main] org.hibernate.HQL_FUNCTIONS              : Date current_date
2025-02-13T11:58:33.284Z DEBUG 4604 --- [aniviewAuthUsers] [           main] org.hibernate.HQL_FUNCTIONS              : Instant current_instant
2025-02-13T11:58:33.284Z DEBUG 4604 --- [aniviewAuthUsers] [           main] org.hibernate.HQL_FUNCTIONS              : Time current_time
2025-02-13T11:58:33.284Z DEBUG 4604 --- [aniviewAuthUsers] [           main] org.hibernate.HQL_FUNCTIONS              : Timestamp current_timestamp
2025-02-13T11:58:33.284Z DEBUG 4604 --- [aniviewAuthUsers] [           main] org.hibernate.HQL_FUNCTIONS              : date_trunc(STRING field, TEMPORAL datetime)
2025-02-13T11:58:33.284Z DEBUG 4604 --- [aniviewAuthUsers] [           main] org.hibernate.HQL_FUNCTIONS              : dateadd(TEMPORAL_UNIT field, INTEGER magnitude, TEMPORAL datetime)
2025-02-13T11:58:33.284Z DEBUG 4604 --- [aniviewAuthUsers] [           main] org.hibernate.HQL_FUNCTIONS              : Long|Double datediff(TEMPORAL_UNIT field, TEMPORAL start, TEMPORAL end)
2025-02-13T11:58:33.285Z DEBUG 4604 --- [aniviewAuthUsers] [           main] org.hibernate.HQL_FUNCTIONS              : Double degrees(NUMERIC arg)
2025-02-13T11:58:33.285Z DEBUG 4604 --- [aniviewAuthUsers] [           main] org.hibernate.HQL_FUNCTIONS              : Long dense_rank([arg0[, ...]])
2025-02-13T11:58:33.285Z DEBUG 4604 --- [aniviewAuthUsers] [           main] org.hibernate.HQL_FUNCTIONS              : Boolean every(BOOLEAN predicate)
2025-02-13T11:58:33.285Z DEBUG 4604 --- [aniviewAuthUsers] [           main] org.hibernate.HQL_FUNCTIONS              : Double exp(NUMERIC arg)
2025-02-13T11:58:33.285Z DEBUG 4604 --- [aniviewAuthUsers] [           main] org.hibernate.HQL_FUNCTIONS              : extract(TEMPORAL_UNIT field from TEMPORAL arg)
2025-02-13T11:58:33.285Z DEBUG 4604 --- [aniviewAuthUsers] [           main] org.hibernate.HQL_FUNCTIONS              : first_valueANY value
2025-02-13T11:58:33.285Z DEBUG 4604 --- [aniviewAuthUsers] [           main] org.hibernate.HQL_FUNCTIONS              : floor(NUMERIC arg)
2025-02-13T11:58:33.285Z DEBUG 4604 --- [aniviewAuthUsers] [           main] org.hibernate.HQL_FUNCTIONS              : String format(TEMPORAL datetime as STRING pattern)
2025-02-13T11:58:33.285Z DEBUG 4604 --- [aniviewAuthUsers] [           main] org.hibernate.HQL_FUNCTIONS              : greatest(COMPARABLE arg0, COMPARABLE arg1[, arg2[, ...]])
2025-02-13T11:58:33.285Z DEBUG 4604 --- [aniviewAuthUsers] [           main] org.hibernate.HQL_FUNCTIONS              : ifnull(arg0, arg1)
2025-02-13T11:58:33.285Z DEBUG 4604 --- [aniviewAuthUsers] [           main] org.hibernate.HQL_FUNCTIONS              : String initcap(arg)
2025-02-13T11:58:33.285Z DEBUG 4604 --- [aniviewAuthUsers] [           main] org.hibernate.HQL_FUNCTIONS              : String insert(STRING string, INTEGER start, INTEGER length, STRING replacement)
2025-02-13T11:58:33.285Z DEBUG 4604 --- [aniviewAuthUsers] [           main] org.hibernate.HQL_FUNCTIONS              : Instant instant
2025-02-13T11:58:33.285Z DEBUG 4604 --- [aniviewAuthUsers] [           main] org.hibernate.HQL_FUNCTIONS              : lagANY value[, INTEGER offset[, ANY default]]
2025-02-13T11:58:33.285Z DEBUG 4604 --- [aniviewAuthUsers] [           main] org.hibernate.HQL_FUNCTIONS              : last_valueANY value
2025-02-13T11:58:33.285Z DEBUG 4604 --- [aniviewAuthUsers] [           main] org.hibernate.HQL_FUNCTIONS              : leadANY value[, INTEGER offset[, ANY default]]
2025-02-13T11:58:33.285Z DEBUG 4604 --- [aniviewAuthUsers] [           main] org.hibernate.HQL_FUNCTIONS              : least(COMPARABLE arg0, COMPARABLE arg1[, arg2[, ...]])
2025-02-13T11:58:33.286Z DEBUG 4604 --- [aniviewAuthUsers] [           main] org.hibernate.HQL_FUNCTIONS              : String left(STRING string, INTEGER length)
2025-02-13T11:58:33.286Z DEBUG 4604 --- [aniviewAuthUsers] [           main] org.hibernate.HQL_FUNCTIONS              : length
2025-02-13T11:58:33.286Z DEBUG 4604 --- [aniviewAuthUsers] [           main] org.hibernate.HQL_FUNCTIONS              : String listagg(STRING arg0, STRING arg1)
2025-02-13T11:58:33.286Z DEBUG 4604 --- [aniviewAuthUsers] [           main] org.hibernate.HQL_FUNCTIONS              : Double ln(NUMERIC arg)
2025-02-13T11:58:33.286Z DEBUG 4604 --- [aniviewAuthUsers] [           main] org.hibernate.HQL_FUNCTIONS              : LocalDate local date
2025-02-13T11:58:33.286Z DEBUG 4604 --- [aniviewAuthUsers] [           main] org.hibernate.HQL_FUNCTIONS              : LocalDateTime local datetime
2025-02-13T11:58:33.287Z DEBUG 4604 --- [aniviewAuthUsers] [           main] org.hibernate.HQL_FUNCTIONS              : LocalTime local time
2025-02-13T11:58:33.287Z DEBUG 4604 --- [aniviewAuthUsers] [           main] org.hibernate.HQL_FUNCTIONS              : LocalDate local_date
2025-02-13T11:58:33.287Z DEBUG 4604 --- [aniviewAuthUsers] [           main] org.hibernate.HQL_FUNCTIONS              : LocalDateTime local_datetime
2025-02-13T11:58:33.287Z DEBUG 4604 --- [aniviewAuthUsers] [           main] org.hibernate.HQL_FUNCTIONS              : LocalTime local_time
2025-02-13T11:58:33.287Z DEBUG 4604 --- [aniviewAuthUsers] [           main] org.hibernate.HQL_FUNCTIONS              : Time localtime
2025-02-13T11:58:33.287Z DEBUG 4604 --- [aniviewAuthUsers] [           main] org.hibernate.HQL_FUNCTIONS              : Timestamp localtimestamp
2025-02-13T11:58:33.287Z DEBUG 4604 --- [aniviewAuthUsers] [           main] org.hibernate.HQL_FUNCTIONS              : Integer locate(STRING pattern, STRING string[, INTEGER start])
2025-02-13T11:58:33.287Z DEBUG 4604 --- [aniviewAuthUsers] [           main] org.hibernate.HQL_FUNCTIONS              : Double log(NUMERIC arg0[, NUMERIC arg1])
2025-02-13T11:58:33.287Z DEBUG 4604 --- [aniviewAuthUsers] [           main] org.hibernate.HQL_FUNCTIONS              : Double log10(NUMERIC arg)
2025-02-13T11:58:33.287Z DEBUG 4604 --- [aniviewAuthUsers] [           main] org.hibernate.HQL_FUNCTIONS              : String lower(STRING string)
2025-02-13T11:58:33.287Z DEBUG 4604 --- [aniviewAuthUsers] [           main] org.hibernate.HQL_FUNCTIONS              : String lpad(STRING string, INTEGER length[, STRING padding])
2025-02-13T11:58:33.287Z DEBUG 4604 --- [aniviewAuthUsers] [           main] org.hibernate.HQL_FUNCTIONS              : String ltrim(STRING string[, STRING characters])
2025-02-13T11:58:33.287Z DEBUG 4604 --- [aniviewAuthUsers] [           main] org.hibernate.HQL_FUNCTIONS              : Date make_date(INTEGER arg0, INTEGER arg1, INTEGER arg2)
2025-02-13T11:58:33.287Z DEBUG 4604 --- [aniviewAuthUsers] [           main] org.hibernate.HQL_FUNCTIONS              : Time make_time(INTEGER arg0, INTEGER arg1, INTEGER arg2)
2025-02-13T11:58:33.287Z DEBUG 4604 --- [aniviewAuthUsers] [           main] org.hibernate.HQL_FUNCTIONS              : Timestamp make_timestamp(INTEGER arg0, INTEGER arg1, INTEGER arg2, INTEGER arg3, INTEGER arg4, INTEGER arg5)
2025-02-13T11:58:33.287Z DEBUG 4604 --- [aniviewAuthUsers] [           main] org.hibernate.HQL_FUNCTIONS              : Timestamp make_timestamptz(INTEGER arg0, INTEGER arg1, INTEGER arg2, INTEGER arg3, INTEGER arg4, INTEGER arg5[, INTEGER arg6])
2025-02-13T11:58:33.287Z DEBUG 4604 --- [aniviewAuthUsers] [           main] org.hibernate.HQL_FUNCTIONS              : max(COMPARABLE arg)
2025-02-13T11:58:33.287Z DEBUG 4604 --- [aniviewAuthUsers] [           main] org.hibernate.HQL_FUNCTIONS              : String md5(arg)
2025-02-13T11:58:33.288Z DEBUG 4604 --- [aniviewAuthUsers] [           main] org.hibernate.HQL_FUNCTIONS              : Double median(NUMERIC arg)
2025-02-13T11:58:33.288Z DEBUG 4604 --- [aniviewAuthUsers] [           main] org.hibernate.HQL_FUNCTIONS              : min(COMPARABLE arg)
2025-02-13T11:58:33.288Z DEBUG 4604 --- [aniviewAuthUsers] [           main] org.hibernate.HQL_FUNCTIONS              : Integer mod(INTEGER arg0, INTEGER arg1)
2025-02-13T11:58:33.288Z DEBUG 4604 --- [aniviewAuthUsers] [           main] org.hibernate.HQL_FUNCTIONS              : mode()
2025-02-13T11:58:33.288Z DEBUG 4604 --- [aniviewAuthUsers] [           main] org.hibernate.HQL_FUNCTIONS              : nth_valueANY value, INTEGER nth
2025-02-13T11:58:33.288Z DEBUG 4604 --- [aniviewAuthUsers] [           main] org.hibernate.HQL_FUNCTIONS              : nullif(arg0, arg1)
2025-02-13T11:58:33.288Z DEBUG 4604 --- [aniviewAuthUsers] [           main] org.hibernate.HQL_FUNCTIONS              : Integer octet_length(STRING_OR_CLOB arg)
2025-02-13T11:58:33.288Z DEBUG 4604 --- [aniviewAuthUsers] [           main] org.hibernate.HQL_FUNCTIONS              : OffsetDateTime offset datetime
2025-02-13T11:58:33.288Z DEBUG 4604 --- [aniviewAuthUsers] [           main] org.hibernate.HQL_FUNCTIONS              : OffsetDateTime offset_datetime
2025-02-13T11:58:33.288Z DEBUG 4604 --- [aniviewAuthUsers] [           main] org.hibernate.HQL_FUNCTIONS              : String overlay(string placing replacement from start[ for length])
2025-02-13T11:58:33.288Z DEBUG 4604 --- [aniviewAuthUsers] [           main] org.hibernate.HQL_FUNCTIONS              : String pad(STRING string with INTEGER length {leading|trailing}[ STRING character])
2025-02-13T11:58:33.288Z DEBUG 4604 --- [aniviewAuthUsers] [           main] org.hibernate.HQL_FUNCTIONS              : Double percent_rank([arg0[, ...]])
2025-02-13T11:58:33.288Z DEBUG 4604 --- [aniviewAuthUsers] [           main] org.hibernate.HQL_FUNCTIONS              : percentile_cont(NUMERIC arg)
2025-02-13T11:58:33.288Z DEBUG 4604 --- [aniviewAuthUsers] [           main] org.hibernate.HQL_FUNCTIONS              : percentile_disc(NUMERIC arg)
2025-02-13T11:58:33.288Z DEBUG 4604 --- [aniviewAuthUsers] [           main] org.hibernate.HQL_FUNCTIONS              : Double pi
2025-02-13T11:58:33.288Z DEBUG 4604 --- [aniviewAuthUsers] [           main] org.hibernate.HQL_FUNCTIONS              : Integer position(STRING pattern in STRING string)
2025-02-13T11:58:33.289Z DEBUG 4604 --- [aniviewAuthUsers] [           main] org.hibernate.HQL_FUNCTIONS              : Double power(NUMERIC arg0, NUMERIC arg1)
2025-02-13T11:58:33.289Z DEBUG 4604 --- [aniviewAuthUsers] [           main] org.hibernate.HQL_FUNCTIONS              : Double radians(NUMERIC arg)
2025-02-13T11:58:33.289Z DEBUG 4604 --- [aniviewAuthUsers] [           main] org.hibernate.HQL_FUNCTIONS              : Long rank([arg0[, ...]])
2025-02-13T11:58:33.289Z DEBUG 4604 --- [aniviewAuthUsers] [           main] org.hibernate.HQL_FUNCTIONS              : Double regr_avgx(NUMERIC arg0, NUMERIC arg1)
2025-02-13T11:58:33.289Z DEBUG 4604 --- [aniviewAuthUsers] [           main] org.hibernate.HQL_FUNCTIONS              : Double regr_avgy(NUMERIC arg0, NUMERIC arg1)
2025-02-13T11:58:33.289Z DEBUG 4604 --- [aniviewAuthUsers] [           main] org.hibernate.HQL_FUNCTIONS              : Double regr_count(NUMERIC arg0, NUMERIC arg1)
2025-02-13T11:58:33.289Z DEBUG 4604 --- [aniviewAuthUsers] [           main] org.hibernate.HQL_FUNCTIONS              : Double regr_intercept(NUMERIC arg0, NUMERIC arg1)
2025-02-13T11:58:33.289Z DEBUG 4604 --- [aniviewAuthUsers] [           main] org.hibernate.HQL_FUNCTIONS              : Double regr_r2(NUMERIC arg0, NUMERIC arg1)
2025-02-13T11:58:33.289Z DEBUG 4604 --- [aniviewAuthUsers] [           main] org.hibernate.HQL_FUNCTIONS              : Double regr_slope(NUMERIC arg0, NUMERIC arg1)
2025-02-13T11:58:33.289Z DEBUG 4604 --- [aniviewAuthUsers] [           main] org.hibernate.HQL_FUNCTIONS              : Double regr_sxx(NUMERIC arg0, NUMERIC arg1)
2025-02-13T11:58:33.289Z DEBUG 4604 --- [aniviewAuthUsers] [           main] org.hibernate.HQL_FUNCTIONS              : Double regr_sxy(NUMERIC arg0, NUMERIC arg1)
2025-02-13T11:58:33.289Z DEBUG 4604 --- [aniviewAuthUsers] [           main] org.hibernate.HQL_FUNCTIONS              : Double regr_syy(NUMERIC arg0, NUMERIC arg1)
2025-02-13T11:58:33.289Z DEBUG 4604 --- [aniviewAuthUsers] [           main] org.hibernate.HQL_FUNCTIONS              : String repeat(STRING string, INTEGER times)
2025-02-13T11:58:33.289Z DEBUG 4604 --- [aniviewAuthUsers] [           main] org.hibernate.HQL_FUNCTIONS              : String replace(STRING string, STRING pattern, STRING replacement)
2025-02-13T11:58:33.289Z DEBUG 4604 --- [aniviewAuthUsers] [           main] org.hibernate.HQL_FUNCTIONS              : String right(STRING string, INTEGER length)
2025-02-13T11:58:33.289Z DEBUG 4604 --- [aniviewAuthUsers] [           main] org.hibernate.HQL_FUNCTIONS              : round(NUMERIC number[, INTEGER places])
2025-02-13T11:58:33.289Z DEBUG 4604 --- [aniviewAuthUsers] [           main] org.hibernate.HQL_FUNCTIONS              : Long row_number()
2025-02-13T11:58:33.289Z DEBUG 4604 --- [aniviewAuthUsers] [           main] org.hibernate.HQL_FUNCTIONS              : String rpad(STRING string, INTEGER length[, STRING padding])
2025-02-13T11:58:33.289Z DEBUG 4604 --- [aniviewAuthUsers] [           main] org.hibernate.HQL_FUNCTIONS              : String rtrim(STRING string[, STRING characters])
2025-02-13T11:58:33.289Z DEBUG 4604 --- [aniviewAuthUsers] [           main] org.hibernate.HQL_FUNCTIONS              : Integer sign(NUMERIC arg)
2025-02-13T11:58:33.289Z DEBUG 4604 --- [aniviewAuthUsers] [           main] org.hibernate.HQL_FUNCTIONS              : Double sin(NUMERIC arg)
2025-02-13T11:58:33.289Z DEBUG 4604 --- [aniviewAuthUsers] [           main] org.hibernate.HQL_FUNCTIONS              : Double sinh(NUMERIC arg)
2025-02-13T11:58:33.289Z DEBUG 4604 --- [aniviewAuthUsers] [           main] org.hibernate.HQL_FUNCTIONS              : String soundex(arg)
2025-02-13T11:58:33.289Z DEBUG 4604 --- [aniviewAuthUsers] [           main] org.hibernate.HQL_FUNCTIONS              : Object sql
2025-02-13T11:58:33.289Z DEBUG 4604 --- [aniviewAuthUsers] [           main] org.hibernate.HQL_FUNCTIONS              : Double sqrt(NUMERIC arg)
2025-02-13T11:58:33.289Z DEBUG 4604 --- [aniviewAuthUsers] [           main] org.hibernate.HQL_FUNCTIONS              : Double stddev(NUMERIC arg)
2025-02-13T11:58:33.289Z DEBUG 4604 --- [aniviewAuthUsers] [           main] org.hibernate.HQL_FUNCTIONS              : Double stddev_pop(NUMERIC arg)
2025-02-13T11:58:33.290Z DEBUG 4604 --- [aniviewAuthUsers] [           main] org.hibernate.HQL_FUNCTIONS              : Double stddev_samp(NUMERIC arg)
2025-02-13T11:58:33.290Z DEBUG 4604 --- [aniviewAuthUsers] [           main] org.hibernate.HQL_FUNCTIONS              : String str(arg)
2025-02-13T11:58:33.290Z DEBUG 4604 --- [aniviewAuthUsers] [           main] org.hibernate.HQL_FUNCTIONS              : String substr(STRING string, INTEGER start[, INTEGER length])
2025-02-13T11:58:33.290Z DEBUG 4604 --- [aniviewAuthUsers] [           main] org.hibernate.HQL_FUNCTIONS              : String substring(STRING string{ from|,} INTEGER start[{ for|,} INTEGER length])
2025-02-13T11:58:33.290Z DEBUG 4604 --- [aniviewAuthUsers] [           main] org.hibernate.HQL_FUNCTIONS              : sum(arg)
2025-02-13T11:58:33.290Z DEBUG 4604 --- [aniviewAuthUsers] [           main] org.hibernate.HQL_FUNCTIONS              : Double tan(NUMERIC arg)
2025-02-13T11:58:33.290Z DEBUG 4604 --- [aniviewAuthUsers] [           main] org.hibernate.HQL_FUNCTIONS              : Double tanh(NUMERIC arg)
2025-02-13T11:58:33.290Z DEBUG 4604 --- [aniviewAuthUsers] [           main] org.hibernate.HQL_FUNCTIONS              : timestampadd(TEMPORAL_UNIT field, INTEGER magnitude, TEMPORAL datetime)
2025-02-13T11:58:33.290Z DEBUG 4604 --- [aniviewAuthUsers] [           main] org.hibernate.HQL_FUNCTIONS              : Long|Double timestampdiff(TEMPORAL_UNIT field, TEMPORAL start, TEMPORAL end)
2025-02-13T11:58:33.290Z DEBUG 4604 --- [aniviewAuthUsers] [           main] org.hibernate.HQL_FUNCTIONS              : String to_char(ANY arg0[, STRING arg1, STRING arg2])
2025-02-13T11:58:33.290Z DEBUG 4604 --- [aniviewAuthUsers] [           main] org.hibernate.HQL_FUNCTIONS              : Date to_date(STRING arg0[, STRING arg1, STRING arg2])
2025-02-13T11:58:33.290Z DEBUG 4604 --- [aniviewAuthUsers] [           main] org.hibernate.HQL_FUNCTIONS              : Double to_number(STRING arg0[, STRING arg1, STRING arg2])
2025-02-13T11:58:33.290Z DEBUG 4604 --- [aniviewAuthUsers] [           main] org.hibernate.HQL_FUNCTIONS              : Timestamp to_timestamp(STRING arg0[, STRING arg1, STRING arg2])
2025-02-13T11:58:33.290Z DEBUG 4604 --- [aniviewAuthUsers] [           main] org.hibernate.HQL_FUNCTIONS              : String translate(STRING arg0, STRING arg1, STRING arg2)
2025-02-13T11:58:33.290Z DEBUG 4604 --- [aniviewAuthUsers] [           main] org.hibernate.HQL_FUNCTIONS              : String trim([[{leading|trailing|both} ][STRING arg0 ]from] STRING arg1)
2025-02-13T11:58:33.290Z DEBUG 4604 --- [aniviewAuthUsers] [           main] org.hibernate.HQL_FUNCTIONS              : trunc( ... )
2025-02-13T11:58:33.290Z DEBUG 4604 --- [aniviewAuthUsers] [           main] org.hibernate.HQL_FUNCTIONS              : truncate( ... )
2025-02-13T11:58:33.290Z DEBUG 4604 --- [aniviewAuthUsers] [           main] org.hibernate.HQL_FUNCTIONS              : String upper(STRING string)
2025-02-13T11:58:33.290Z DEBUG 4604 --- [aniviewAuthUsers] [           main] org.hibernate.HQL_FUNCTIONS              : Double var_pop(NUMERIC arg)
2025-02-13T11:58:33.290Z DEBUG 4604 --- [aniviewAuthUsers] [           main] org.hibernate.HQL_FUNCTIONS              : Double var_samp(NUMERIC arg)
2025-02-13T11:58:33.290Z DEBUG 4604 --- [aniviewAuthUsers] [           main] org.hibernate.HQL_FUNCTIONS              : Double variance(NUMERIC arg)
2025-02-13T11:58:33.298Z DEBUG 4604 --- [aniviewAuthUsers] [           main] org.hibernate.orm.query.plan.cache       : Starting QueryInterpretationCache(2048)
2025-02-13T11:58:33.385Z DEBUG 4604 --- [aniviewAuthUsers] [           main] .h.s.i.SessionFactoryServiceRegistryImpl : EventListenerRegistry access via ServiceRegistry is deprecated.  Use `sessionFactory.getEventEngine().getListenerRegistry()` instead
2025-02-13T11:58:33.387Z DEBUG 4604 --- [aniviewAuthUsers] [           main] h.e.i.EntityCopyObserverFactoryInitiator : Configured EntityCopyObserver strategy: disallow
2025-02-13T11:58:33.486Z DEBUG 4604 --- [aniviewAuthUsers] [           main] o.h.boot.internal.ClassLoaderAccessImpl  : Not known whether passed class name [com.aniview.authusers.Entity.User] is safe
2025-02-13T11:58:33.486Z DEBUG 4604 --- [aniviewAuthUsers] [           main] o.h.boot.internal.ClassLoaderAccessImpl  : No temp ClassLoader provided; using live ClassLoader for loading potentially unsafe class : com.aniview.authusers.Entity.User
2025-02-13T11:58:33.669Z DEBUG 4604 --- [aniviewAuthUsers] [           main] o.h.b.i.bytebuddy.BytecodeProviderImpl   : HHH000513: Unable to create the ReflectionOptimizer for [com.aniview.authusers.Entity.User]: private accessor [email]
2025-02-13T11:58:33.693Z DEBUG 4604 --- [aniviewAuthUsers] [           main] org.hibernate.ormbytecode.interceptor    : To-one property `com.aniview.authusers.Entity.Auth#user` was mapped with LAZY + NO_PROXY but the class was not enhanced
2025-02-13T11:58:33.694Z DEBUG 4604 --- [aniviewAuthUsers] [           main] org.hibernate.ormbytecode.interceptor    : To-one property `com.aniview.authusers.Entity.Auth#user` was mapped with LAZY + NO_PROXY but the class was not enhanced
2025-02-13T11:58:33.694Z DEBUG 4604 --- [aniviewAuthUsers] [           main] o.h.boot.internal.ClassLoaderAccessImpl  : Not known whether passed class name [com.aniview.authusers.Entity.Auth] is safe
2025-02-13T11:58:33.694Z DEBUG 4604 --- [aniviewAuthUsers] [           main] o.h.boot.internal.ClassLoaderAccessImpl  : No temp ClassLoader provided; using live ClassLoader for loading potentially unsafe class : com.aniview.authusers.Entity.Auth
2025-02-13T11:58:33.709Z DEBUG 4604 --- [aniviewAuthUsers] [           main] o.h.b.i.bytebuddy.BytecodeProviderImpl   : HHH000513: Unable to create the ReflectionOptimizer for [com.aniview.authusers.Entity.Auth]: private accessor [password]
2025-02-13T11:58:33.709Z DEBUG 4604 --- [aniviewAuthUsers] [           main] org.hibernate.ormbytecode.interceptor    : To-one property `com.aniview.authusers.Entity.Auth#user` was mapped with LAZY + NO_PROXY but the class was not enhanced
2025-02-13T11:58:33.758Z DEBUG 4604 --- [aniviewAuthUsers] [           main] o.hibernate.orm.model.mapping.creation   : Starting post-init callbacks
2025-02-13T11:58:33.759Z DEBUG 4604 --- [aniviewAuthUsers] [           main] o.hibernate.orm.model.mapping.creation   : Starting PostInitCallbackEntry : Entity(com.aniview.authusers.Entity.User) `staticFetchableList` generator
2025-02-13T11:58:33.759Z DEBUG 4604 --- [aniviewAuthUsers] [           main] o.hibernate.orm.model.mapping.creation   : Starting PostInitCallbackEntry : To-one key - NavigableRole[com.aniview.authusers.Entity.Auth.user]
2025-02-13T11:58:33.764Z DEBUG 4604 --- [aniviewAuthUsers] [           main] o.hibernate.orm.model.mapping.creation   : Starting PostInitCallbackEntry : Entity(com.aniview.authusers.Entity.Auth) `staticFetchableList` generator
2025-02-13T11:58:33.850Z DEBUG 4604 --- [aniviewAuthUsers] [           main] org.hibernate.orm.sql.ast.create         : Created new SQL alias : u1_0
2025-02-13T11:58:33.853Z DEBUG 4604 --- [aniviewAuthUsers] [           main] org.hibernate.orm.sql.ast.create         : Registration of TableGroup [StandardTableGroup(com.aniview.authusers.Entity.User)] with identifierForTableGroup [com.aniview.authusers.Entity.User] for NavigablePath [com.aniview.authusers.Entity.User] 
2025-02-13T11:58:33.866Z DEBUG 4604 --- [aniviewAuthUsers] [           main] org.hibernate.orm.results.graph.AST      : DomainResult Graph:
 \-EntityResultImpl [com.aniview.authusers.Entity.User]
 |  +-BasicFetch [com.aniview.authusers.Entity.User.email]
 |  +-BasicFetch [com.aniview.authusers.Entity.User.image]
 |  +-BasicFetch [com.aniview.authusers.Entity.User.lastname]
 |  +-BasicFetch [com.aniview.authusers.Entity.User.name]
 |  \-BasicFetch [com.aniview.authusers.Entity.User.username]

2025-02-13T11:58:33.869Z DEBUG 4604 --- [aniviewAuthUsers] [           main] org.hibernate.orm.sql.ast.tree           : SQL AST Tree:
    SelectStatement {
      FromClause {
        StandardTableGroup (u1 : com.aniview.authusers.Entity.User) {
          primaryTableReference : users as u1_0
        }
      }
    }

2025-02-13T11:58:33.881Z DEBUG 4604 --- [aniviewAuthUsers] [           main] o.h.p.entity.AbstractEntityPersister     : Static SQL for entity: com.aniview.authusers.Entity.User
2025-02-13T11:58:33.881Z DEBUG 4604 --- [aniviewAuthUsers] [           main] o.h.p.entity.AbstractEntityPersister     :  Version select: /* get version com.aniview.authusers.Entity.User */ select id from users where id=?
2025-02-13T11:58:33.881Z DEBUG 4604 --- [aniviewAuthUsers] [           main] o.h.p.entity.AbstractEntityPersister     :  Insert (0): /* insert for com.aniview.authusers.Entity.User */insert into users (email,image,lastname,name,username,id) values (?,?,?,?,?,?)
2025-02-13T11:58:33.881Z DEBUG 4604 --- [aniviewAuthUsers] [           main] o.h.p.entity.AbstractEntityPersister     :  Update (0): /* update for com.aniview.authusers.Entity.User */update users set email=?,image=?,lastname=?,name=?,username=? where id=?
2025-02-13T11:58:33.881Z DEBUG 4604 --- [aniviewAuthUsers] [           main] o.h.p.entity.AbstractEntityPersister     :  Delete (0): /* delete for com.aniview.authusers.Entity.User */delete from users where id=?
2025-02-13T11:58:33.881Z DEBUG 4604 --- [aniviewAuthUsers] [           main] org.hibernate.orm.sql.ast.create         : Created new SQL alias : a1_0
2025-02-13T11:58:33.882Z DEBUG 4604 --- [aniviewAuthUsers] [           main] org.hibernate.orm.sql.ast.create         : Registration of TableGroup [StandardTableGroup(com.aniview.authusers.Entity.Auth)] with identifierForTableGroup [com.aniview.authusers.Entity.Auth] for NavigablePath [com.aniview.authusers.Entity.Auth] 
2025-02-13T11:58:33.892Z DEBUG 4604 --- [aniviewAuthUsers] [           main] org.hibernate.orm.sql.ast.create         : Registration of TableGroup [org.hibernate.sql.ast.tree.from.LazyTableGroup@57ac2910] with identifierForTableGroup [com.aniview.authusers.Entity.Auth.user] for NavigablePath [com.aniview.authusers.Entity.Auth.user] 
2025-02-13T11:58:33.896Z DEBUG 4604 --- [aniviewAuthUsers] [           main] org.hibernate.orm.sql.ast.create         : Created new SQL alias : u1_0
2025-02-13T11:58:33.899Z DEBUG 4604 --- [aniviewAuthUsers] [           main] org.hibernate.orm.results.graph.AST      : DomainResult Graph:
 \-EntityResultImpl [com.aniview.authusers.Entity.Auth]
 |  +-BasicFetch [com.aniview.authusers.Entity.Auth.password]
 |  \-EntityFetchJoinedImpl [com.aniview.authusers.Entity.Auth.user]
 |  |  +-BasicFetch [com.aniview.authusers.Entity.Auth.user.email]
 |  |  +-BasicFetch [com.aniview.authusers.Entity.Auth.user.image]
 |  |  +-BasicFetch [com.aniview.authusers.Entity.Auth.user.lastname]
 |  |  +-BasicFetch [com.aniview.authusers.Entity.Auth.user.name]
 |  |  \-BasicFetch [com.aniview.authusers.Entity.Auth.user.username]

2025-02-13T11:58:33.899Z DEBUG 4604 --- [aniviewAuthUsers] [           main] org.hibernate.orm.sql.ast.tree           : SQL AST Tree:
    SelectStatement {
      FromClause {
        StandardTableGroup (a1 : com.aniview.authusers.Entity.Auth) {
          primaryTableReference : auth as a1_0
          TableGroupJoins {
             join LazyTableGroup (u1 : com.aniview.authusers.Entity.Auth.user) {
              primaryTableReference : users as u1_0
            }
          }
        }
      }
    }

2025-02-13T11:58:33.902Z DEBUG 4604 --- [aniviewAuthUsers] [           main] o.h.p.entity.AbstractEntityPersister     : Static SQL for entity: com.aniview.authusers.Entity.Auth
2025-02-13T11:58:33.902Z DEBUG 4604 --- [aniviewAuthUsers] [           main] o.h.p.entity.AbstractEntityPersister     :  Version select: /* get version com.aniview.authusers.Entity.Auth */ select user_id from auth where user_id=?
2025-02-13T11:58:33.902Z DEBUG 4604 --- [aniviewAuthUsers] [           main] o.h.p.entity.AbstractEntityPersister     :  Insert (0): /* insert for com.aniview.authusers.Entity.Auth */insert into auth (password,user_id) values (?,?)
2025-02-13T11:58:33.902Z DEBUG 4604 --- [aniviewAuthUsers] [           main] o.h.p.entity.AbstractEntityPersister     :  Update (0): /* update for com.aniview.authusers.Entity.Auth */update auth set password=? where user_id=?
2025-02-13T11:58:33.902Z DEBUG 4604 --- [aniviewAuthUsers] [           main] o.h.p.entity.AbstractEntityPersister     :  Delete (0): /* delete for com.aniview.authusers.Entity.Auth */delete from auth where user_id=?
2025-02-13T11:58:33.930Z  INFO 4604 --- [aniviewAuthUsers] [           main] o.h.e.t.j.p.i.JtaPlatformInitiator       : HHH000489: No JTA platform available (set 'hibernate.transaction.jta.platform' to enable JTA platform integration)
2025-02-13T11:58:33.931Z DEBUG 4604 --- [aniviewAuthUsers] [           main] o.h.type.spi.TypeConfiguration$Scope     : Scoping TypeConfiguration [org.hibernate.type.spi.TypeConfiguration@4b360972] to SessionFactoryImplementor [org.hibernate.internal.SessionFactoryImpl@6c6b00f1]
2025-02-13T11:58:33.931Z DEBUG 4604 --- [aniviewAuthUsers] [           main] o.h.query.named.NamedObjectRepository    : Checking 0 named HQL queries
2025-02-13T11:58:33.931Z DEBUG 4604 --- [aniviewAuthUsers] [           main] o.h.query.named.NamedObjectRepository    : Checking 0 named SQL queries
2025-02-13T11:58:34.291Z DEBUG 4604 --- [aniviewAuthUsers] [           main] org.hibernate.mapping.Table              : No alter strings for table : auth
2025-02-13T11:58:34.292Z DEBUG 4604 --- [aniviewAuthUsers] [           main] org.hibernate.mapping.Table              : No alter strings for table : users
2025-02-13T11:58:34.727Z DEBUG 4604 --- [aniviewAuthUsers] [           main] o.h.internal.SessionFactoryRegistry      : Initializing SessionFactoryRegistry : org.hibernate.internal.SessionFactoryRegistry@62264d4f
2025-02-13T11:58:34.727Z DEBUG 4604 --- [aniviewAuthUsers] [           main] o.h.internal.SessionFactoryRegistry      : Registering SessionFactory: 914951d6-d8f1-496a-add6-3ddd78a65366 (<unnamed>)
2025-02-13T11:58:34.727Z DEBUG 4604 --- [aniviewAuthUsers] [           main] o.h.internal.SessionFactoryRegistry      : Not binding SessionFactory to JNDI, no JNDI name configured
2025-02-13T11:58:34.727Z DEBUG 4604 --- [aniviewAuthUsers] [           main] o.hibernate.internal.SessionFactoryImpl  : Instantiated SessionFactory
2025-02-13T11:58:34.727Z  INFO 4604 --- [aniviewAuthUsers] [           main] j.LocalContainerEntityManagerFactoryBean : Initialized JPA EntityManagerFactory for persistence unit 'default'
2025-02-13T11:58:34.969Z DEBUG 4604 --- [aniviewAuthUsers] [           main] o.h.stat.internal.StatisticsInitiator    : Statistics initialized [enabled=false]
2025-02-13T11:58:35.157Z DEBUG 4604 --- [aniviewAuthUsers] [           main] cResourceLocalTransactionCoordinatorImpl : JDBC transaction marked for rollback-only (exception provided for stack trace)

java.lang.Exception: exception just for purpose of providing stack trace
	at org.hibernate.resource.transaction.backend.jdbc.internal.JdbcResourceLocalTransactionCoordinatorImpl$TransactionDriverControlImpl.markRollbackOnly(JdbcResourceLocalTransactionCoordinatorImpl.java:309) ~[hibernate-core-6.6.4.Final.jar:6.6.4.Final]
	at org.hibernate.internal.AbstractSharedSessionContract.buildNamedQuery(AbstractSharedSessionContract.java:1141) ~[hibernate-core-6.6.4.Final.jar:6.6.4.Final]
	at org.hibernate.internal.AbstractSharedSessionContract.createNamedQuery(AbstractSharedSessionContract.java:1019) ~[hibernate-core-6.6.4.Final.jar:6.6.4.Final]
	at org.hibernate.internal.AbstractSharedSessionContract.createNamedQuery(AbstractSharedSessionContract.java:143) ~[hibernate-core-6.6.4.Final.jar:6.6.4.Final]
	at java.base/jdk.internal.reflect.DirectMethodHandleAccessor.invoke(DirectMethodHandleAccessor.java:103) ~[na:na]
	at java.base/java.lang.reflect.Method.invoke(Method.java:580) ~[na:na]
	at org.springframework.orm.jpa.ExtendedEntityManagerCreator$ExtendedEntityManagerInvocationHandler.invoke(ExtendedEntityManagerCreator.java:364) ~[spring-orm-6.2.1.jar:6.2.1]
	at jdk.proxy2/jdk.proxy2.$Proxy119.createNamedQuery(Unknown Source) ~[na:na]
	at org.springframework.data.jpa.repository.query.NamedQuery.hasNamedQuery(NamedQuery.java:114) ~[spring-data-jpa-3.4.1.jar:3.4.1]
	at org.springframework.data.jpa.repository.query.NamedQuery.lookupFrom(NamedQuery.java:140) ~[spring-data-jpa-3.4.1.jar:3.4.1]
	at org.springframework.data.jpa.repository.query.JpaQueryLookupStrategy$DeclaredQueryLookupStrategy.resolveQuery(JpaQueryLookupStrategy.java:184) ~[spring-data-jpa-3.4.1.jar:3.4.1]
	at org.springframework.data.jpa.repository.query.JpaQueryLookupStrategy$CreateIfNotFoundQueryLookupStrategy.resolveQuery(JpaQueryLookupStrategy.java:256) ~[spring-data-jpa-3.4.1.jar:3.4.1]
	at org.springframework.data.jpa.repository.query.JpaQueryLookupStrategy$AbstractQueryLookupStrategy.resolveQuery(JpaQueryLookupStrategy.java:99) ~[spring-data-jpa-3.4.1.jar:3.4.1]
	at org.springframework.data.repository.core.support.QueryExecutorMethodInterceptor.lookupQuery(QueryExecutorMethodInterceptor.java:116) ~[spring-data-commons-3.4.1.jar:3.4.1]
	at org.springframework.data.repository.core.support.QueryExecutorMethodInterceptor.mapMethodsToQuery(QueryExecutorMethodInterceptor.java:104) ~[spring-data-commons-3.4.1.jar:3.4.1]
	at org.springframework.data.repository.core.support.QueryExecutorMethodInterceptor.lambda$new$0(QueryExecutorMethodInterceptor.java:92) ~[spring-data-commons-3.4.1.jar:3.4.1]
	at java.base/java.util.Optional.map(Optional.java:260) ~[na:na]
	at org.springframework.data.repository.core.support.QueryExecutorMethodInterceptor.<init>(QueryExecutorMethodInterceptor.java:92) ~[spring-data-commons-3.4.1.jar:3.4.1]
	at org.springframework.data.repository.core.support.RepositoryFactorySupport.getRepository(RepositoryFactorySupport.java:440) ~[spring-data-commons-3.4.1.jar:3.4.1]
	at org.springframework.data.repository.core.support.RepositoryFactoryBeanSupport.lambda$afterPropertiesSet$4(RepositoryFactoryBeanSupport.java:350) ~[spring-data-commons-3.4.1.jar:3.4.1]
	at org.springframework.data.util.Lazy.getNullable(Lazy.java:135) ~[spring-data-commons-3.4.1.jar:3.4.1]
	at org.springframework.data.util.Lazy.get(Lazy.java:113) ~[spring-data-commons-3.4.1.jar:3.4.1]
	at org.springframework.data.repository.core.support.RepositoryFactoryBeanSupport.afterPropertiesSet(RepositoryFactoryBeanSupport.java:356) ~[spring-data-commons-3.4.1.jar:3.4.1]
	at org.springframework.data.jpa.repository.support.JpaRepositoryFactoryBean.afterPropertiesSet(JpaRepositoryFactoryBean.java:132) ~[spring-data-jpa-3.4.1.jar:3.4.1]
	at org.springframework.beans.factory.support.AbstractAutowireCapableBeanFactory.invokeInitMethods(AbstractAutowireCapableBeanFactory.java:1855) ~[spring-beans-6.2.1.jar:6.2.1]
	at org.springframework.beans.factory.support.AbstractAutowireCapableBeanFactory.initializeBean(AbstractAutowireCapableBeanFactory.java:1804) ~[spring-beans-6.2.1.jar:6.2.1]
	at org.springframework.beans.factory.support.AbstractAutowireCapableBeanFactory.doCreateBean(AbstractAutowireCapableBeanFactory.java:601) ~[spring-beans-6.2.1.jar:6.2.1]
	at org.springframework.beans.factory.support.AbstractAutowireCapableBeanFactory.createBean(AbstractAutowireCapableBeanFactory.java:523) ~[spring-beans-6.2.1.jar:6.2.1]
	at org.springframework.beans.factory.support.AbstractBeanFactory.lambda$doGetBean$0(AbstractBeanFactory.java:336) ~[spring-beans-6.2.1.jar:6.2.1]
	at org.springframework.beans.factory.support.DefaultSingletonBeanRegistry.getSingleton(DefaultSingletonBeanRegistry.java:289) ~[spring-beans-6.2.1.jar:6.2.1]
	at org.springframework.beans.factory.support.AbstractBeanFactory.doGetBean(AbstractBeanFactory.java:334) ~[spring-beans-6.2.1.jar:6.2.1]
	at org.springframework.beans.factory.support.AbstractBeanFactory.getBean(AbstractBeanFactory.java:199) ~[spring-beans-6.2.1.jar:6.2.1]
	at org.springframework.beans.factory.support.DefaultListableBeanFactory.instantiateSingleton(DefaultListableBeanFactory.java:1116) ~[spring-beans-6.2.1.jar:6.2.1]
	at org.springframework.beans.factory.support.DefaultListableBeanFactory.preInstantiateSingleton(DefaultListableBeanFactory.java:1093) ~[spring-beans-6.2.1.jar:6.2.1]
	at org.springframework.beans.factory.support.DefaultListableBeanFactory.preInstantiateSingletons(DefaultListableBeanFactory.java:1030) ~[spring-beans-6.2.1.jar:6.2.1]
	at org.springframework.context.support.AbstractApplicationContext.finishBeanFactoryInitialization(AbstractApplicationContext.java:987) ~[spring-context-6.2.1.jar:6.2.1]
	at org.springframework.context.support.AbstractApplicationContext.refresh(AbstractApplicationContext.java:627) ~[spring-context-6.2.1.jar:6.2.1]
	at org.springframework.boot.SpringApplication.refresh(SpringApplication.java:752) ~[spring-boot-3.4.1.jar:3.4.1]
	at org.springframework.boot.SpringApplication.refreshContext(SpringApplication.java:439) ~[spring-boot-3.4.1.jar:3.4.1]
	at org.springframework.boot.SpringApplication.run(SpringApplication.java:318) ~[spring-boot-3.4.1.jar:3.4.1]
	at org.springframework.boot.test.context.SpringBootContextLoader.lambda$loadContext$3(SpringBootContextLoader.java:137) ~[spring-boot-test-3.4.1.jar:3.4.1]
	at org.springframework.util.function.ThrowingSupplier.get(ThrowingSupplier.java:58) ~[spring-core-6.2.1.jar:6.2.1]
	at org.springframework.util.function.ThrowingSupplier.get(ThrowingSupplier.java:46) ~[spring-core-6.2.1.jar:6.2.1]
	at org.springframework.boot.SpringApplication.withHook(SpringApplication.java:1461) ~[spring-boot-3.4.1.jar:3.4.1]
	at org.springframework.boot.test.context.SpringBootContextLoader$ContextLoaderHook.run(SpringBootContextLoader.java:553) ~[spring-boot-test-3.4.1.jar:3.4.1]
	at org.springframework.boot.test.context.SpringBootContextLoader.loadContext(SpringBootContextLoader.java:137) ~[spring-boot-test-3.4.1.jar:3.4.1]
	at org.springframework.boot.test.context.SpringBootContextLoader.loadContext(SpringBootContextLoader.java:108) ~[spring-boot-test-3.4.1.jar:3.4.1]
	at org.springframework.test.context.cache.DefaultCacheAwareContextLoaderDelegate.loadContextInternal(DefaultCacheAwareContextLoaderDelegate.java:225) ~[spring-test-6.2.1.jar:6.2.1]
	at org.springframework.test.context.cache.DefaultCacheAwareContextLoaderDelegate.loadContext(DefaultCacheAwareContextLoaderDelegate.java:152) ~[spring-test-6.2.1.jar:6.2.1]
	at org.springframework.test.context.support.DefaultTestContext.getApplicationContext(DefaultTestContext.java:130) ~[spring-test-6.2.1.jar:6.2.1]
	at org.springframework.test.context.web.ServletTestExecutionListener.setUpRequestContextIfNecessary(ServletTestExecutionListener.java:191) ~[spring-test-6.2.1.jar:6.2.1]
	at org.springframework.test.context.web.ServletTestExecutionListener.prepareTestInstance(ServletTestExecutionListener.java:130) ~[spring-test-6.2.1.jar:6.2.1]
	at org.springframework.test.context.TestContextManager.prepareTestInstance(TestContextManager.java:260) ~[spring-test-6.2.1.jar:6.2.1]
	at org.springframework.test.context.junit.jupiter.SpringExtension.postProcessTestInstance(SpringExtension.java:160) ~[spring-test-6.2.1.jar:6.2.1]
	at org.junit.jupiter.engine.descriptor.ClassBasedTestDescriptor.lambda$invokeTestInstancePostProcessors$11(ClassBasedTestDescriptor.java:378) ~[junit-jupiter-engine-5.11.4.jar:5.11.4]
	at org.junit.jupiter.engine.descriptor.ClassBasedTestDescriptor.executeAndMaskThrowable(ClassBasedTestDescriptor.java:383) ~[junit-jupiter-engine-5.11.4.jar:5.11.4]
	at org.junit.jupiter.engine.descriptor.ClassBasedTestDescriptor.lambda$invokeTestInstancePostProcessors$12(ClassBasedTestDescriptor.java:378) ~[junit-jupiter-engine-5.11.4.jar:5.11.4]
	at java.base/java.util.stream.ForEachOps$ForEachOp$OfRef.accept(ForEachOps.java:184) ~[na:na]
	at java.base/java.util.stream.ReferencePipeline$3$1.accept(ReferencePipeline.java:215) ~[na:na]
	at java.base/java.util.stream.ReferencePipeline$2$1.accept(ReferencePipeline.java:197) ~[na:na]
	at java.base/java.util.stream.ReferencePipeline$3$1.accept(ReferencePipeline.java:215) ~[na:na]
	at java.base/java.util.ArrayList$ArrayListSpliterator.forEachRemaining(ArrayList.java:1709) ~[na:na]
	at java.base/java.util.stream.AbstractPipeline.copyInto(AbstractPipeline.java:570) ~[na:na]
	at java.base/java.util.stream.AbstractPipeline.wrapAndCopyInto(AbstractPipeline.java:560) ~[na:na]
	at java.base/java.util.stream.ForEachOps$ForEachOp.evaluateSequential(ForEachOps.java:151) ~[na:na]
	at java.base/java.util.stream.ForEachOps$ForEachOp$OfRef.evaluateSequential(ForEachOps.java:174) ~[na:na]
	at java.base/java.util.stream.AbstractPipeline.evaluate(AbstractPipeline.java:265) ~[na:na]
	at java.base/java.util.stream.ReferencePipeline.forEach(ReferencePipeline.java:636) ~[na:na]
	at org.junit.jupiter.engine.descriptor.ClassBasedTestDescriptor.invokeTestInstancePostProcessors(ClassBasedTestDescriptor.java:377) ~[junit-jupiter-engine-5.11.4.jar:5.11.4]
	at org.junit.jupiter.engine.descriptor.ClassBasedTestDescriptor.lambda$instantiateAndPostProcessTestInstance$7(ClassBasedTestDescriptor.java:290) ~[junit-jupiter-engine-5.11.4.jar:5.11.4]
	at org.junit.platform.engine.support.hierarchical.ThrowableCollector.execute(ThrowableCollector.java:73) ~[junit-platform-engine-1.11.4.jar:1.11.4]
	at org.junit.jupiter.engine.descriptor.ClassBasedTestDescriptor.instantiateAndPostProcessTestInstance(ClassBasedTestDescriptor.java:289) ~[junit-jupiter-engine-5.11.4.jar:5.11.4]
	at org.junit.jupiter.engine.descriptor.ClassBasedTestDescriptor.lambda$testInstancesProvider$5(ClassBasedTestDescriptor.java:279) ~[junit-jupiter-engine-5.11.4.jar:5.11.4]
	at java.base/java.util.Optional.orElseGet(Optional.java:364) ~[na:na]
	at org.junit.jupiter.engine.descriptor.ClassBasedTestDescriptor.lambda$testInstancesProvider$6(ClassBasedTestDescriptor.java:278) ~[junit-jupiter-engine-5.11.4.jar:5.11.4]
	at org.junit.jupiter.engine.execution.TestInstancesProvider.getTestInstances(TestInstancesProvider.java:31) ~[junit-jupiter-engine-5.11.4.jar:5.11.4]
	at org.junit.jupiter.engine.descriptor.TestMethodTestDescriptor.lambda$prepare$1(TestMethodTestDescriptor.java:105) ~[junit-jupiter-engine-5.11.4.jar:5.11.4]
	at org.junit.platform.engine.support.hierarchical.ThrowableCollector.execute(ThrowableCollector.java:73) ~[junit-platform-engine-1.11.4.jar:1.11.4]
	at org.junit.jupiter.engine.descriptor.TestMethodTestDescriptor.prepare(TestMethodTestDescriptor.java:104) ~[junit-jupiter-engine-5.11.4.jar:5.11.4]
	at org.junit.jupiter.engine.descriptor.TestMethodTestDescriptor.prepare(TestMethodTestDescriptor.java:68) ~[junit-jupiter-engine-5.11.4.jar:5.11.4]
	at org.junit.platform.engine.support.hierarchical.NodeTestTask.lambda$prepare$2(NodeTestTask.java:128) ~[junit-platform-engine-1.11.4.jar:1.11.4]
	at org.junit.platform.engine.support.hierarchical.ThrowableCollector.execute(ThrowableCollector.java:73) ~[junit-platform-engine-1.11.4.jar:1.11.4]
	at org.junit.platform.engine.support.hierarchical.NodeTestTask.prepare(NodeTestTask.java:128) ~[junit-platform-engine-1.11.4.jar:1.11.4]
	at org.junit.platform.engine.support.hierarchical.NodeTestTask.execute(NodeTestTask.java:95) ~[junit-platform-engine-1.11.4.jar:1.11.4]
	at java.base/java.util.ArrayList.forEach(ArrayList.java:1597) ~[na:na]
	at org.junit.platform.engine.support.hierarchical.SameThreadHierarchicalTestExecutorService.invokeAll(SameThreadHierarchicalTestExecutorService.java:41) ~[junit-platform-engine-1.11.4.jar:1.11.4]
	at org.junit.platform.engine.support.hierarchical.NodeTestTask.lambda$executeRecursively$6(NodeTestTask.java:160) ~[junit-platform-engine-1.11.4.jar:1.11.4]
	at org.junit.platform.engine.support.hierarchical.ThrowableCollector.execute(ThrowableCollector.java:73) ~[junit-platform-engine-1.11.4.jar:1.11.4]
	at org.junit.platform.engine.support.hierarchical.NodeTestTask.lambda$executeRecursively$8(NodeTestTask.java:146) ~[junit-platform-engine-1.11.4.jar:1.11.4]
	at org.junit.platform.engine.support.hierarchical.Node.around(Node.java:137) ~[junit-platform-engine-1.11.4.jar:1.11.4]
	at org.junit.platform.engine.support.hierarchical.NodeTestTask.lambda$executeRecursively$9(NodeTestTask.java:144) ~[junit-platform-engine-1.11.4.jar:1.11.4]
	at org.junit.platform.engine.support.hierarchical.ThrowableCollector.execute(ThrowableCollector.java:73) ~[junit-platform-engine-1.11.4.jar:1.11.4]
	at org.junit.platform.engine.support.hierarchical.NodeTestTask.executeRecursively(NodeTestTask.java:143) ~[junit-platform-engine-1.11.4.jar:1.11.4]
	at org.junit.platform.engine.support.hierarchical.NodeTestTask.execute(NodeTestTask.java:100) ~[junit-platform-engine-1.11.4.jar:1.11.4]
	at java.base/java.util.ArrayList.forEach(ArrayList.java:1597) ~[na:na]
	at org.junit.platform.engine.support.hierarchical.SameThreadHierarchicalTestExecutorService.invokeAll(SameThreadHierarchicalTestExecutorService.java:41) ~[junit-platform-engine-1.11.4.jar:1.11.4]
	at org.junit.platform.engine.support.hierarchical.NodeTestTask.lambda$executeRecursively$6(NodeTestTask.java:160) ~[junit-platform-engine-1.11.4.jar:1.11.4]
	at org.junit.platform.engine.support.hierarchical.ThrowableCollector.execute(ThrowableCollector.java:73) ~[junit-platform-engine-1.11.4.jar:1.11.4]
	at org.junit.platform.engine.support.hierarchical.NodeTestTask.lambda$executeRecursively$8(NodeTestTask.java:146) ~[junit-platform-engine-1.11.4.jar:1.11.4]
	at org.junit.platform.engine.support.hierarchical.Node.around(Node.java:137) ~[junit-platform-engine-1.11.4.jar:1.11.4]
	at org.junit.platform.engine.support.hierarchical.NodeTestTask.lambda$executeRecursively$9(NodeTestTask.java:144) ~[junit-platform-engine-1.11.4.jar:1.11.4]
	at org.junit.platform.engine.support.hierarchical.ThrowableCollector.execute(ThrowableCollector.java:73) ~[junit-platform-engine-1.11.4.jar:1.11.4]
	at org.junit.platform.engine.support.hierarchical.NodeTestTask.executeRecursively(NodeTestTask.java:143) ~[junit-platform-engine-1.11.4.jar:1.11.4]
	at org.junit.platform.engine.support.hierarchical.NodeTestTask.execute(NodeTestTask.java:100) ~[junit-platform-engine-1.11.4.jar:1.11.4]
	at org.junit.platform.engine.support.hierarchical.SameThreadHierarchicalTestExecutorService.submit(SameThreadHierarchicalTestExecutorService.java:35) ~[junit-platform-engine-1.11.4.jar:1.11.4]
	at org.junit.platform.engine.support.hierarchical.HierarchicalTestExecutor.execute(HierarchicalTestExecutor.java:57) ~[junit-platform-engine-1.11.4.jar:1.11.4]
	at org.junit.platform.engine.support.hierarchical.HierarchicalTestEngine.execute(HierarchicalTestEngine.java:54) ~[junit-platform-engine-1.11.4.jar:1.11.4]
	at org.junit.platform.launcher.core.EngineExecutionOrchestrator.execute(EngineExecutionOrchestrator.java:198) ~[junit-platform-launcher-1.11.4.jar:1.11.4]
	at org.junit.platform.launcher.core.EngineExecutionOrchestrator.execute(EngineExecutionOrchestrator.java:169) ~[junit-platform-launcher-1.11.4.jar:1.11.4]
	at org.junit.platform.launcher.core.EngineExecutionOrchestrator.execute(EngineExecutionOrchestrator.java:93) ~[junit-platform-launcher-1.11.4.jar:1.11.4]
	at org.junit.platform.launcher.core.EngineExecutionOrchestrator.lambda$execute$0(EngineExecutionOrchestrator.java:58) ~[junit-platform-launcher-1.11.4.jar:1.11.4]
	at org.junit.platform.launcher.core.EngineExecutionOrchestrator.withInterceptedStreams(EngineExecutionOrchestrator.java:141) ~[junit-platform-launcher-1.11.4.jar:1.11.4]
	at org.junit.platform.launcher.core.EngineExecutionOrchestrator.execute(EngineExecutionOrchestrator.java:57) ~[junit-platform-launcher-1.11.4.jar:1.11.4]
	at org.junit.platform.launcher.core.DefaultLauncher.execute(DefaultLauncher.java:103) ~[junit-platform-launcher-1.11.4.jar:1.11.4]
	at org.junit.platform.launcher.core.DefaultLauncher.execute(DefaultLauncher.java:85) ~[junit-platform-launcher-1.11.4.jar:1.11.4]
	at org.junit.platform.launcher.core.DelegatingLauncher.execute(DelegatingLauncher.java:47) ~[junit-platform-launcher-1.11.4.jar:1.11.4]
	at org.apache.maven.surefire.junitplatform.LazyLauncher.execute(LazyLauncher.java:56) ~[surefire-junit-platform-3.5.2.jar:3.5.2]
	at org.apache.maven.surefire.junitplatform.JUnitPlatformProvider.execute(JUnitPlatformProvider.java:184) ~[surefire-junit-platform-3.5.2.jar:3.5.2]
	at org.apache.maven.surefire.junitplatform.JUnitPlatformProvider.invokeAllTests(JUnitPlatformProvider.java:148) ~[surefire-junit-platform-3.5.2.jar:3.5.2]
	at org.apache.maven.surefire.junitplatform.JUnitPlatformProvider.invoke(JUnitPlatformProvider.java:122) ~[surefire-junit-platform-3.5.2.jar:3.5.2]
	at org.apache.maven.surefire.booter.ForkedBooter.runSuitesInProcess(ForkedBooter.java:385) ~[surefire-booter-3.5.2.jar:3.5.2]
	at org.apache.maven.surefire.booter.ForkedBooter.execute(ForkedBooter.java:162) ~[surefire-booter-3.5.2.jar:3.5.2]
	at org.apache.maven.surefire.booter.ForkedBooter.run(ForkedBooter.java:507) ~[surefire-booter-3.5.2.jar:3.5.2]
	at org.apache.maven.surefire.booter.ForkedBooter.main(ForkedBooter.java:495) ~[surefire-booter-3.5.2.jar:3.5.2]

2025-02-13T11:58:35.252Z DEBUG 4604 --- [aniviewAuthUsers] [           main] cResourceLocalTransactionCoordinatorImpl : JDBC transaction marked for rollback-only (exception provided for stack trace)

java.lang.Exception: exception just for purpose of providing stack trace
	at org.hibernate.resource.transaction.backend.jdbc.internal.JdbcResourceLocalTransactionCoordinatorImpl$TransactionDriverControlImpl.markRollbackOnly(JdbcResourceLocalTransactionCoordinatorImpl.java:309) ~[hibernate-core-6.6.4.Final.jar:6.6.4.Final]
	at org.hibernate.internal.AbstractSharedSessionContract.buildNamedQuery(AbstractSharedSessionContract.java:1141) ~[hibernate-core-6.6.4.Final.jar:6.6.4.Final]
	at org.hibernate.internal.AbstractSharedSessionContract.createNamedQuery(AbstractSharedSessionContract.java:1019) ~[hibernate-core-6.6.4.Final.jar:6.6.4.Final]
	at org.hibernate.internal.AbstractSharedSessionContract.createNamedQuery(AbstractSharedSessionContract.java:143) ~[hibernate-core-6.6.4.Final.jar:6.6.4.Final]
	at java.base/jdk.internal.reflect.DirectMethodHandleAccessor.invoke(DirectMethodHandleAccessor.java:103) ~[na:na]
	at java.base/java.lang.reflect.Method.invoke(Method.java:580) ~[na:na]
	at org.springframework.orm.jpa.ExtendedEntityManagerCreator$ExtendedEntityManagerInvocationHandler.invoke(ExtendedEntityManagerCreator.java:364) ~[spring-orm-6.2.1.jar:6.2.1]
	at jdk.proxy2/jdk.proxy2.$Proxy119.createNamedQuery(Unknown Source) ~[na:na]
	at org.springframework.data.jpa.repository.query.NamedQuery.hasNamedQuery(NamedQuery.java:114) ~[spring-data-jpa-3.4.1.jar:3.4.1]
	at org.springframework.data.jpa.repository.query.NamedQuery.lookupFrom(NamedQuery.java:140) ~[spring-data-jpa-3.4.1.jar:3.4.1]
	at org.springframework.data.jpa.repository.query.JpaQueryLookupStrategy$DeclaredQueryLookupStrategy.resolveQuery(JpaQueryLookupStrategy.java:184) ~[spring-data-jpa-3.4.1.jar:3.4.1]
	at org.springframework.data.jpa.repository.query.JpaQueryLookupStrategy$CreateIfNotFoundQueryLookupStrategy.resolveQuery(JpaQueryLookupStrategy.java:256) ~[spring-data-jpa-3.4.1.jar:3.4.1]
	at org.springframework.data.jpa.repository.query.JpaQueryLookupStrategy$AbstractQueryLookupStrategy.resolveQuery(JpaQueryLookupStrategy.java:99) ~[spring-data-jpa-3.4.1.jar:3.4.1]
	at org.springframework.data.repository.core.support.QueryExecutorMethodInterceptor.lookupQuery(QueryExecutorMethodInterceptor.java:116) ~[spring-data-commons-3.4.1.jar:3.4.1]
	at org.springframework.data.repository.core.support.QueryExecutorMethodInterceptor.mapMethodsToQuery(QueryExecutorMethodInterceptor.java:104) ~[spring-data-commons-3.4.1.jar:3.4.1]
	at org.springframework.data.repository.core.support.QueryExecutorMethodInterceptor.lambda$new$0(QueryExecutorMethodInterceptor.java:92) ~[spring-data-commons-3.4.1.jar:3.4.1]
	at java.base/java.util.Optional.map(Optional.java:260) ~[na:na]
	at org.springframework.data.repository.core.support.QueryExecutorMethodInterceptor.<init>(QueryExecutorMethodInterceptor.java:92) ~[spring-data-commons-3.4.1.jar:3.4.1]
	at org.springframework.data.repository.core.support.RepositoryFactorySupport.getRepository(RepositoryFactorySupport.java:440) ~[spring-data-commons-3.4.1.jar:3.4.1]
	at org.springframework.data.repository.core.support.RepositoryFactoryBeanSupport.lambda$afterPropertiesSet$4(RepositoryFactoryBeanSupport.java:350) ~[spring-data-commons-3.4.1.jar:3.4.1]
	at org.springframework.data.util.Lazy.getNullable(Lazy.java:135) ~[spring-data-commons-3.4.1.jar:3.4.1]
	at org.springframework.data.util.Lazy.get(Lazy.java:113) ~[spring-data-commons-3.4.1.jar:3.4.1]
	at org.springframework.data.repository.core.support.RepositoryFactoryBeanSupport.afterPropertiesSet(RepositoryFactoryBeanSupport.java:356) ~[spring-data-commons-3.4.1.jar:3.4.1]
	at org.springframework.data.jpa.repository.support.JpaRepositoryFactoryBean.afterPropertiesSet(JpaRepositoryFactoryBean.java:132) ~[spring-data-jpa-3.4.1.jar:3.4.1]
	at org.springframework.beans.factory.support.AbstractAutowireCapableBeanFactory.invokeInitMethods(AbstractAutowireCapableBeanFactory.java:1855) ~[spring-beans-6.2.1.jar:6.2.1]
	at org.springframework.beans.factory.support.AbstractAutowireCapableBeanFactory.initializeBean(AbstractAutowireCapableBeanFactory.java:1804) ~[spring-beans-6.2.1.jar:6.2.1]
	at org.springframework.beans.factory.support.AbstractAutowireCapableBeanFactory.doCreateBean(AbstractAutowireCapableBeanFactory.java:601) ~[spring-beans-6.2.1.jar:6.2.1]
	at org.springframework.beans.factory.support.AbstractAutowireCapableBeanFactory.createBean(AbstractAutowireCapableBeanFactory.java:523) ~[spring-beans-6.2.1.jar:6.2.1]
	at org.springframework.beans.factory.support.AbstractBeanFactory.lambda$doGetBean$0(AbstractBeanFactory.java:336) ~[spring-beans-6.2.1.jar:6.2.1]
	at org.springframework.beans.factory.support.DefaultSingletonBeanRegistry.getSingleton(DefaultSingletonBeanRegistry.java:289) ~[spring-beans-6.2.1.jar:6.2.1]
	at org.springframework.beans.factory.support.AbstractBeanFactory.doGetBean(AbstractBeanFactory.java:334) ~[spring-beans-6.2.1.jar:6.2.1]
	at org.springframework.beans.factory.support.AbstractBeanFactory.getBean(AbstractBeanFactory.java:199) ~[spring-beans-6.2.1.jar:6.2.1]
	at org.springframework.beans.factory.support.DefaultListableBeanFactory.instantiateSingleton(DefaultListableBeanFactory.java:1116) ~[spring-beans-6.2.1.jar:6.2.1]
	at org.springframework.beans.factory.support.DefaultListableBeanFactory.preInstantiateSingleton(DefaultListableBeanFactory.java:1093) ~[spring-beans-6.2.1.jar:6.2.1]
	at org.springframework.beans.factory.support.DefaultListableBeanFactory.preInstantiateSingletons(DefaultListableBeanFactory.java:1030) ~[spring-beans-6.2.1.jar:6.2.1]
	at org.springframework.context.support.AbstractApplicationContext.finishBeanFactoryInitialization(AbstractApplicationContext.java:987) ~[spring-context-6.2.1.jar:6.2.1]
	at org.springframework.context.support.AbstractApplicationContext.refresh(AbstractApplicationContext.java:627) ~[spring-context-6.2.1.jar:6.2.1]
	at org.springframework.boot.SpringApplication.refresh(SpringApplication.java:752) ~[spring-boot-3.4.1.jar:3.4.1]
	at org.springframework.boot.SpringApplication.refreshContext(SpringApplication.java:439) ~[spring-boot-3.4.1.jar:3.4.1]
	at org.springframework.boot.SpringApplication.run(SpringApplication.java:318) ~[spring-boot-3.4.1.jar:3.4.1]
	at org.springframework.boot.test.context.SpringBootContextLoader.lambda$loadContext$3(SpringBootContextLoader.java:137) ~[spring-boot-test-3.4.1.jar:3.4.1]
	at org.springframework.util.function.ThrowingSupplier.get(ThrowingSupplier.java:58) ~[spring-core-6.2.1.jar:6.2.1]
	at org.springframework.util.function.ThrowingSupplier.get(ThrowingSupplier.java:46) ~[spring-core-6.2.1.jar:6.2.1]
	at org.springframework.boot.SpringApplication.withHook(SpringApplication.java:1461) ~[spring-boot-3.4.1.jar:3.4.1]
	at org.springframework.boot.test.context.SpringBootContextLoader$ContextLoaderHook.run(SpringBootContextLoader.java:553) ~[spring-boot-test-3.4.1.jar:3.4.1]
	at org.springframework.boot.test.context.SpringBootContextLoader.loadContext(SpringBootContextLoader.java:137) ~[spring-boot-test-3.4.1.jar:3.4.1]
	at org.springframework.boot.test.context.SpringBootContextLoader.loadContext(SpringBootContextLoader.java:108) ~[spring-boot-test-3.4.1.jar:3.4.1]
	at org.springframework.test.context.cache.DefaultCacheAwareContextLoaderDelegate.loadContextInternal(DefaultCacheAwareContextLoaderDelegate.java:225) ~[spring-test-6.2.1.jar:6.2.1]
	at org.springframework.test.context.cache.DefaultCacheAwareContextLoaderDelegate.loadContext(DefaultCacheAwareContextLoaderDelegate.java:152) ~[spring-test-6.2.1.jar:6.2.1]
	at org.springframework.test.context.support.DefaultTestContext.getApplicationContext(DefaultTestContext.java:130) ~[spring-test-6.2.1.jar:6.2.1]
	at org.springframework.test.context.web.ServletTestExecutionListener.setUpRequestContextIfNecessary(ServletTestExecutionListener.java:191) ~[spring-test-6.2.1.jar:6.2.1]
	at org.springframework.test.context.web.ServletTestExecutionListener.prepareTestInstance(ServletTestExecutionListener.java:130) ~[spring-test-6.2.1.jar:6.2.1]
	at org.springframework.test.context.TestContextManager.prepareTestInstance(TestContextManager.java:260) ~[spring-test-6.2.1.jar:6.2.1]
	at org.springframework.test.context.junit.jupiter.SpringExtension.postProcessTestInstance(SpringExtension.java:160) ~[spring-test-6.2.1.jar:6.2.1]
	at org.junit.jupiter.engine.descriptor.ClassBasedTestDescriptor.lambda$invokeTestInstancePostProcessors$11(ClassBasedTestDescriptor.java:378) ~[junit-jupiter-engine-5.11.4.jar:5.11.4]
	at org.junit.jupiter.engine.descriptor.ClassBasedTestDescriptor.executeAndMaskThrowable(ClassBasedTestDescriptor.java:383) ~[junit-jupiter-engine-5.11.4.jar:5.11.4]
	at org.junit.jupiter.engine.descriptor.ClassBasedTestDescriptor.lambda$invokeTestInstancePostProcessors$12(ClassBasedTestDescriptor.java:378) ~[junit-jupiter-engine-5.11.4.jar:5.11.4]
	at java.base/java.util.stream.ForEachOps$ForEachOp$OfRef.accept(ForEachOps.java:184) ~[na:na]
	at java.base/java.util.stream.ReferencePipeline$3$1.accept(ReferencePipeline.java:215) ~[na:na]
	at java.base/java.util.stream.ReferencePipeline$2$1.accept(ReferencePipeline.java:197) ~[na:na]
	at java.base/java.util.stream.ReferencePipeline$3$1.accept(ReferencePipeline.java:215) ~[na:na]
	at java.base/java.util.ArrayList$ArrayListSpliterator.forEachRemaining(ArrayList.java:1709) ~[na:na]
	at java.base/java.util.stream.AbstractPipeline.copyInto(AbstractPipeline.java:570) ~[na:na]
	at java.base/java.util.stream.AbstractPipeline.wrapAndCopyInto(AbstractPipeline.java:560) ~[na:na]
	at java.base/java.util.stream.ForEachOps$ForEachOp.evaluateSequential(ForEachOps.java:151) ~[na:na]
	at java.base/java.util.stream.ForEachOps$ForEachOp$OfRef.evaluateSequential(ForEachOps.java:174) ~[na:na]
	at java.base/java.util.stream.AbstractPipeline.evaluate(AbstractPipeline.java:265) ~[na:na]
	at java.base/java.util.stream.ReferencePipeline.forEach(ReferencePipeline.java:636) ~[na:na]
	at org.junit.jupiter.engine.descriptor.ClassBasedTestDescriptor.invokeTestInstancePostProcessors(ClassBasedTestDescriptor.java:377) ~[junit-jupiter-engine-5.11.4.jar:5.11.4]
	at org.junit.jupiter.engine.descriptor.ClassBasedTestDescriptor.lambda$instantiateAndPostProcessTestInstance$7(ClassBasedTestDescriptor.java:290) ~[junit-jupiter-engine-5.11.4.jar:5.11.4]
	at org.junit.platform.engine.support.hierarchical.ThrowableCollector.execute(ThrowableCollector.java:73) ~[junit-platform-engine-1.11.4.jar:1.11.4]
	at org.junit.jupiter.engine.descriptor.ClassBasedTestDescriptor.instantiateAndPostProcessTestInstance(ClassBasedTestDescriptor.java:289) ~[junit-jupiter-engine-5.11.4.jar:5.11.4]
	at org.junit.jupiter.engine.descriptor.ClassBasedTestDescriptor.lambda$testInstancesProvider$5(ClassBasedTestDescriptor.java:279) ~[junit-jupiter-engine-5.11.4.jar:5.11.4]
	at java.base/java.util.Optional.orElseGet(Optional.java:364) ~[na:na]
	at org.junit.jupiter.engine.descriptor.ClassBasedTestDescriptor.lambda$testInstancesProvider$6(ClassBasedTestDescriptor.java:278) ~[junit-jupiter-engine-5.11.4.jar:5.11.4]
	at org.junit.jupiter.engine.execution.TestInstancesProvider.getTestInstances(TestInstancesProvider.java:31) ~[junit-jupiter-engine-5.11.4.jar:5.11.4]
	at org.junit.jupiter.engine.descriptor.TestMethodTestDescriptor.lambda$prepare$1(TestMethodTestDescriptor.java:105) ~[junit-jupiter-engine-5.11.4.jar:5.11.4]
	at org.junit.platform.engine.support.hierarchical.ThrowableCollector.execute(ThrowableCollector.java:73) ~[junit-platform-engine-1.11.4.jar:1.11.4]
	at org.junit.jupiter.engine.descriptor.TestMethodTestDescriptor.prepare(TestMethodTestDescriptor.java:104) ~[junit-jupiter-engine-5.11.4.jar:5.11.4]
	at org.junit.jupiter.engine.descriptor.TestMethodTestDescriptor.prepare(TestMethodTestDescriptor.java:68) ~[junit-jupiter-engine-5.11.4.jar:5.11.4]
	at org.junit.platform.engine.support.hierarchical.NodeTestTask.lambda$prepare$2(NodeTestTask.java:128) ~[junit-platform-engine-1.11.4.jar:1.11.4]
	at org.junit.platform.engine.support.hierarchical.ThrowableCollector.execute(ThrowableCollector.java:73) ~[junit-platform-engine-1.11.4.jar:1.11.4]
	at org.junit.platform.engine.support.hierarchical.NodeTestTask.prepare(NodeTestTask.java:128) ~[junit-platform-engine-1.11.4.jar:1.11.4]
	at org.junit.platform.engine.support.hierarchical.NodeTestTask.execute(NodeTestTask.java:95) ~[junit-platform-engine-1.11.4.jar:1.11.4]
	at java.base/java.util.ArrayList.forEach(ArrayList.java:1597) ~[na:na]
	at org.junit.platform.engine.support.hierarchical.SameThreadHierarchicalTestExecutorService.invokeAll(SameThreadHierarchicalTestExecutorService.java:41) ~[junit-platform-engine-1.11.4.jar:1.11.4]
	at org.junit.platform.engine.support.hierarchical.NodeTestTask.lambda$executeRecursively$6(NodeTestTask.java:160) ~[junit-platform-engine-1.11.4.jar:1.11.4]
	at org.junit.platform.engine.support.hierarchical.ThrowableCollector.execute(ThrowableCollector.java:73) ~[junit-platform-engine-1.11.4.jar:1.11.4]
	at org.junit.platform.engine.support.hierarchical.NodeTestTask.lambda$executeRecursively$8(NodeTestTask.java:146) ~[junit-platform-engine-1.11.4.jar:1.11.4]
	at org.junit.platform.engine.support.hierarchical.Node.around(Node.java:137) ~[junit-platform-engine-1.11.4.jar:1.11.4]
	at org.junit.platform.engine.support.hierarchical.NodeTestTask.lambda$executeRecursively$9(NodeTestTask.java:144) ~[junit-platform-engine-1.11.4.jar:1.11.4]
	at org.junit.platform.engine.support.hierarchical.ThrowableCollector.execute(ThrowableCollector.java:73) ~[junit-platform-engine-1.11.4.jar:1.11.4]
	at org.junit.platform.engine.support.hierarchical.NodeTestTask.executeRecursively(NodeTestTask.java:143) ~[junit-platform-engine-1.11.4.jar:1.11.4]
	at org.junit.platform.engine.support.hierarchical.NodeTestTask.execute(NodeTestTask.java:100) ~[junit-platform-engine-1.11.4.jar:1.11.4]
	at java.base/java.util.ArrayList.forEach(ArrayList.java:1597) ~[na:na]
	at org.junit.platform.engine.support.hierarchical.SameThreadHierarchicalTestExecutorService.invokeAll(SameThreadHierarchicalTestExecutorService.java:41) ~[junit-platform-engine-1.11.4.jar:1.11.4]
	at org.junit.platform.engine.support.hierarchical.NodeTestTask.lambda$executeRecursively$6(NodeTestTask.java:160) ~[junit-platform-engine-1.11.4.jar:1.11.4]
	at org.junit.platform.engine.support.hierarchical.ThrowableCollector.execute(ThrowableCollector.java:73) ~[junit-platform-engine-1.11.4.jar:1.11.4]
	at org.junit.platform.engine.support.hierarchical.NodeTestTask.lambda$executeRecursively$8(NodeTestTask.java:146) ~[junit-platform-engine-1.11.4.jar:1.11.4]
	at org.junit.platform.engine.support.hierarchical.Node.around(Node.java:137) ~[junit-platform-engine-1.11.4.jar:1.11.4]
	at org.junit.platform.engine.support.hierarchical.NodeTestTask.lambda$executeRecursively$9(NodeTestTask.java:144) ~[junit-platform-engine-1.11.4.jar:1.11.4]
	at org.junit.platform.engine.support.hierarchical.ThrowableCollector.execute(ThrowableCollector.java:73) ~[junit-platform-engine-1.11.4.jar:1.11.4]
	at org.junit.platform.engine.support.hierarchical.NodeTestTask.executeRecursively(NodeTestTask.java:143) ~[junit-platform-engine-1.11.4.jar:1.11.4]
	at org.junit.platform.engine.support.hierarchical.NodeTestTask.execute(NodeTestTask.java:100) ~[junit-platform-engine-1.11.4.jar:1.11.4]
	at org.junit.platform.engine.support.hierarchical.SameThreadHierarchicalTestExecutorService.submit(SameThreadHierarchicalTestExecutorService.java:35) ~[junit-platform-engine-1.11.4.jar:1.11.4]
	at org.junit.platform.engine.support.hierarchical.HierarchicalTestExecutor.execute(HierarchicalTestExecutor.java:57) ~[junit-platform-engine-1.11.4.jar:1.11.4]
	at org.junit.platform.engine.support.hierarchical.HierarchicalTestEngine.execute(HierarchicalTestEngine.java:54) ~[junit-platform-engine-1.11.4.jar:1.11.4]
	at org.junit.platform.launcher.core.EngineExecutionOrchestrator.execute(EngineExecutionOrchestrator.java:198) ~[junit-platform-launcher-1.11.4.jar:1.11.4]
	at org.junit.platform.launcher.core.EngineExecutionOrchestrator.execute(EngineExecutionOrchestrator.java:169) ~[junit-platform-launcher-1.11.4.jar:1.11.4]
	at org.junit.platform.launcher.core.EngineExecutionOrchestrator.execute(EngineExecutionOrchestrator.java:93) ~[junit-platform-launcher-1.11.4.jar:1.11.4]
	at org.junit.platform.launcher.core.EngineExecutionOrchestrator.lambda$execute$0(EngineExecutionOrchestrator.java:58) ~[junit-platform-launcher-1.11.4.jar:1.11.4]
	at org.junit.platform.launcher.core.EngineExecutionOrchestrator.withInterceptedStreams(EngineExecutionOrchestrator.java:141) ~[junit-platform-launcher-1.11.4.jar:1.11.4]
	at org.junit.platform.launcher.core.EngineExecutionOrchestrator.execute(EngineExecutionOrchestrator.java:57) ~[junit-platform-launcher-1.11.4.jar:1.11.4]
	at org.junit.platform.launcher.core.DefaultLauncher.execute(DefaultLauncher.java:103) ~[junit-platform-launcher-1.11.4.jar:1.11.4]
	at org.junit.platform.launcher.core.DefaultLauncher.execute(DefaultLauncher.java:85) ~[junit-platform-launcher-1.11.4.jar:1.11.4]
	at org.junit.platform.launcher.core.DelegatingLauncher.execute(DelegatingLauncher.java:47) ~[junit-platform-launcher-1.11.4.jar:1.11.4]
	at org.apache.maven.surefire.junitplatform.LazyLauncher.execute(LazyLauncher.java:56) ~[surefire-junit-platform-3.5.2.jar:3.5.2]
	at org.apache.maven.surefire.junitplatform.JUnitPlatformProvider.execute(JUnitPlatformProvider.java:184) ~[surefire-junit-platform-3.5.2.jar:3.5.2]
	at org.apache.maven.surefire.junitplatform.JUnitPlatformProvider.invokeAllTests(JUnitPlatformProvider.java:148) ~[surefire-junit-platform-3.5.2.jar:3.5.2]
	at org.apache.maven.surefire.junitplatform.JUnitPlatformProvider.invoke(JUnitPlatformProvider.java:122) ~[surefire-junit-platform-3.5.2.jar:3.5.2]
	at org.apache.maven.surefire.booter.ForkedBooter.runSuitesInProcess(ForkedBooter.java:385) ~[surefire-booter-3.5.2.jar:3.5.2]
	at org.apache.maven.surefire.booter.ForkedBooter.execute(ForkedBooter.java:162) ~[surefire-booter-3.5.2.jar:3.5.2]
	at org.apache.maven.surefire.booter.ForkedBooter.run(ForkedBooter.java:507) ~[surefire-booter-3.5.2.jar:3.5.2]
	at org.apache.maven.surefire.booter.ForkedBooter.main(ForkedBooter.java:495) ~[surefire-booter-3.5.2.jar:3.5.2]

2025-02-13T11:58:35.776Z DEBUG 4604 --- [aniviewAuthUsers] [           main] s.w.s.m.m.a.RequestMappingHandlerMapping : 5 mappings in 'requestMappingHandlerMapping'
2025-02-13T11:58:36.066Z DEBUG 4604 --- [aniviewAuthUsers] [           main] o.s.w.s.handler.SimpleUrlHandlerMapping  : Patterns [/webjars/**, /**] in 'resourceHandlerMapping'
2025-02-13T11:58:36.074Z  INFO 4604 --- [aniviewAuthUsers] [           main] c.a.a.AniviewAuthUsersApplicationTests   : Started AniviewAuthUsersApplicationTests in 7.891 seconds (process running for 9.174)
]]></system-out>
    <system-err><![CDATA[Mockito is currently self-attaching to enable the inline-mock-maker. This will no longer work in future releases of the JDK. Please add Mockito as an agent to your build what is described in Mockito's documentation: https://javadoc.io/doc/org.mockito/mockito-core/latest/org/mockito/Mockito.html#0.3
WARNING: A Java agent has been loaded dynamically (C:\Users\Saiko\.m2\repository\net\bytebuddy\byte-buddy-agent\1.15.11\byte-buddy-agent-1.15.11.jar)
WARNING: If a serviceability tool is in use, please run with -XX:+EnableDynamicAgentLoading to hide this warning
WARNING: If a serviceability tool is not in use, please run with -Djdk.instrument.traceUsage for more information
WARNING: Dynamic loading of agents will be disallowed by default in a future release
]]></system-err>
  </testcase>
</testsuite>